2025-08-03 10:40:08,687 INFO: 
                ____                _       _____  ____
               / __ ) ____ _ _____ (_)_____/ ___/ / __ \
              / __  |/ __ `// ___// // ___/\__ \ / /_/ /
             / /_/ // /_/ /(__  )/ // /__ ___/ // _, _/
            /_____/ \__,_//____//_/ \___//____//_/ |_|
     ______                   __   __                 __      __
    / ____/____   ____   ____/ /  / /   __  __ _____ / /__   / /
   / / __ / __ \ / __ \ / __  /  / /   / / / // ___// //_/  / /
  / /_/ // /_/ // /_/ // /_/ /  / /___/ /_/ // /__ / /<    /_/
  \____/ \____/ \____/ \____/  /_____/\____/ \___//_/|_|  (_)
    
Version Information: 
	BasicSR: 1.2.0+863ca48
	PyTorch: 2.3.1+cu118
	TorchVision: 0.18.1+cu118
2025-08-03 10:40:08,687 INFO: 
  name: MambaIR_Lowlight_Enhance
  model_type: MambaIRv2Model
  scale: 1
  num_gpu: 4
  manual_seed: 100
  datasets:[
    train:[
      name: TrainSet
      type: Dataset_PairedImage
      dataroot_gt: /data/lgl/datasets/LowLight/LOL-v1/our485/high
      dataroot_lq: /data/lgl/datasets/LowLight/LOL-v1/our485/low
      geometric_augs: True
      filename_tmpl: {}
      io_backend:[
        type: disk
      ]
      use_shuffle: True
      num_worker_per_gpu: 0
      batch_size_per_gpu: 1
      mini_batch_sizes: [8]
      iters: [300000]
      gt_size: 128
      gt_sizes: [128]
      dataset_enlarge_ratio: 100
      prefetch_mode: None
      phase: train
      scale: 1
    ]
    val:[
      name: ValSet
      type: Dataset_PairedImage
      dataroot_gt: /data/lgl/datasets/LowLight/LOL-v1/eval15/high
      dataroot_lq: /data/lgl/datasets/LowLight/LOL-v1/eval15/high
      io_backend:[
        type: disk
      ]
      phase: val
      scale: 1
    ]
  ]
  network_g:[
    type: MambaIRv2
    upscale: 1
    in_chans: 3
    img_size: 128
    img_range: 1.0
    embed_dim: 174
    d_state: 16
    depths: [6, 6, 6, 6, 6, 6]
    num_heads: [6, 6, 6, 6, 6, 6]
    window_size: 16
    inner_rank: 64
    num_tokens: 128
    convffn_kernel_size: 5
    mlp_ratio: 2.0
  ]
  path:[
    pretrain_network_g: None
    strict_load_g: True
    resume_state: None
    experiments_root: /data/lgl/codes/MambaIR/experiments/MambaIR_Lowlight_Enhance
    models: /data/lgl/codes/MambaIR/experiments/MambaIR_Lowlight_Enhance/models
    training_states: /data/lgl/codes/MambaIR/experiments/MambaIR_Lowlight_Enhance/training_states
    log: /data/lgl/codes/MambaIR/experiments/MambaIR_Lowlight_Enhance
    visualization: /data/lgl/codes/MambaIR/experiments/MambaIR_Lowlight_Enhance/visualization
  ]
  train:[
    total_iter: 300000
    warmup_iter: -1
    use_grad_clip: True
    scheduler:[
      type: MultiStepLR
      milestones: [125000, 200000, 225000, 237500]
      gamma: 0.5
    ]
    optim_g:[
      type: Adam
      lr: 0.0003
      weight_decay: 0.0001
      betas: [0.9, 0.999]
    ]
    pixel_opt:[
      type: L1Loss
      loss_weight: 1
      reduction: mean
    ]
  ]
  val:[
    window_size: 8
    val_freq: 4000.0
    save_img: False
    rgb2bgr: True
    use_image: False
    max_minibatch: 8
    metrics:[
      psnr:[
        type: calculate_psnr
        crop_border: 0
        test_y_channel: False
      ]
    ]
  ]
  logger:[
    print_freq: 1000
    save_checkpoint_freq: 4000.0
    use_tb_logger: True
    wandb:[
      project: None
      resume_id: None
    ]
  ]
  dist_params:[
    backend: nccl
    port: 29500
  ]
  dist: True
  rank: 0
  world_size: 4
  auto_resume: False
  is_train: True
  root_path: /data/lgl/codes/MambaIR

