2025-07-24 09:59:54,761 INFO: 
                ____                _       _____  ____
               / __ ) ____ _ _____ (_)_____/ ___/ / __ \
              / __  |/ __ `// ___// // ___/\__ \ / /_/ /
             / /_/ // /_/ /(__  )/ // /__ ___/ // _, _/
            /_____/ \__,_//____//_/ \___//____//_/ |_|
     ______                   __   __                 __      __
    / ____/____   ____   ____/ /  / /   __  __ _____ / /__   / /
   / / __ / __ \ / __ \ / __  /  / /   / / / // ___// //_/  / /
  / /_/ // /_/ // /_/ // /_/ /  / /___/ /_/ // /__ / /<    /_/
  \____/ \____/ \____/ \____/  /_____/\____/ \___//_/|_|  (_)
    
Version Information: 
	BasicSR: 1.3.5
	PyTorch: 2.3.1+cu118
	TorchVision: 0.18.1+cu118
2025-07-24 09:59:54,762 INFO: 
  name: MambaIRv2_ColorDN_level15
  model_type: MambaIRv2Model
  scale: 1
  num_gpu: 8
  manual_seed: 10
  datasets:[
    train:[
      task: denoising_color
      noise: 15
      name: DFWB_RGB
      type: PairedImageDataset
      dataroot_gt: /home/gh/dataset/DFWB_RGB/HQ
      dataroot_lq: /home/gh/dataset/DFWB_RGB/HQ
      filename_tmpl: {}
      io_backend:[
        type: disk
      ]
      gt_size: 128
      use_hflip: True
      use_rot: True
      use_shuffle: True
      num_worker_per_gpu: 32
      batch_size_per_gpu: 2
      dataset_enlarge_ratio: 100
      prefetch_mode: None
      phase: train
      scale: 1
    ]
    val:[
      task: denoising_color
      noise: 15
      name: CBSD68
      type: PairedImageDataset
      dataroot_gt: /home/gh/dataset/ColorDN/CBSD68HQ
      dataroot_lq: /home/gh/dataset/ColorDN/CBSD68HQ
      filename_tmpl: {}
      io_backend:[
        type: disk
      ]
      phase: val
      scale: 1
    ]
  ]
  network_g:[
    type: MambaIRv2
    upscale: 1
    in_chans: 3
    img_size: 128
    img_range: 1.0
    embed_dim: 174
    d_state: 16
    depths: [6, 6, 6, 6, 6, 6]
    num_heads: [6, 6, 6, 6, 6, 6]
    window_size: 16
    inner_rank: 64
    num_tokens: 128
    convffn_kernel_size: 5
    mlp_ratio: 2.0
  ]
  path:[
    pretrain_network_g: None
    strict_load_g: True
    resume_state: None
    experiments_root: /data/lgl/codes/MambaIR/experiments/MambaIRv2_ColorDN_level15
    models: /data/lgl/codes/MambaIR/experiments/MambaIRv2_ColorDN_level15/models
    training_states: /data/lgl/codes/MambaIR/experiments/MambaIRv2_ColorDN_level15/training_states
    log: /data/lgl/codes/MambaIR/experiments/MambaIRv2_ColorDN_level15
    visualization: /data/lgl/codes/MambaIR/experiments/MambaIRv2_ColorDN_level15/visualization
  ]
  train:[
    optim_g:[
      type: Adam
      lr: 0.0002
      weight_decay: 0
      betas: [0.9, 0.99]
    ]
    scheduler:[
      type: MultiStepLR
      milestones: [800000, 1200000, 1400000, 1500000]
      gamma: 0.5
    ]
    total_iter: 1600000
    warmup_iter: -1
    pixel_opt:[
      type: CharbonnierLoss
      loss_weight: 1.0
      reduction: mean
      eps: 0.001
    ]
  ]
  val:[
    val_freq: 5000.0
    save_img: False
    metrics:[
      psnr:[
        type: calculate_psnr
        crop_border: 0
        test_y_channel: False
      ]
    ]
  ]
  logger:[
    print_freq: 200
    save_checkpoint_freq: 5000.0
    use_tb_logger: True
    wandb:[
      project: None
      resume_id: None
    ]
  ]
  dist_params:[
    backend: nccl
    port: 29500
  ]
  dist: True
  rank: 0
  world_size: 8
  auto_resume: False
  is_train: True
  root_path: /data/lgl/codes/MambaIR

