2025-08-03 20:08:45,148 INFO: 
                ____                _       _____  ____
               / __ ) ____ _ _____ (_)_____/ ___/ / __ \
              / __  |/ __ `// ___// // ___/\__ \ / /_/ /
             / /_/ // /_/ /(__  )/ // /__ ___/ // _, _/
            /_____/ \__,_//____//_/ \___//____//_/ |_|
     ______                   __   __                 __      __
    / ____/____   ____   ____/ /  / /   __  __ _____ / /__   / /
   / / __ / __ \ / __ \ / __  /  / /   / / / // ___// //_/  / /
  / /_/ // /_/ // /_/ // /_/ /  / /___/ /_/ // /__ / /<    /_/
  \____/ \____/ \____/ \____/  /_____/\____/ \___//_/|_|  (_)
    
Version Information: 
	BasicSR: 1.2.0+863ca48
	PyTorch: 2.3.1+cu118
	TorchVision: 0.18.1+cu118
2025-08-03 20:08:45,149 INFO: 
  name: MambaIR_MambaIRv2UNet_LOLv1
  model_type: ImageCleanModel
  scale: 1
  num_gpu: 8
  manual_seed: 100
  datasets:[
    train:[
      name: TrainSet
      type: Dataset_PairedImage
      dataroot_gt: /data/lgl/datasets/LowLight/LOL-v1/our485/high
      dataroot_lq: /data/lgl/datasets/LowLight/LOL-v1/our485/low
      geometric_augs: True
      filename_tmpl: {}
      io_backend:[
        type: disk
      ]
      use_shuffle: True
      num_worker_per_gpu: 0
      batch_size_per_gpu: 1
      mini_batch_sizes: [8, 5, 4, 2, 1, 1]
      iters: [92000, 64000, 48000, 36000, 36000, 24000]
      gt_size: 384
      gt_sizes: [128, 160, 192, 256, 320, 320]
      dataset_enlarge_ratio: 100
      prefetch_mode: None
      phase: train
      scale: 1
    ]
    val:[
      name: ValSet
      type: Dataset_PairedImage
      dataroot_gt: /data/lgl/datasets/LowLight/LOL-v1/eval15/high
      dataroot_lq: /data/lgl/datasets/LowLight/LOL-v1/eval15/low
      io_backend:[
        type: disk
      ]
      phase: val
      scale: 1
    ]
  ]
  network_g:[
    type: MambaIRv2UNet
    inp_channels: 3
    out_channels: 3
    dim: 48
    num_blocks: [4, 6, 6, 8]
    num_refinement_blocks: 4
    mlp_ratio: 1.5
    bias: False
    dual_pixel_task: False
  ]
  path:[
    pretrain_network_g: None
    strict_load_g: True
    resume_state: None
    root: /data/lgl/codes/MambaIR/realDenoising
    experiments_root: /data/lgl/codes/MambaIR/realDenoising/experiments/MambaIR_MambaIRv2UNet_LOLv1
    models: /data/lgl/codes/MambaIR/realDenoising/experiments/MambaIR_MambaIRv2UNet_LOLv1/models
    training_states: /data/lgl/codes/MambaIR/realDenoising/experiments/MambaIR_MambaIRv2UNet_LOLv1/training_states
    log: /data/lgl/codes/MambaIR/realDenoising/experiments/MambaIR_MambaIRv2UNet_LOLv1
    visualization: /data/lgl/codes/MambaIR/realDenoising/experiments/MambaIR_MambaIRv2UNet_LOLv1/visualization
  ]
  train:[
    total_iter: 300000
    warmup_iter: -1
    use_grad_clip: True
    scheduler:[
      type: CosineAnnealingRestartCyclicLR
      periods: [92000, 208000]
      restart_weights: [1, 1]
      eta_mins: [0.0003, 1e-06]
    ]
    mixing_augs:[
      mixup: True
      mixup_beta: 1.2
      use_identity: True
    ]
    optim_g:[
      type: AdamW
      lr: 0.0003
      weight_decay: 0.0001
      betas: [0.9, 0.999]
    ]
    pixel_opt:[
      type: L1Loss
      loss_weight: 1
      reduction: mean
    ]
  ]
  val:[
    window_size: 8
    val_freq: 4000.0
    save_img: False
    rgb2bgr: True
    use_image: False
    max_minibatch: 8
    metrics:[
      psnr:[
        type: calculate_psnr
        crop_border: 0
        test_y_channel: False
      ]
    ]
  ]
  logger:[
    print_freq: 1000
    save_checkpoint_freq: 4000.0
    use_tb_logger: True
    wandb:[
      project: None
      resume_id: None
    ]
  ]
  dist_params:[
    backend: nccl
    port: 29500
  ]
  is_train: True
  dist: True
  rank: 0
  world_size: 4

2025-08-03 20:08:45,397 INFO: Dataset Dataset_PairedImage - TrainSet is created.
2025-08-03 20:08:45,397 INFO: Training statistics:
	Number of train images: 485
	Dataset enlarge ratio: 100
	Batch size per gpu: 1
	World size (gpu number): 4
	Require iter number per epoch: 12125
	Total epochs: 25; iters: 300000.
2025-08-03 20:08:45,398 INFO: Dataset Dataset_PairedImage - ValSet is created.
2025-08-03 20:08:45,398 INFO: Number of val images/folders in ValSet: 15
2025-08-03 20:08:46,312 INFO: Network: DistributedDataParallel - MambaIRv2UNet, with parameters: 25,208,408
2025-08-03 20:08:46,312 INFO: MambaIRv2UNet(
  (patch_embed): OverlapPatchEmbed(
    (proj): Conv2d(3, 48, kernel_size=(3, 3), stride=(1, 1), padding=(1, 1), bias=False)
  )
  (encoder_level1): ModuleList(
    (0-3): 4 x AttentiveVSSBlock(
      (ln_1): LayerNorm((48,), eps=1e-05, elementwise_affine=True)
      (self_attention): ASSM(
        (selectiveScan): Selective_Scan()
        (out_norm): LayerNorm((96,), eps=1e-05, elementwise_affine=True)
        (act): SiLU()
        (out_proj): Linear(in_features=96, out_features=48, bias=True)
        (in_proj): Sequential(
          (0): Conv2d(48, 96, kernel_size=(1, 1), stride=(1, 1))
        )
        (CPE): Sequential(
          (0): Conv2d(96, 96, kernel_size=(3, 3), stride=(1, 1), padding=(1, 1), groups=96)
        )
        (embeddingB): Embedding(64, 128)
        (route): Sequential(
          (0): Linear(in_features=48, out_features=16, bias=True)
          (1): GELU(approximate='none')
          (2): Linear(in_features=16, out_features=64, bias=True)
          (3): LogSoftmax(dim=-1)
        )
      )
      (drop_path): DropPath(drop_prob=0.000)
      (conv_blk): CAB(
        (cab): Sequential(
          (0): Conv2d(48, 16, kernel_size=(3, 3), stride=(1, 1), padding=(1, 1))
          (1): GELU(approximate='none')
          (2): Conv2d(16, 48, kernel_size=(3, 3), stride=(1, 1), padding=(1, 1))
          (3): ChannelAttention(
            (attention): Sequential(
              (0): AdaptiveAvgPool2d(output_size=1)
              (1): Conv2d(48, 1, kernel_size=(1, 1), stride=(1, 1))
              (2): ReLU(inplace=True)
              (3): Conv2d(1, 48, kernel_size=(1, 1), stride=(1, 1))
              (4): Sigmoid()
            )
          )
        )
      )
      (ln_2): LayerNorm((48,), eps=1e-05, elementwise_affine=True)
      (embeddingA): Embedding(128, 16)
    )
  )
  (down1_2): Downsample(
    (body): Sequential(
      (0): Conv2d(48, 24, kernel_size=(3, 3), stride=(1, 1), padding=(1, 1), bias=False)
      (1): PixelUnshuffle(downscale_factor=2)
    )
  )
  (encoder_level2): ModuleList(
    (0-5): 6 x AttentiveVSSBlock(
      (ln_1): LayerNorm((96,), eps=1e-05, elementwise_affine=True)
      (self_attention): ASSM(
        (selectiveScan): Selective_Scan()
        (out_norm): LayerNorm((192,), eps=1e-05, elementwise_affine=True)
        (act): SiLU()
        (out_proj): Linear(in_features=192, out_features=96, bias=True)
        (in_proj): Sequential(
          (0): Conv2d(96, 192, kernel_size=(1, 1), stride=(1, 1))
        )
        (CPE): Sequential(
          (0): Conv2d(192, 192, kernel_size=(3, 3), stride=(1, 1), padding=(1, 1), groups=192)
        )
        (embeddingB): Embedding(64, 128)
        (route): Sequential(
          (0): Linear(in_features=96, out_features=32, bias=True)
          (1): GELU(approximate='none')
          (2): Linear(in_features=32, out_features=64, bias=True)
          (3): LogSoftmax(dim=-1)
        )
      )
      (drop_path): DropPath(drop_prob=0.000)
      (conv_blk): CAB(
        (cab): Sequential(
          (0): Conv2d(96, 32, kernel_size=(3, 3), stride=(1, 1), padding=(1, 1))
          (1): GELU(approximate='none')
          (2): Conv2d(32, 96, kernel_size=(3, 3), stride=(1, 1), padding=(1, 1))
          (3): ChannelAttention(
            (attention): Sequential(
              (0): AdaptiveAvgPool2d(output_size=1)
              (1): Conv2d(96, 3, kernel_size=(1, 1), stride=(1, 1))
              (2): ReLU(inplace=True)
              (3): Conv2d(3, 96, kernel_size=(1, 1), stride=(1, 1))
              (4): Sigmoid()
            )
          )
        )
      )
      (ln_2): LayerNorm((96,), eps=1e-05, elementwise_affine=True)
      (embeddingA): Embedding(128, 16)
    )
  )
  (down2_3): Downsample(
    (body): Sequential(
      (0): Conv2d(96, 48, kernel_size=(3, 3), stride=(1, 1), padding=(1, 1), bias=False)
      (1): PixelUnshuffle(downscale_factor=2)
    )
  )
  (encoder_level3): ModuleList(
    (0-5): 6 x AttentiveVSSBlock(
      (ln_1): LayerNorm((192,), eps=1e-05, elementwise_affine=True)
      (self_attention): ASSM(
        (selectiveScan): Selective_Scan()
        (out_norm): LayerNorm((384,), eps=1e-05, elementwise_affine=True)
        (act): SiLU()
        (out_proj): Linear(in_features=384, out_features=192, bias=True)
        (in_proj): Sequential(
          (0): Conv2d(192, 384, kernel_size=(1, 1), stride=(1, 1))
        )
        (CPE): Sequential(
          (0): Conv2d(384, 384, kernel_size=(3, 3), stride=(1, 1), padding=(1, 1), groups=384)
        )
        (embeddingB): Embedding(64, 128)
        (route): Sequential(
          (0): Linear(in_features=192, out_features=64, bias=True)
          (1): GELU(approximate='none')
          (2): Linear(in_features=64, out_features=64, bias=True)
          (3): LogSoftmax(dim=-1)
        )
      )
      (drop_path): DropPath(drop_prob=0.000)
      (conv_blk): CAB(
        (cab): Sequential(
          (0): Conv2d(192, 64, kernel_size=(3, 3), stride=(1, 1), padding=(1, 1))
          (1): GELU(approximate='none')
          (2): Conv2d(64, 192, kernel_size=(3, 3), stride=(1, 1), padding=(1, 1))
          (3): ChannelAttention(
            (attention): Sequential(
              (0): AdaptiveAvgPool2d(output_size=1)
              (1): Conv2d(192, 6, kernel_size=(1, 1), stride=(1, 1))
              (2): ReLU(inplace=True)
              (3): Conv2d(6, 192, kernel_size=(1, 1), stride=(1, 1))
              (4): Sigmoid()
            )
          )
        )
      )
      (ln_2): LayerNorm((192,), eps=1e-05, elementwise_affine=True)
      (embeddingA): Embedding(128, 16)
    )
  )
  (down3_4): Downsample(
    (body): Sequential(
      (0): Conv2d(192, 96, kernel_size=(3, 3), stride=(1, 1), padding=(1, 1), bias=False)
      (1): PixelUnshuffle(downscale_factor=2)
    )
  )
  (latent): ModuleList(
    (0-7): 8 x AttentiveVSSBlock(
      (ln_1): LayerNorm((384,), eps=1e-05, elementwise_affine=True)
      (self_attention): ASSM(
        (selectiveScan): Selective_Scan()
        (out_norm): LayerNorm((768,), eps=1e-05, elementwise_affine=True)
        (act): SiLU()
        (out_proj): Linear(in_features=768, out_features=384, bias=True)
        (in_proj): Sequential(
          (0): Conv2d(384, 768, kernel_size=(1, 1), stride=(1, 1))
        )
        (CPE): Sequential(
          (0): Conv2d(768, 768, kernel_size=(3, 3), stride=(1, 1), padding=(1, 1), groups=768)
        )
        (embeddingB): Embedding(64, 128)
        (route): Sequential(
          (0): Linear(in_features=384, out_features=128, bias=True)
          (1): GELU(approximate='none')
          (2): Linear(in_features=128, out_features=64, bias=True)
          (3): LogSoftmax(dim=-1)
        )
      )
      (drop_path): DropPath(drop_prob=0.000)
      (conv_blk): CAB(
        (cab): Sequential(
          (0): Conv2d(384, 128, kernel_size=(3, 3), stride=(1, 1), padding=(1, 1))
          (1): GELU(approximate='none')
          (2): Conv2d(128, 384, kernel_size=(3, 3), stride=(1, 1), padding=(1, 1))
          (3): ChannelAttention(
            (attention): Sequential(
              (0): AdaptiveAvgPool2d(output_size=1)
              (1): Conv2d(384, 12, kernel_size=(1, 1), stride=(1, 1))
              (2): ReLU(inplace=True)
              (3): Conv2d(12, 384, kernel_size=(1, 1), stride=(1, 1))
              (4): Sigmoid()
            )
          )
        )
      )
      (ln_2): LayerNorm((384,), eps=1e-05, elementwise_affine=True)
      (embeddingA): Embedding(128, 16)
    )
  )
  (up4_3): Upsample(
    (body): Sequential(
      (0): Conv2d(384, 768, kernel_size=(3, 3), stride=(1, 1), padding=(1, 1), bias=False)
      (1): PixelShuffle(upscale_factor=2)
    )
  )
  (reduce_chan_level3): Conv2d(384, 192, kernel_size=(1, 1), stride=(1, 1), bias=False)
  (decoder_level3): ModuleList(
    (0-5): 6 x AttentiveVSSBlock(
      (ln_1): LayerNorm((192,), eps=1e-05, elementwise_affine=True)
      (self_attention): ASSM(
        (selectiveScan): Selective_Scan()
        (out_norm): LayerNorm((384,), eps=1e-05, elementwise_affine=True)
        (act): SiLU()
        (out_proj): Linear(in_features=384, out_features=192, bias=True)
        (in_proj): Sequential(
          (0): Conv2d(192, 384, kernel_size=(1, 1), stride=(1, 1))
        )
        (CPE): Sequential(
          (0): Conv2d(384, 384, kernel_size=(3, 3), stride=(1, 1), padding=(1, 1), groups=384)
        )
        (embeddingB): Embedding(64, 128)
        (route): Sequential(
          (0): Linear(in_features=192, out_features=64, bias=True)
          (1): GELU(approximate='none')
          (2): Linear(in_features=64, out_features=64, bias=True)
          (3): LogSoftmax(dim=-1)
        )
      )
      (drop_path): DropPath(drop_prob=0.000)
      (conv_blk): CAB(
        (cab): Sequential(
          (0): Conv2d(192, 64, kernel_size=(3, 3), stride=(1, 1), padding=(1, 1))
          (1): GELU(approximate='none')
          (2): Conv2d(64, 192, kernel_size=(3, 3), stride=(1, 1), padding=(1, 1))
          (3): ChannelAttention(
            (attention): Sequential(
              (0): AdaptiveAvgPool2d(output_size=1)
              (1): Conv2d(192, 6, kernel_size=(1, 1), stride=(1, 1))
              (2): ReLU(inplace=True)
              (3): Conv2d(6, 192, kernel_size=(1, 1), stride=(1, 1))
              (4): Sigmoid()
            )
          )
        )
      )
      (ln_2): LayerNorm((192,), eps=1e-05, elementwise_affine=True)
      (embeddingA): Embedding(128, 16)
    )
  )
  (up3_2): Upsample(
    (body): Sequential(
      (0): Conv2d(192, 384, kernel_size=(3, 3), stride=(1, 1), padding=(1, 1), bias=False)
      (1): PixelShuffle(upscale_factor=2)
    )
  )
  (reduce_chan_level2): Conv2d(192, 96, kernel_size=(1, 1), stride=(1, 1), bias=False)
  (decoder_level2): ModuleList(
    (0-5): 6 x AttentiveVSSBlock(
      (ln_1): LayerNorm((96,), eps=1e-05, elementwise_affine=True)
      (self_attention): ASSM(
        (selectiveScan): Selective_Scan()
        (out_norm): LayerNorm((192,), eps=1e-05, elementwise_affine=True)
        (act): SiLU()
        (out_proj): Linear(in_features=192, out_features=96, bias=True)
        (in_proj): Sequential(
          (0): Conv2d(96, 192, kernel_size=(1, 1), stride=(1, 1))
        )
        (CPE): Sequential(
          (0): Conv2d(192, 192, kernel_size=(3, 3), stride=(1, 1), padding=(1, 1), groups=192)
        )
        (embeddingB): Embedding(64, 128)
        (route): Sequential(
          (0): Linear(in_features=96, out_features=32, bias=True)
          (1): GELU(approximate='none')
          (2): Linear(in_features=32, out_features=64, bias=True)
          (3): LogSoftmax(dim=-1)
        )
      )
      (drop_path): DropPath(drop_prob=0.000)
      (conv_blk): CAB(
        (cab): Sequential(
          (0): Conv2d(96, 32, kernel_size=(3, 3), stride=(1, 1), padding=(1, 1))
          (1): GELU(approximate='none')
          (2): Conv2d(32, 96, kernel_size=(3, 3), stride=(1, 1), padding=(1, 1))
          (3): ChannelAttention(
            (attention): Sequential(
              (0): AdaptiveAvgPool2d(output_size=1)
              (1): Conv2d(96, 3, kernel_size=(1, 1), stride=(1, 1))
              (2): ReLU(inplace=True)
              (3): Conv2d(3, 96, kernel_size=(1, 1), stride=(1, 1))
              (4): Sigmoid()
            )
          )
        )
      )
      (ln_2): LayerNorm((96,), eps=1e-05, elementwise_affine=True)
      (embeddingA): Embedding(128, 16)
    )
  )
  (up2_1): Upsample(
    (body): Sequential(
      (0): Conv2d(96, 192, kernel_size=(3, 3), stride=(1, 1), padding=(1, 1), bias=False)
      (1): PixelShuffle(upscale_factor=2)
    )
  )
  (decoder_level1): ModuleList(
    (0-3): 4 x AttentiveVSSBlock(
      (ln_1): LayerNorm((96,), eps=1e-05, elementwise_affine=True)
      (self_attention): ASSM(
        (selectiveScan): Selective_Scan()
        (out_norm): LayerNorm((192,), eps=1e-05, elementwise_affine=True)
        (act): SiLU()
        (out_proj): Linear(in_features=192, out_features=96, bias=True)
        (in_proj): Sequential(
          (0): Conv2d(96, 192, kernel_size=(1, 1), stride=(1, 1))
        )
        (CPE): Sequential(
          (0): Conv2d(192, 192, kernel_size=(3, 3), stride=(1, 1), padding=(1, 1), groups=192)
        )
        (embeddingB): Embedding(64, 128)
        (route): Sequential(
          (0): Linear(in_features=96, out_features=32, bias=True)
          (1): GELU(approximate='none')
          (2): Linear(in_features=32, out_features=64, bias=True)
          (3): LogSoftmax(dim=-1)
        )
      )
      (drop_path): DropPath(drop_prob=0.000)
      (conv_blk): CAB(
        (cab): Sequential(
          (0): Conv2d(96, 32, kernel_size=(3, 3), stride=(1, 1), padding=(1, 1))
          (1): GELU(approximate='none')
          (2): Conv2d(32, 96, kernel_size=(3, 3), stride=(1, 1), padding=(1, 1))
          (3): ChannelAttention(
            (attention): Sequential(
              (0): AdaptiveAvgPool2d(output_size=1)
              (1): Conv2d(96, 3, kernel_size=(1, 1), stride=(1, 1))
              (2): ReLU(inplace=True)
              (3): Conv2d(3, 96, kernel_size=(1, 1), stride=(1, 1))
              (4): Sigmoid()
            )
          )
        )
      )
      (ln_2): LayerNorm((96,), eps=1e-05, elementwise_affine=True)
      (embeddingA): Embedding(128, 16)
    )
  )
  (refinement): ModuleList(
    (0-3): 4 x AttentiveVSSBlock(
      (ln_1): LayerNorm((96,), eps=1e-05, elementwise_affine=True)
      (self_attention): ASSM(
        (selectiveScan): Selective_Scan()
        (out_norm): LayerNorm((192,), eps=1e-05, elementwise_affine=True)
        (act): SiLU()
        (out_proj): Linear(in_features=192, out_features=96, bias=True)
        (in_proj): Sequential(
          (0): Conv2d(96, 192, kernel_size=(1, 1), stride=(1, 1))
        )
        (CPE): Sequential(
          (0): Conv2d(192, 192, kernel_size=(3, 3), stride=(1, 1), padding=(1, 1), groups=192)
        )
        (embeddingB): Embedding(64, 128)
        (route): Sequential(
          (0): Linear(in_features=96, out_features=32, bias=True)
          (1): GELU(approximate='none')
          (2): Linear(in_features=32, out_features=64, bias=True)
          (3): LogSoftmax(dim=-1)
        )
      )
      (drop_path): DropPath(drop_prob=0.000)
      (conv_blk): CAB(
        (cab): Sequential(
          (0): Conv2d(96, 32, kernel_size=(3, 3), stride=(1, 1), padding=(1, 1))
          (1): GELU(approximate='none')
          (2): Conv2d(32, 96, kernel_size=(3, 3), stride=(1, 1), padding=(1, 1))
          (3): ChannelAttention(
            (attention): Sequential(
              (0): AdaptiveAvgPool2d(output_size=1)
              (1): Conv2d(96, 3, kernel_size=(1, 1), stride=(1, 1))
              (2): ReLU(inplace=True)
              (3): Conv2d(3, 96, kernel_size=(1, 1), stride=(1, 1))
              (4): Sigmoid()
            )
          )
        )
      )
      (ln_2): LayerNorm((96,), eps=1e-05, elementwise_affine=True)
      (embeddingA): Embedding(128, 16)
    )
  )
  (output): Conv2d(96, 3, kernel_size=(3, 3), stride=(1, 1), padding=(1, 1), bias=False)
)
2025-08-03 20:08:46,322 INFO: Model [ImageCleanModel] is created.
2025-08-03 20:08:46,322 INFO: Start training from epoch: 0, iter: 0
2025-08-03 20:08:46,353 INFO: 
 Updating Patch_Size to 128 and Batch_Size to 32 

