2025-08-04 09:03:13,913 INFO: 
                ____                _       _____  ____
               / __ ) ____ _ _____ (_)_____/ ___/ / __ \
              / __  |/ __ `// ___// // ___/\__ \ / /_/ /
             / /_/ // /_/ /(__  )/ // /__ ___/ // _, _/
            /_____/ \__,_//____//_/ \___//____//_/ |_|
     ______                   __   __                 __      __
    / ____/____   ____   ____/ /  / /   __  __ _____ / /__   / /
   / / __ / __ \ / __ \ / __  /  / /   / / / // ___// //_/  / /
  / /_/ // /_/ // /_/ // /_/ /  / /___/ /_/ // /__ / /<    /_/
  \____/ \____/ \____/ \____/  /_____/\____/ \___//_/|_|  (_)
    
Version Information: 
	BasicSR: 1.2.0+863ca48
	PyTorch: 2.3.1+cu118
	TorchVision: 0.18.1+cu118
2025-08-04 09:03:13,913 INFO: 
  name: MambaIR_MambaIRv2UNet_LOLv1
  model_type: ImageCleanModel
  scale: 1
  num_gpu: 8
  manual_seed: 100
  datasets:[
    train:[
      name: TrainSet
      type: Dataset_PairedImage
      dataroot_gt: /data/lgl/datasets/LowLight/LOL-v1/our485/high
      dataroot_lq: /data/lgl/datasets/LowLight/LOL-v1/our485/low
      geometric_augs: True
      filename_tmpl: {}
      io_backend:[
        type: disk
      ]
      use_shuffle: True
      num_worker_per_gpu: 0
      batch_size_per_gpu: 1
      mini_batch_sizes: [8, 5, 4, 2, 1, 1]
      iters: [92000, 64000, 48000, 36000, 36000, 24000]
      gt_size: 384
      gt_sizes: [128, 160, 192, 256, 320, 320]
      dataset_enlarge_ratio: 100
      prefetch_mode: None
      phase: train
      scale: 1
    ]
    val:[
      name: ValSet
      type: Dataset_PairedImage
      dataroot_gt: /data/lgl/datasets/LowLight/LOL-v1/eval15/high
      dataroot_lq: /data/lgl/datasets/LowLight/LOL-v1/eval15/low
      io_backend:[
        type: disk
      ]
      phase: val
      scale: 1
    ]
  ]
  network_g:[
    type: MambaIRv2UNet
    inp_channels: 3
    out_channels: 3
    dim: 48
    num_blocks: [4, 6, 6, 8]
    num_refinement_blocks: 4
    mlp_ratio: 1.5
    bias: False
    dual_pixel_task: False
  ]
  path:[
    pretrain_network_g: None
    strict_load_g: True
    resume_state: None
    root: /data/lgl/codes/MambaIR/realDenoising
    experiments_root: /data/lgl/codes/MambaIR/realDenoising/experiments/MambaIR_MambaIRv2UNet_LOLv1
    models: /data/lgl/codes/MambaIR/realDenoising/experiments/MambaIR_MambaIRv2UNet_LOLv1/models
    training_states: /data/lgl/codes/MambaIR/realDenoising/experiments/MambaIR_MambaIRv2UNet_LOLv1/training_states
    log: /data/lgl/codes/MambaIR/realDenoising/experiments/MambaIR_MambaIRv2UNet_LOLv1
    visualization: /data/lgl/codes/MambaIR/realDenoising/experiments/MambaIR_MambaIRv2UNet_LOLv1/visualization
  ]
  train:[
    total_iter: 300000
    warmup_iter: -1
    use_grad_clip: True
    scheduler:[
      type: CosineAnnealingRestartCyclicLR
      periods: [92000, 208000]
      restart_weights: [1, 1]
      eta_mins: [0.0003, 1e-06]
    ]
    mixing_augs:[
      mixup: True
      mixup_beta: 1.2
      use_identity: True
    ]
    optim_g:[
      type: AdamW
      lr: 0.0003
      weight_decay: 0.0001
      betas: [0.9, 0.999]
    ]
    pixel_opt:[
      type: L1Loss
      loss_weight: 1
      reduction: mean
    ]
  ]
  val:[
    window_size: 8
    val_freq: 4000.0
    save_img: False
    rgb2bgr: True
    use_image: False
    max_minibatch: 8
    metrics:[
      psnr:[
        type: calculate_psnr
        crop_border: 0
        test_y_channel: False
      ]
    ]
  ]
  logger:[
    print_freq: 1000
    save_checkpoint_freq: 4000.0
    use_tb_logger: True
    wandb:[
      project: None
      resume_id: None
    ]
  ]
  dist_params:[
    backend: nccl
    port: 29500
  ]
  is_train: True
  dist: True
  rank: 0
  world_size: 4

2025-08-04 09:03:14,157 INFO: Dataset Dataset_PairedImage - TrainSet is created.
2025-08-04 09:03:14,158 INFO: Training statistics:
	Number of train images: 485
	Dataset enlarge ratio: 100
	Batch size per gpu: 1
	World size (gpu number): 4
	Require iter number per epoch: 12125
	Total epochs: 25; iters: 300000.
2025-08-04 09:03:14,158 INFO: Dataset Dataset_PairedImage - ValSet is created.
2025-08-04 09:03:14,158 INFO: Number of val images/folders in ValSet: 15
2025-08-04 09:03:15,072 INFO: Network: DistributedDataParallel - MambaIRv2UNet, with parameters: 25,208,408
2025-08-04 09:03:15,072 INFO: MambaIRv2UNet(
  (patch_embed): OverlapPatchEmbed(
    (proj): Conv2d(3, 48, kernel_size=(3, 3), stride=(1, 1), padding=(1, 1), bias=False)
  )
  (encoder_level1): ModuleList(
    (0-3): 4 x AttentiveVSSBlock(
      (ln_1): LayerNorm((48,), eps=1e-05, elementwise_affine=True)
      (self_attention): ASSM(
        (selectiveScan): Selective_Scan()
        (out_norm): LayerNorm((96,), eps=1e-05, elementwise_affine=True)
        (act): SiLU()
        (out_proj): Linear(in_features=96, out_features=48, bias=True)
        (in_proj): Sequential(
          (0): Conv2d(48, 96, kernel_size=(1, 1), stride=(1, 1))
        )
        (CPE): Sequential(
          (0): Conv2d(96, 96, kernel_size=(3, 3), stride=(1, 1), padding=(1, 1), groups=96)
        )
        (embeddingB): Embedding(64, 128)
        (route): Sequential(
          (0): Linear(in_features=48, out_features=16, bias=True)
          (1): GELU(approximate='none')
          (2): Linear(in_features=16, out_features=64, bias=True)
          (3): LogSoftmax(dim=-1)
        )
      )
      (drop_path): DropPath(drop_prob=0.000)
      (conv_blk): CAB(
        (cab): Sequential(
          (0): Conv2d(48, 16, kernel_size=(3, 3), stride=(1, 1), padding=(1, 1))
          (1): GELU(approximate='none')
          (2): Conv2d(16, 48, kernel_size=(3, 3), stride=(1, 1), padding=(1, 1))
          (3): ChannelAttention(
            (attention): Sequential(
              (0): AdaptiveAvgPool2d(output_size=1)
              (1): Conv2d(48, 1, kernel_size=(1, 1), stride=(1, 1))
              (2): ReLU(inplace=True)
              (3): Conv2d(1, 48, kernel_size=(1, 1), stride=(1, 1))
              (4): Sigmoid()
            )
          )
        )
      )
      (ln_2): LayerNorm((48,), eps=1e-05, elementwise_affine=True)
      (embeddingA): Embedding(128, 16)
    )
  )
  (down1_2): Downsample(
    (body): Sequential(
      (0): Conv2d(48, 24, kernel_size=(3, 3), stride=(1, 1), padding=(1, 1), bias=False)
      (1): PixelUnshuffle(downscale_factor=2)
    )
  )
  (encoder_level2): ModuleList(
    (0-5): 6 x AttentiveVSSBlock(
      (ln_1): LayerNorm((96,), eps=1e-05, elementwise_affine=True)
      (self_attention): ASSM(
        (selectiveScan): Selective_Scan()
        (out_norm): LayerNorm((192,), eps=1e-05, elementwise_affine=True)
        (act): SiLU()
        (out_proj): Linear(in_features=192, out_features=96, bias=True)
        (in_proj): Sequential(
          (0): Conv2d(96, 192, kernel_size=(1, 1), stride=(1, 1))
        )
        (CPE): Sequential(
          (0): Conv2d(192, 192, kernel_size=(3, 3), stride=(1, 1), padding=(1, 1), groups=192)
        )
        (embeddingB): Embedding(64, 128)
        (route): Sequential(
          (0): Linear(in_features=96, out_features=32, bias=True)
          (1): GELU(approximate='none')
          (2): Linear(in_features=32, out_features=64, bias=True)
          (3): LogSoftmax(dim=-1)
        )
      )
      (drop_path): DropPath(drop_prob=0.000)
      (conv_blk): CAB(
        (cab): Sequential(
          (0): Conv2d(96, 32, kernel_size=(3, 3), stride=(1, 1), padding=(1, 1))
          (1): GELU(approximate='none')
          (2): Conv2d(32, 96, kernel_size=(3, 3), stride=(1, 1), padding=(1, 1))
          (3): ChannelAttention(
            (attention): Sequential(
              (0): AdaptiveAvgPool2d(output_size=1)
              (1): Conv2d(96, 3, kernel_size=(1, 1), stride=(1, 1))
              (2): ReLU(inplace=True)
              (3): Conv2d(3, 96, kernel_size=(1, 1), stride=(1, 1))
              (4): Sigmoid()
            )
          )
        )
      )
      (ln_2): LayerNorm((96,), eps=1e-05, elementwise_affine=True)
      (embeddingA): Embedding(128, 16)
    )
  )
  (down2_3): Downsample(
    (body): Sequential(
      (0): Conv2d(96, 48, kernel_size=(3, 3), stride=(1, 1), padding=(1, 1), bias=False)
      (1): PixelUnshuffle(downscale_factor=2)
    )
  )
  (encoder_level3): ModuleList(
    (0-5): 6 x AttentiveVSSBlock(
      (ln_1): LayerNorm((192,), eps=1e-05, elementwise_affine=True)
      (self_attention): ASSM(
        (selectiveScan): Selective_Scan()
        (out_norm): LayerNorm((384,), eps=1e-05, elementwise_affine=True)
        (act): SiLU()
        (out_proj): Linear(in_features=384, out_features=192, bias=True)
        (in_proj): Sequential(
          (0): Conv2d(192, 384, kernel_size=(1, 1), stride=(1, 1))
        )
        (CPE): Sequential(
          (0): Conv2d(384, 384, kernel_size=(3, 3), stride=(1, 1), padding=(1, 1), groups=384)
        )
        (embeddingB): Embedding(64, 128)
        (route): Sequential(
          (0): Linear(in_features=192, out_features=64, bias=True)
          (1): GELU(approximate='none')
          (2): Linear(in_features=64, out_features=64, bias=True)
          (3): LogSoftmax(dim=-1)
        )
      )
      (drop_path): DropPath(drop_prob=0.000)
      (conv_blk): CAB(
        (cab): Sequential(
          (0): Conv2d(192, 64, kernel_size=(3, 3), stride=(1, 1), padding=(1, 1))
          (1): GELU(approximate='none')
          (2): Conv2d(64, 192, kernel_size=(3, 3), stride=(1, 1), padding=(1, 1))
          (3): ChannelAttention(
            (attention): Sequential(
              (0): AdaptiveAvgPool2d(output_size=1)
              (1): Conv2d(192, 6, kernel_size=(1, 1), stride=(1, 1))
              (2): ReLU(inplace=True)
              (3): Conv2d(6, 192, kernel_size=(1, 1), stride=(1, 1))
              (4): Sigmoid()
            )
          )
        )
      )
      (ln_2): LayerNorm((192,), eps=1e-05, elementwise_affine=True)
      (embeddingA): Embedding(128, 16)
    )
  )
  (down3_4): Downsample(
    (body): Sequential(
      (0): Conv2d(192, 96, kernel_size=(3, 3), stride=(1, 1), padding=(1, 1), bias=False)
      (1): PixelUnshuffle(downscale_factor=2)
    )
  )
  (latent): ModuleList(
    (0-7): 8 x AttentiveVSSBlock(
      (ln_1): LayerNorm((384,), eps=1e-05, elementwise_affine=True)
      (self_attention): ASSM(
        (selectiveScan): Selective_Scan()
        (out_norm): LayerNorm((768,), eps=1e-05, elementwise_affine=True)
        (act): SiLU()
        (out_proj): Linear(in_features=768, out_features=384, bias=True)
        (in_proj): Sequential(
          (0): Conv2d(384, 768, kernel_size=(1, 1), stride=(1, 1))
        )
        (CPE): Sequential(
          (0): Conv2d(768, 768, kernel_size=(3, 3), stride=(1, 1), padding=(1, 1), groups=768)
        )
        (embeddingB): Embedding(64, 128)
        (route): Sequential(
          (0): Linear(in_features=384, out_features=128, bias=True)
          (1): GELU(approximate='none')
          (2): Linear(in_features=128, out_features=64, bias=True)
          (3): LogSoftmax(dim=-1)
        )
      )
      (drop_path): DropPath(drop_prob=0.000)
      (conv_blk): CAB(
        (cab): Sequential(
          (0): Conv2d(384, 128, kernel_size=(3, 3), stride=(1, 1), padding=(1, 1))
          (1): GELU(approximate='none')
          (2): Conv2d(128, 384, kernel_size=(3, 3), stride=(1, 1), padding=(1, 1))
          (3): ChannelAttention(
            (attention): Sequential(
              (0): AdaptiveAvgPool2d(output_size=1)
              (1): Conv2d(384, 12, kernel_size=(1, 1), stride=(1, 1))
              (2): ReLU(inplace=True)
              (3): Conv2d(12, 384, kernel_size=(1, 1), stride=(1, 1))
              (4): Sigmoid()
            )
          )
        )
      )
      (ln_2): LayerNorm((384,), eps=1e-05, elementwise_affine=True)
      (embeddingA): Embedding(128, 16)
    )
  )
  (up4_3): Upsample(
    (body): Sequential(
      (0): Conv2d(384, 768, kernel_size=(3, 3), stride=(1, 1), padding=(1, 1), bias=False)
      (1): PixelShuffle(upscale_factor=2)
    )
  )
  (reduce_chan_level3): Conv2d(384, 192, kernel_size=(1, 1), stride=(1, 1), bias=False)
  (decoder_level3): ModuleList(
    (0-5): 6 x AttentiveVSSBlock(
      (ln_1): LayerNorm((192,), eps=1e-05, elementwise_affine=True)
      (self_attention): ASSM(
        (selectiveScan): Selective_Scan()
        (out_norm): LayerNorm((384,), eps=1e-05, elementwise_affine=True)
        (act): SiLU()
        (out_proj): Linear(in_features=384, out_features=192, bias=True)
        (in_proj): Sequential(
          (0): Conv2d(192, 384, kernel_size=(1, 1), stride=(1, 1))
        )
        (CPE): Sequential(
          (0): Conv2d(384, 384, kernel_size=(3, 3), stride=(1, 1), padding=(1, 1), groups=384)
        )
        (embeddingB): Embedding(64, 128)
        (route): Sequential(
          (0): Linear(in_features=192, out_features=64, bias=True)
          (1): GELU(approximate='none')
          (2): Linear(in_features=64, out_features=64, bias=True)
          (3): LogSoftmax(dim=-1)
        )
      )
      (drop_path): DropPath(drop_prob=0.000)
      (conv_blk): CAB(
        (cab): Sequential(
          (0): Conv2d(192, 64, kernel_size=(3, 3), stride=(1, 1), padding=(1, 1))
          (1): GELU(approximate='none')
          (2): Conv2d(64, 192, kernel_size=(3, 3), stride=(1, 1), padding=(1, 1))
          (3): ChannelAttention(
            (attention): Sequential(
              (0): AdaptiveAvgPool2d(output_size=1)
              (1): Conv2d(192, 6, kernel_size=(1, 1), stride=(1, 1))
              (2): ReLU(inplace=True)
              (3): Conv2d(6, 192, kernel_size=(1, 1), stride=(1, 1))
              (4): Sigmoid()
            )
          )
        )
      )
      (ln_2): LayerNorm((192,), eps=1e-05, elementwise_affine=True)
      (embeddingA): Embedding(128, 16)
    )
  )
  (up3_2): Upsample(
    (body): Sequential(
      (0): Conv2d(192, 384, kernel_size=(3, 3), stride=(1, 1), padding=(1, 1), bias=False)
      (1): PixelShuffle(upscale_factor=2)
    )
  )
  (reduce_chan_level2): Conv2d(192, 96, kernel_size=(1, 1), stride=(1, 1), bias=False)
  (decoder_level2): ModuleList(
    (0-5): 6 x AttentiveVSSBlock(
      (ln_1): LayerNorm((96,), eps=1e-05, elementwise_affine=True)
      (self_attention): ASSM(
        (selectiveScan): Selective_Scan()
        (out_norm): LayerNorm((192,), eps=1e-05, elementwise_affine=True)
        (act): SiLU()
        (out_proj): Linear(in_features=192, out_features=96, bias=True)
        (in_proj): Sequential(
          (0): Conv2d(96, 192, kernel_size=(1, 1), stride=(1, 1))
        )
        (CPE): Sequential(
          (0): Conv2d(192, 192, kernel_size=(3, 3), stride=(1, 1), padding=(1, 1), groups=192)
        )
        (embeddingB): Embedding(64, 128)
        (route): Sequential(
          (0): Linear(in_features=96, out_features=32, bias=True)
          (1): GELU(approximate='none')
          (2): Linear(in_features=32, out_features=64, bias=True)
          (3): LogSoftmax(dim=-1)
        )
      )
      (drop_path): DropPath(drop_prob=0.000)
      (conv_blk): CAB(
        (cab): Sequential(
          (0): Conv2d(96, 32, kernel_size=(3, 3), stride=(1, 1), padding=(1, 1))
          (1): GELU(approximate='none')
          (2): Conv2d(32, 96, kernel_size=(3, 3), stride=(1, 1), padding=(1, 1))
          (3): ChannelAttention(
            (attention): Sequential(
              (0): AdaptiveAvgPool2d(output_size=1)
              (1): Conv2d(96, 3, kernel_size=(1, 1), stride=(1, 1))
              (2): ReLU(inplace=True)
              (3): Conv2d(3, 96, kernel_size=(1, 1), stride=(1, 1))
              (4): Sigmoid()
            )
          )
        )
      )
      (ln_2): LayerNorm((96,), eps=1e-05, elementwise_affine=True)
      (embeddingA): Embedding(128, 16)
    )
  )
  (up2_1): Upsample(
    (body): Sequential(
      (0): Conv2d(96, 192, kernel_size=(3, 3), stride=(1, 1), padding=(1, 1), bias=False)
      (1): PixelShuffle(upscale_factor=2)
    )
  )
  (decoder_level1): ModuleList(
    (0-3): 4 x AttentiveVSSBlock(
      (ln_1): LayerNorm((96,), eps=1e-05, elementwise_affine=True)
      (self_attention): ASSM(
        (selectiveScan): Selective_Scan()
        (out_norm): LayerNorm((192,), eps=1e-05, elementwise_affine=True)
        (act): SiLU()
        (out_proj): Linear(in_features=192, out_features=96, bias=True)
        (in_proj): Sequential(
          (0): Conv2d(96, 192, kernel_size=(1, 1), stride=(1, 1))
        )
        (CPE): Sequential(
          (0): Conv2d(192, 192, kernel_size=(3, 3), stride=(1, 1), padding=(1, 1), groups=192)
        )
        (embeddingB): Embedding(64, 128)
        (route): Sequential(
          (0): Linear(in_features=96, out_features=32, bias=True)
          (1): GELU(approximate='none')
          (2): Linear(in_features=32, out_features=64, bias=True)
          (3): LogSoftmax(dim=-1)
        )
      )
      (drop_path): DropPath(drop_prob=0.000)
      (conv_blk): CAB(
        (cab): Sequential(
          (0): Conv2d(96, 32, kernel_size=(3, 3), stride=(1, 1), padding=(1, 1))
          (1): GELU(approximate='none')
          (2): Conv2d(32, 96, kernel_size=(3, 3), stride=(1, 1), padding=(1, 1))
          (3): ChannelAttention(
            (attention): Sequential(
              (0): AdaptiveAvgPool2d(output_size=1)
              (1): Conv2d(96, 3, kernel_size=(1, 1), stride=(1, 1))
              (2): ReLU(inplace=True)
              (3): Conv2d(3, 96, kernel_size=(1, 1), stride=(1, 1))
              (4): Sigmoid()
            )
          )
        )
      )
      (ln_2): LayerNorm((96,), eps=1e-05, elementwise_affine=True)
      (embeddingA): Embedding(128, 16)
    )
  )
  (refinement): ModuleList(
    (0-3): 4 x AttentiveVSSBlock(
      (ln_1): LayerNorm((96,), eps=1e-05, elementwise_affine=True)
      (self_attention): ASSM(
        (selectiveScan): Selective_Scan()
        (out_norm): LayerNorm((192,), eps=1e-05, elementwise_affine=True)
        (act): SiLU()
        (out_proj): Linear(in_features=192, out_features=96, bias=True)
        (in_proj): Sequential(
          (0): Conv2d(96, 192, kernel_size=(1, 1), stride=(1, 1))
        )
        (CPE): Sequential(
          (0): Conv2d(192, 192, kernel_size=(3, 3), stride=(1, 1), padding=(1, 1), groups=192)
        )
        (embeddingB): Embedding(64, 128)
        (route): Sequential(
          (0): Linear(in_features=96, out_features=32, bias=True)
          (1): GELU(approximate='none')
          (2): Linear(in_features=32, out_features=64, bias=True)
          (3): LogSoftmax(dim=-1)
        )
      )
      (drop_path): DropPath(drop_prob=0.000)
      (conv_blk): CAB(
        (cab): Sequential(
          (0): Conv2d(96, 32, kernel_size=(3, 3), stride=(1, 1), padding=(1, 1))
          (1): GELU(approximate='none')
          (2): Conv2d(32, 96, kernel_size=(3, 3), stride=(1, 1), padding=(1, 1))
          (3): ChannelAttention(
            (attention): Sequential(
              (0): AdaptiveAvgPool2d(output_size=1)
              (1): Conv2d(96, 3, kernel_size=(1, 1), stride=(1, 1))
              (2): ReLU(inplace=True)
              (3): Conv2d(3, 96, kernel_size=(1, 1), stride=(1, 1))
              (4): Sigmoid()
            )
          )
        )
      )
      (ln_2): LayerNorm((96,), eps=1e-05, elementwise_affine=True)
      (embeddingA): Embedding(128, 16)
    )
  )
  (output): Conv2d(96, 3, kernel_size=(3, 3), stride=(1, 1), padding=(1, 1), bias=False)
)
2025-08-04 09:03:15,082 INFO: Model [ImageCleanModel] is created.
2025-08-04 09:03:15,082 INFO: Start training from epoch: 0, iter: 0
2025-08-04 09:03:15,110 INFO: 
 Updating Patch_Size to 128 and Batch_Size to 32 

2025-08-04 09:08:47,721 INFO: [Mamba..][epoch:  0, iter:   1,000, lr:(3.000e-04,)] [eta: 1 day, 3:35:59, time (data): 0.328 (0.019)] l_pix: 8.3851e-02 
2025-08-04 09:14:24,027 INFO: [Mamba..][epoch:  0, iter:   2,000, lr:(3.000e-04,)] [eta: 1 day, 3:40:22, time (data): 0.356 (0.019)] l_pix: 1.2209e-01 
2025-08-04 09:20:22,526 INFO: [Mamba..][epoch:  0, iter:   3,000, lr:(3.000e-04,)] [eta: 1 day, 4:14:42, time (data): 0.355 (0.017)] l_pix: 1.1977e-01 
2025-08-04 09:26:20,924 INFO: [Mamba..][epoch:  0, iter:   4,000, lr:(3.000e-04,)] [eta: 1 day, 4:28:46, time (data): 0.358 (0.016)] l_pix: 1.9342e-01 
2025-08-04 09:26:20,924 INFO: Saving models and training states.
2025-08-04 09:26:32,583 INFO: Validation ValSet,		 # psnr: 13.3261
2025-08-04 09:32:32,781 INFO: [Mamba..][epoch:  0, iter:   5,000, lr:(3.000e-04,)] [eta: 1 day, 4:48:03, time (data): 0.356 (0.017)] l_pix: 6.3401e-02 
2025-08-04 09:38:32,827 INFO: [Mamba..][epoch:  0, iter:   6,000, lr:(3.000e-04,)] [eta: 1 day, 4:49:11, time (data): 0.362 (0.019)] l_pix: 1.0108e-01 
2025-08-04 09:44:33,178 INFO: [Mamba..][epoch:  0, iter:   7,000, lr:(3.000e-04,)] [eta: 1 day, 4:48:30, time (data): 0.356 (0.017)] l_pix: 6.7342e-02 
2025-08-04 09:50:07,397 INFO: [Mamba..][epoch:  0, iter:   8,000, lr:(3.000e-04,)] [eta: 1 day, 4:30:36, time (data): 0.326 (0.020)] l_pix: 1.5858e-01 
2025-08-04 09:50:07,398 INFO: Saving models and training states.
2025-08-04 09:50:18,280 INFO: Validation ValSet,		 # psnr: 13.5774
2025-08-04 09:55:48,080 INFO: [Mamba..][epoch:  0, iter:   9,000, lr:(3.000e-04,)] [eta: 1 day, 4:18:55, time (data): 0.328 (0.017)] l_pix: 1.6088e-01 
2025-08-04 10:01:16,952 INFO: [Mamba..][epoch:  0, iter:  10,000, lr:(3.000e-04,)] [eta: 1 day, 4:02:43, time (data): 0.326 (0.020)] l_pix: 1.1950e-01 
2025-08-04 10:06:45,529 INFO: [Mamba..][epoch:  0, iter:  11,000, lr:(3.000e-04,)] [eta: 1 day, 3:48:21, time (data): 0.322 (0.016)] l_pix: 5.7434e-02 
2025-08-04 10:12:14,116 INFO: [Mamba..][epoch:  0, iter:  12,000, lr:(3.000e-04,)] [eta: 1 day, 3:35:28, time (data): 0.327 (0.019)] l_pix: 4.9044e-02 
2025-08-04 10:12:14,117 INFO: Saving models and training states.
2025-08-04 10:12:24,851 INFO: Validation ValSet,		 # psnr: 14.2246
2025-08-04 10:18:41,198 INFO: [Mamba..][epoch:  1, iter:  13,000, lr:(3.000e-04,)] [eta: 1 day, 3:45:14, time (data): 0.374 (0.021)] l_pix: 7.7096e-02 
2025-08-04 10:24:58,274 INFO: [Mamba..][epoch:  1, iter:  14,000, lr:(3.000e-04,)] [eta: 1 day, 3:49:17, time (data): 0.374 (0.015)] l_pix: 1.2571e-01 
2025-08-04 10:31:09,893 INFO: [Mamba..][epoch:  1, iter:  15,000, lr:(3.000e-04,)] [eta: 1 day, 3:50:14, time (data): 0.360 (0.017)] l_pix: 1.0225e-01 
2025-08-04 10:37:10,027 INFO: [Mamba..][epoch:  1, iter:  16,000, lr:(3.000e-04,)] [eta: 1 day, 3:46:53, time (data): 0.357 (0.019)] l_pix: 5.3955e-02 
2025-08-04 10:37:10,027 INFO: Saving models and training states.
2025-08-04 10:37:20,900 INFO: Validation ValSet,		 # psnr: 14.3780
2025-08-04 10:42:58,939 INFO: [Mamba..][epoch:  1, iter:  17,000, lr:(3.000e-04,)] [eta: 1 day, 3:40:07, time (data): 0.331 (0.017)] l_pix: 7.9703e-02 
2025-08-04 10:48:27,861 INFO: [Mamba..][epoch:  1, iter:  18,000, lr:(3.000e-04,)] [eta: 1 day, 3:28:14, time (data): 0.325 (0.019)] l_pix: 1.5759e-01 
2025-08-04 10:53:57,285 INFO: [Mamba..][epoch:  1, iter:  19,000, lr:(3.000e-04,)] [eta: 1 day, 3:17:09, time (data): 0.327 (0.019)] l_pix: 1.0055e-01 
2025-08-04 10:59:26,968 INFO: [Mamba..][epoch:  1, iter:  20,000, lr:(3.000e-04,)] [eta: 1 day, 3:06:41, time (data): 0.330 (0.017)] l_pix: 7.1273e-02 
2025-08-04 10:59:26,969 INFO: Saving models and training states.
2025-08-04 10:59:37,853 INFO: Validation ValSet,		 # psnr: 14.2422
2025-08-04 11:05:21,325 INFO: [Mamba..][epoch:  1, iter:  21,000, lr:(3.000e-04,)] [eta: 1 day, 3:02:09, time (data): 0.322 (0.016)] l_pix: 8.8102e-02 
2025-08-04 11:10:52,363 INFO: [Mamba..][epoch:  1, iter:  22,000, lr:(3.000e-04,)] [eta: 1 day, 2:52:35, time (data): 0.325 (0.017)] l_pix: 7.7013e-02 
2025-08-04 11:16:23,091 INFO: [Mamba..][epoch:  1, iter:  23,000, lr:(3.000e-04,)] [eta: 1 day, 2:43:18, time (data): 0.331 (0.020)] l_pix: 1.6427e-01 
2025-08-04 11:21:53,501 INFO: [Mamba..][epoch:  1, iter:  24,000, lr:(3.000e-04,)] [eta: 1 day, 2:34:17, time (data): 0.328 (0.020)] l_pix: 1.0439e-01 
2025-08-04 11:21:53,502 INFO: Saving models and training states.
2025-08-04 11:22:04,367 INFO: Validation ValSet,		 # psnr: 14.3235
2025-08-04 11:27:33,423 INFO: [Mamba..][epoch:  2, iter:  25,000, lr:(3.000e-04,)] [eta: 1 day, 2:27:17, time (data): 0.325 (0.020)] l_pix: 1.6285e-01 
2025-08-04 11:33:03,467 INFO: [Mamba..][epoch:  2, iter:  26,000, lr:(3.000e-04,)] [eta: 1 day, 2:18:39, time (data): 0.327 (0.016)] l_pix: 1.0442e-01 
2025-08-04 11:38:32,628 INFO: [Mamba..][epoch:  2, iter:  27,000, lr:(3.000e-04,)] [eta: 1 day, 2:10:06, time (data): 0.329 (0.019)] l_pix: 1.0282e-01 
2025-08-04 11:44:07,754 INFO: [Mamba..][epoch:  2, iter:  28,000, lr:(3.000e-04,)] [eta: 1 day, 2:02:45, time (data): 0.374 (0.016)] l_pix: 1.7310e-01 
2025-08-04 11:44:07,754 INFO: Saving models and training states.
2025-08-04 11:44:18,493 INFO: Validation ValSet,		 # psnr: 13.7788
2025-08-04 11:50:37,190 INFO: [Mamba..][epoch:  2, iter:  29,000, lr:(3.000e-04,)] [eta: 1 day, 2:03:58, time (data): 0.377 (0.019)] l_pix: 7.1139e-02 
2025-08-04 11:56:21,152 INFO: [Mamba..][epoch:  2, iter:  30,000, lr:(3.000e-04,)] [eta: 1 day, 1:57:51, time (data): 0.328 (0.018)] l_pix: 1.1916e-01 
2025-08-04 12:02:12,052 INFO: [Mamba..][epoch:  2, iter:  31,000, lr:(3.000e-04,)] [eta: 1 day, 1:52:45, time (data): 0.373 (0.018)] l_pix: 6.3594e-02 
2025-08-04 12:08:26,992 INFO: [Mamba..][epoch:  2, iter:  32,000, lr:(3.000e-04,)] [eta: 1 day, 1:50:58, time (data): 0.371 (0.020)] l_pix: 9.0858e-02 
2025-08-04 12:08:26,993 INFO: Saving models and training states.
2025-08-04 12:08:37,730 INFO: Validation ValSet,		 # psnr: 13.9309
2025-08-04 12:14:12,648 INFO: [Mamba..][epoch:  2, iter:  33,000, lr:(3.000e-04,)] [eta: 1 day, 1:44:58, time (data): 0.328 (0.019)] l_pix: 7.5105e-02 
2025-08-04 12:20:03,682 INFO: [Mamba..][epoch:  2, iter:  34,000, lr:(3.000e-04,)] [eta: 1 day, 1:39:41, time (data): 0.356 (0.019)] l_pix: 7.7255e-02 
2025-08-04 12:25:57,239 INFO: [Mamba..][epoch:  2, iter:  35,000, lr:(3.000e-04,)] [eta: 1 day, 1:34:41, time (data): 0.350 (0.019)] l_pix: 6.1619e-02 
2025-08-04 12:31:39,856 INFO: [Mamba..][epoch:  2, iter:  36,000, lr:(3.000e-04,)] [eta: 1 day, 1:28:18, time (data): 0.336 (0.020)] l_pix: 5.8772e-02 
2025-08-04 12:31:39,856 INFO: Saving models and training states.
2025-08-04 12:31:50,719 INFO: Validation ValSet,		 # psnr: 14.1975
2025-08-04 12:37:21,456 INFO: [Mamba..][epoch:  3, iter:  37,000, lr:(3.000e-04,)] [eta: 1 day, 1:21:50, time (data): 0.327 (0.019)] l_pix: 7.5976e-02 
2025-08-04 12:42:58,925 INFO: [Mamba..][epoch:  3, iter:  38,000, lr:(3.000e-04,)] [eta: 1 day, 1:14:56, time (data): 0.359 (0.015)] l_pix: 7.0065e-02 
2025-08-04 12:48:52,318 INFO: [Mamba..][epoch:  3, iter:  39,000, lr:(3.000e-04,)] [eta: 1 day, 1:09:52, time (data): 0.350 (0.018)] l_pix: 4.8834e-02 
2025-08-04 12:54:45,219 INFO: [Mamba..][epoch:  3, iter:  40,000, lr:(3.000e-04,)] [eta: 1 day, 1:04:43, time (data): 0.351 (0.020)] l_pix: 5.7209e-02 
2025-08-04 12:54:45,220 INFO: Saving models and training states.
2025-08-04 12:54:55,967 INFO: Validation ValSet,		 # psnr: 14.0255
2025-08-04 13:00:53,290 INFO: [Mamba..][epoch:  3, iter:  41,000, lr:(3.000e-04,)] [eta: 1 day, 1:01:07, time (data): 0.366 (0.020)] l_pix: 8.5478e-02 
2025-08-04 13:07:03,063 INFO: [Mamba..][epoch:  3, iter:  42,000, lr:(3.000e-04,)] [eta: 1 day, 0:57:35, time (data): 0.362 (0.018)] l_pix: 6.1874e-02 
2025-08-04 13:13:01,869 INFO: [Mamba..][epoch:  3, iter:  43,000, lr:(3.000e-04,)] [eta: 1 day, 0:52:49, time (data): 0.356 (0.019)] l_pix: 7.2143e-02 
2025-08-04 13:19:00,588 INFO: [Mamba..][epoch:  3, iter:  44,000, lr:(3.000e-04,)] [eta: 1 day, 0:48:00, time (data): 0.354 (0.016)] l_pix: 7.6785e-02 
2025-08-04 13:19:00,589 INFO: Saving models and training states.
2025-08-04 13:19:11,470 INFO: Validation ValSet,		 # psnr: 14.0555
2025-08-04 13:24:48,390 INFO: [Mamba..][epoch:  3, iter:  45,000, lr:(3.000e-04,)] [eta: 1 day, 0:42:06, time (data): 0.325 (0.017)] l_pix: 7.9737e-02 
2025-08-04 13:30:16,843 INFO: [Mamba..][epoch:  3, iter:  46,000, lr:(3.000e-04,)] [eta: 1 day, 0:34:25, time (data): 0.327 (0.020)] l_pix: 5.8270e-02 
2025-08-04 13:35:48,031 INFO: [Mamba..][epoch:  3, iter:  47,000, lr:(3.000e-04,)] [eta: 1 day, 0:27:05, time (data): 0.325 (0.015)] l_pix: 5.9211e-02 
2025-08-04 13:41:29,890 INFO: [Mamba..][epoch:  3, iter:  48,000, lr:(3.000e-04,)] [eta: 1 day, 0:20:45, time (data): 0.350 (0.019)] l_pix: 8.3307e-02 
2025-08-04 13:41:29,891 INFO: Saving models and training states.
2025-08-04 13:41:40,633 INFO: Validation ValSet,		 # psnr: 13.8633
2025-08-04 13:47:13,381 INFO: [Mamba..][epoch:  4, iter:  49,000, lr:(3.000e-04,)] [eta: 1 day, 0:14:35, time (data): 0.327 (0.018)] l_pix: 1.0034e-01 
2025-08-04 13:52:42,278 INFO: [Mamba..][epoch:  4, iter:  50,000, lr:(3.000e-04,)] [eta: 1 day, 0:07:13, time (data): 0.326 (0.019)] l_pix: 1.0574e-01 
2025-08-04 13:58:11,163 INFO: [Mamba..][epoch:  4, iter:  51,000, lr:(3.000e-04,)] [eta: 23:59:56, time (data): 0.322 (0.015)] l_pix: 6.8447e-02 
2025-08-04 14:03:39,934 INFO: [Mamba..][epoch:  4, iter:  52,000, lr:(3.000e-04,)] [eta: 23:52:42, time (data): 0.323 (0.015)] l_pix: 6.0723e-02 
2025-08-04 14:03:39,935 INFO: Saving models and training states.
2025-08-04 14:03:50,690 INFO: Validation ValSet,		 # psnr: 14.3084
2025-08-04 14:09:20,089 INFO: [Mamba..][epoch:  4, iter:  53,000, lr:(3.000e-04,)] [eta: 23:46:25, time (data): 0.325 (0.017)] l_pix: 5.1155e-02 
2025-08-04 14:14:49,690 INFO: [Mamba..][epoch:  4, iter:  54,000, lr:(3.000e-04,)] [eta: 23:39:22, time (data): 0.327 (0.018)] l_pix: 3.8577e-02 
2025-08-04 14:20:18,925 INFO: [Mamba..][epoch:  4, iter:  55,000, lr:(3.000e-04,)] [eta: 23:32:20, time (data): 0.325 (0.018)] l_pix: 7.9913e-02 
2025-08-04 14:26:04,722 INFO: [Mamba..][epoch:  4, iter:  56,000, lr:(3.000e-04,)] [eta: 23:26:34, time (data): 0.360 (0.020)] l_pix: 6.6810e-02 
2025-08-04 14:26:04,723 INFO: Saving models and training states.
2025-08-04 14:26:15,459 INFO: Validation ValSet,		 # psnr: 14.6983
2025-08-04 14:31:46,182 INFO: [Mamba..][epoch:  4, iter:  57,000, lr:(3.000e-04,)] [eta: 23:20:29, time (data): 0.473 (0.016)] l_pix: 9.9394e-02 
2025-08-04 14:37:26,807 INFO: [Mamba..][epoch:  4, iter:  58,000, lr:(3.000e-04,)] [eta: 23:14:22, time (data): 0.380 (0.018)] l_pix: 5.9299e-02 
2025-08-04 14:42:58,307 INFO: [Mamba..][epoch:  4, iter:  59,000, lr:(3.000e-04,)] [eta: 23:07:38, time (data): 0.326 (0.019)] l_pix: 6.4810e-02 
2025-08-04 14:48:28,395 INFO: [Mamba..][epoch:  4, iter:  60,000, lr:(3.000e-04,)] [eta: 23:00:51, time (data): 0.360 (0.019)] l_pix: 9.6096e-02 
2025-08-04 14:48:28,396 INFO: Saving models and training states.
2025-08-04 14:48:39,289 INFO: Validation ValSet,		 # psnr: 14.1619
2025-08-04 14:54:39,263 INFO: [Mamba..][epoch:  5, iter:  61,000, lr:(3.000e-04,)] [eta: 22:56:46, time (data): 0.360 (0.017)] l_pix: 3.4611e-02 
2025-08-04 15:00:39,832 INFO: [Mamba..][epoch:  5, iter:  62,000, lr:(3.000e-04,)] [eta: 22:51:58, time (data): 0.357 (0.018)] l_pix: 1.1047e-01 
2025-08-04 15:06:31,164 INFO: [Mamba..][epoch:  5, iter:  63,000, lr:(3.000e-04,)] [eta: 22:46:33, time (data): 0.328 (0.016)] l_pix: 8.7390e-02 
2025-08-04 15:12:22,969 INFO: [Mamba..][epoch:  5, iter:  64,000, lr:(3.000e-04,)] [eta: 22:41:08, time (data): 0.364 (0.018)] l_pix: 6.5363e-02 
2025-08-04 15:12:22,970 INFO: Saving models and training states.
2025-08-04 15:12:33,879 INFO: Validation ValSet,		 # psnr: 14.7253
2025-08-04 15:18:26,826 INFO: [Mamba..][epoch:  5, iter:  65,000, lr:(3.000e-04,)] [eta: 22:36:27, time (data): 0.349 (0.020)] l_pix: 7.6226e-02 
2025-08-04 15:24:01,159 INFO: [Mamba..][epoch:  5, iter:  66,000, lr:(3.000e-04,)] [eta: 22:29:58, time (data): 0.328 (0.016)] l_pix: 5.0388e-02 
2025-08-04 15:29:33,532 INFO: [Mamba..][epoch:  5, iter:  67,000, lr:(3.000e-04,)] [eta: 22:23:24, time (data): 0.330 (0.016)] l_pix: 4.5946e-02 
2025-08-04 15:35:08,252 INFO: [Mamba..][epoch:  5, iter:  68,000, lr:(3.000e-04,)] [eta: 22:16:59, time (data): 0.322 (0.015)] l_pix: 1.0193e-01 
2025-08-04 15:35:08,252 INFO: Saving models and training states.
2025-08-04 15:35:19,040 INFO: Validation ValSet,		 # psnr: 14.5247
2025-08-04 15:41:20,004 INFO: [Mamba..][epoch:  5, iter:  69,000, lr:(3.000e-04,)] [eta: 22:12:41, time (data): 0.369 (0.017)] l_pix: 6.8051e-02 
2025-08-04 15:47:32,378 INFO: [Mamba..][epoch:  5, iter:  70,000, lr:(3.000e-04,)] [eta: 22:08:21, time (data): 0.375 (0.020)] l_pix: 5.6632e-02 
2025-08-04 15:53:44,182 INFO: [Mamba..][epoch:  5, iter:  71,000, lr:(3.000e-04,)] [eta: 22:03:56, time (data): 0.332 (0.017)] l_pix: 1.0496e-01 
2025-08-04 15:59:23,088 INFO: [Mamba..][epoch:  5, iter:  72,000, lr:(3.000e-04,)] [eta: 21:57:43, time (data): 0.356 (0.017)] l_pix: 1.1111e-01 
2025-08-04 15:59:23,089 INFO: Saving models and training states.
2025-08-04 15:59:34,009 INFO: Validation ValSet,		 # psnr: 15.1012
2025-08-04 16:05:17,959 INFO: [Mamba..][epoch:  6, iter:  73,000, lr:(3.000e-04,)] [eta: 21:52:22, time (data): 0.328 (0.019)] l_pix: 2.6870e-02 
2025-08-04 16:10:47,243 INFO: [Mamba..][epoch:  6, iter:  74,000, lr:(3.000e-04,)] [eta: 21:45:41, time (data): 0.325 (0.020)] l_pix: 7.2234e-02 
2025-08-04 16:16:24,202 INFO: [Mamba..][epoch:  6, iter:  75,000, lr:(3.000e-04,)] [eta: 21:39:25, time (data): 0.369 (0.019)] l_pix: 6.2955e-02 
2025-08-04 16:22:14,653 INFO: [Mamba..][epoch:  6, iter:  76,000, lr:(3.000e-04,)] [eta: 21:33:51, time (data): 0.323 (0.015)] l_pix: 9.4815e-02 
2025-08-04 16:22:14,654 INFO: Saving models and training states.
2025-08-04 16:22:25,595 INFO: Validation ValSet,		 # psnr: 14.5376
2025-08-04 16:28:19,336 INFO: [Mamba..][epoch:  6, iter:  77,000, lr:(3.000e-04,)] [eta: 21:28:56, time (data): 0.350 (0.021)] l_pix: 7.5816e-02 
2025-08-04 16:34:12,161 INFO: [Mamba..][epoch:  6, iter:  78,000, lr:(3.000e-04,)] [eta: 21:23:27, time (data): 0.323 (0.015)] l_pix: 8.3925e-02 
2025-08-04 16:39:43,109 INFO: [Mamba..][epoch:  6, iter:  79,000, lr:(3.000e-04,)] [eta: 21:16:55, time (data): 0.332 (0.019)] l_pix: 1.1330e-01 
2025-08-04 16:45:24,726 INFO: [Mamba..][epoch:  6, iter:  80,000, lr:(3.000e-04,)] [eta: 21:10:55, time (data): 0.353 (0.015)] l_pix: 6.1683e-02 
2025-08-04 16:45:24,726 INFO: Saving models and training states.
2025-08-04 16:45:35,656 INFO: Validation ValSet,		 # psnr: 14.9901
2025-08-04 16:51:24,465 INFO: [Mamba..][epoch:  6, iter:  81,000, lr:(3.000e-04,)] [eta: 21:05:44, time (data): 0.353 (0.016)] l_pix: 4.1795e-02 
2025-08-04 16:56:57,374 INFO: [Mamba..][epoch:  6, iter:  82,000, lr:(3.000e-04,)] [eta: 20:59:20, time (data): 0.326 (0.018)] l_pix: 5.2118e-02 
2025-08-04 17:02:27,935 INFO: [Mamba..][epoch:  6, iter:  83,000, lr:(3.000e-04,)] [eta: 20:52:51, time (data): 0.322 (0.016)] l_pix: 2.5401e-02 
2025-08-04 17:08:06,876 INFO: [Mamba..][epoch:  6, iter:  84,000, lr:(3.000e-04,)] [eta: 20:46:46, time (data): 0.354 (0.015)] l_pix: 1.1546e-01 
2025-08-04 17:08:06,877 INFO: Saving models and training states.
2025-08-04 17:08:17,667 INFO: Validation ValSet,		 # psnr: 14.7944
2025-08-04 17:14:11,763 INFO: [Mamba..][epoch:  7, iter:  85,000, lr:(3.000e-04,)] [eta: 20:41:46, time (data): 0.352 (0.017)] l_pix: 4.3410e-02 
