2025-08-04 19:42:55,007 INFO: 
                ____                _       _____  ____
               / __ ) ____ _ _____ (_)_____/ ___/ / __ \
              / __  |/ __ `// ___// // ___/\__ \ / /_/ /
             / /_/ // /_/ /(__  )/ // /__ ___/ // _, _/
            /_____/ \__,_//____//_/ \___//____//_/ |_|
     ______                   __   __                 __      __
    / ____/____   ____   ____/ /  / /   __  __ _____ / /__   / /
   / / __ / __ \ / __ \ / __  /  / /   / / / // ___// //_/  / /
  / /_/ // /_/ // /_/ // /_/ /  / /___/ /_/ // /__ / /<    /_/
  \____/ \____/ \____/ \____/  /_____/\____/ \___//_/|_|  (_)
    
Version Information: 
	BasicSR: 1.2.0+863ca48
	PyTorch: 2.3.1+cu118
	TorchVision: 0.18.1+cu118
2025-08-04 19:42:55,007 INFO: 
  name: MambaIR_MaIRUNet_LOLv1_new
  model_type: ImageCleanModel
  scale: 1
  num_gpu: 8
  manual_seed: 100
  datasets:[
    train:[
      name: TrainSet
      type: Dataset_PairedImage
      dataroot_gt: /data/lgl/datasets/LowLight/LOL-v1/our485/high
      dataroot_lq: /data/lgl/datasets/LowLight/LOL-v1/our485/low
      geometric_augs: True
      filename_tmpl: {}
      io_backend:[
        type: disk
      ]
      use_shuffle: True
      num_worker_per_gpu: 0
      batch_size_per_gpu: 1
      mini_batch_sizes: [8, 5, 4, 2, 1, 1]
      iters: [92000, 64000, 48000, 36000, 36000, 24000]
      gt_size: 384
      gt_sizes: [128, 160, 192, 256, 320, 320]
      dataset_enlarge_ratio: 100
      prefetch_mode: None
      phase: train
      scale: 1
    ]
    val:[
      name: ValSet
      type: Dataset_PairedImage
      dataroot_gt: /data/lgl/datasets/LowLight/LOL-v1/eval15/high
      dataroot_lq: /data/lgl/datasets/LowLight/LOL-v1/eval15/low
      io_backend:[
        type: disk
      ]
      phase: val
      scale: 1
    ]
  ]
  network_g:[
    type: MaIRUNet
    img_size: 128
    patch_size: 1
    ssm_ratio: 2.0
    scan_len: 4
    inp_channels: 3
    out_channels: 3
    dim: 48
    num_blocks: [4, 6, 6, 8]
    num_refinement_blocks: 4
    mlp_ratio: 1.5
    bias: False
    dual_pixel_task: False
  ]
  path:[
    pretrain_network_g: None
    strict_load_g: True
    resume_state: None
    root: /data/lgl/codes/MambaIR/realDenoising
    experiments_root: /data/lgl/codes/MambaIR/realDenoising/experiments/MambaIR_MaIRUNet_LOLv1_new
    models: /data/lgl/codes/MambaIR/realDenoising/experiments/MambaIR_MaIRUNet_LOLv1_new/models
    training_states: /data/lgl/codes/MambaIR/realDenoising/experiments/MambaIR_MaIRUNet_LOLv1_new/training_states
    log: /data/lgl/codes/MambaIR/realDenoising/experiments/MambaIR_MaIRUNet_LOLv1_new
    visualization: /data/lgl/codes/MambaIR/realDenoising/experiments/MambaIR_MaIRUNet_LOLv1_new/visualization
  ]
  train:[
    total_iter: 300000
    warmup_iter: -1
    use_grad_clip: True
    scheduler:[
      type: CosineAnnealingRestartCyclicLR
      periods: [92000, 208000]
      restart_weights: [1, 1]
      eta_mins: [0.0003, 1e-06]
    ]
    mixing_augs:[
      mixup: True
      mixup_beta: 1.2
      use_identity: True
    ]
    optim_g:[
      type: AdamW
      lr: 0.0003
      weight_decay: 0.0001
      betas: [0.9, 0.999]
    ]
    pixel_opt:[
      type: L1Loss
      loss_weight: 1
      reduction: mean
    ]
  ]
  val:[
    window_size: 8
    val_freq: 4000.0
    save_img: False
    rgb2bgr: True
    use_image: False
    max_minibatch: 8
    metrics:[
      psnr:[
        type: calculate_psnr
        crop_border: 0
        test_y_channel: False
      ]
    ]
  ]
  logger:[
    print_freq: 1000
    save_checkpoint_freq: 4000.0
    use_tb_logger: True
    wandb:[
      project: None
      resume_id: None
    ]
  ]
  dist_params:[
    backend: nccl
    port: 29500
  ]
  is_train: True
  dist: True
  rank: 0
  world_size: 4

2025-08-04 19:42:55,137 INFO: Dataset Dataset_PairedImage - TrainSet is created.
2025-08-04 19:42:55,137 INFO: Training statistics:
	Number of train images: 485
	Dataset enlarge ratio: 100
	Batch size per gpu: 1
	World size (gpu number): 4
	Require iter number per epoch: 12125
	Total epochs: 25; iters: 300000.
2025-08-04 19:42:55,138 INFO: Dataset Dataset_PairedImage - ValSet is created.
2025-08-04 19:42:55,138 INFO: Number of val images/folders in ValSet: 15
2025-08-04 19:42:56,310 INFO: Network: DistributedDataParallel - MaIRUNet, with parameters: 25,491,168
2025-08-04 19:42:56,311 INFO: MaIRUNet(
  (conv_first): Conv2d(3, 48, kernel_size=(3, 3), stride=(1, 1), padding=(1, 1))
  (patch_embed): PatchEmbed(
    (norm): LayerNorm((48,), eps=1e-05, elementwise_affine=True)
  )
  (encoder_level1): ModuleList(
    (0-3): 4 x RMB(
      (ln_1): LayerNorm((48,), eps=1e-05, elementwise_affine=True)
      (self_attention): VMM(
        (in_proj): Linear(in_features=48, out_features=192, bias=False)
        (conv2d): Conv2d(96, 96, kernel_size=(3, 3), stride=(1, 1), padding=(1, 1), groups=96)
        (act): SiLU()
        (out_norm): LayerNorm((96,), eps=1e-05, elementwise_affine=True)
        (out_proj): Linear(in_features=96, out_features=48, bias=False)
        (gating): ShuffleAttn(
          (gating): Sequential(
            (0): AdaptiveAvgPool2d(output_size=1)
            (1): Conv2d(384, 384, kernel_size=(1, 1), stride=(1, 1), groups=96)
            (2): Sigmoid()
          )
        )
      )
      (drop_path): DropPath(drop_prob=0.000)
      (conv_blk): MlpFromMaIR(
        (fc1): Linear(in_features=48, out_features=72, bias=True)
        (act): GELU(approximate='none')
        (fc2): Linear(in_features=72, out_features=48, bias=True)
      )
      (ln_2): LayerNorm((48,), eps=1e-05, elementwise_affine=True)
    )
  )
  (down1_2): Downsample(
    (body): Sequential(
      (0): Conv2d(48, 24, kernel_size=(3, 3), stride=(1, 1), padding=(1, 1), bias=False)
      (1): PixelUnshuffle(downscale_factor=2)
    )
  )
  (encoder_level2): ModuleList(
    (0-5): 6 x RMB(
      (ln_1): LayerNorm((96,), eps=1e-05, elementwise_affine=True)
      (self_attention): VMM(
        (in_proj): Linear(in_features=96, out_features=384, bias=False)
        (conv2d): Conv2d(192, 192, kernel_size=(3, 3), stride=(1, 1), padding=(1, 1), groups=192)
        (act): SiLU()
        (out_norm): LayerNorm((192,), eps=1e-05, elementwise_affine=True)
        (out_proj): Linear(in_features=192, out_features=96, bias=False)
        (gating): ShuffleAttn(
          (gating): Sequential(
            (0): AdaptiveAvgPool2d(output_size=1)
            (1): Conv2d(768, 768, kernel_size=(1, 1), stride=(1, 1), groups=192)
            (2): Sigmoid()
          )
        )
      )
      (drop_path): DropPath(drop_prob=0.000)
      (conv_blk): MlpFromMaIR(
        (fc1): Linear(in_features=96, out_features=144, bias=True)
        (act): GELU(approximate='none')
        (fc2): Linear(in_features=144, out_features=96, bias=True)
      )
      (ln_2): LayerNorm((96,), eps=1e-05, elementwise_affine=True)
    )
  )
  (down2_3): Downsample(
    (body): Sequential(
      (0): Conv2d(96, 48, kernel_size=(3, 3), stride=(1, 1), padding=(1, 1), bias=False)
      (1): PixelUnshuffle(downscale_factor=2)
    )
  )
  (encoder_level3): ModuleList(
    (0-5): 6 x RMB(
      (ln_1): LayerNorm((192,), eps=1e-05, elementwise_affine=True)
      (self_attention): VMM(
        (in_proj): Linear(in_features=192, out_features=768, bias=False)
        (conv2d): Conv2d(384, 384, kernel_size=(3, 3), stride=(1, 1), padding=(1, 1), groups=384)
        (act): SiLU()
        (out_norm): LayerNorm((384,), eps=1e-05, elementwise_affine=True)
        (out_proj): Linear(in_features=384, out_features=192, bias=False)
        (gating): ShuffleAttn(
          (gating): Sequential(
            (0): AdaptiveAvgPool2d(output_size=1)
            (1): Conv2d(1536, 1536, kernel_size=(1, 1), stride=(1, 1), groups=384)
            (2): Sigmoid()
          )
        )
      )
      (drop_path): DropPath(drop_prob=0.000)
      (conv_blk): MlpFromMaIR(
        (fc1): Linear(in_features=192, out_features=288, bias=True)
        (act): GELU(approximate='none')
        (fc2): Linear(in_features=288, out_features=192, bias=True)
      )
      (ln_2): LayerNorm((192,), eps=1e-05, elementwise_affine=True)
    )
  )
  (down3_4): Downsample(
    (body): Sequential(
      (0): Conv2d(192, 96, kernel_size=(3, 3), stride=(1, 1), padding=(1, 1), bias=False)
      (1): PixelUnshuffle(downscale_factor=2)
    )
  )
  (latent): ModuleList(
    (0-7): 8 x RMB(
      (ln_1): LayerNorm((384,), eps=1e-05, elementwise_affine=True)
      (self_attention): VMM(
        (in_proj): Linear(in_features=384, out_features=1536, bias=False)
        (conv2d): Conv2d(768, 768, kernel_size=(3, 3), stride=(1, 1), padding=(1, 1), groups=768)
        (act): SiLU()
        (out_norm): LayerNorm((768,), eps=1e-05, elementwise_affine=True)
        (out_proj): Linear(in_features=768, out_features=384, bias=False)
        (gating): ShuffleAttn(
          (gating): Sequential(
            (0): AdaptiveAvgPool2d(output_size=1)
            (1): Conv2d(3072, 3072, kernel_size=(1, 1), stride=(1, 1), groups=768)
            (2): Sigmoid()
          )
        )
      )
      (drop_path): DropPath(drop_prob=0.000)
      (conv_blk): MlpFromMaIR(
        (fc1): Linear(in_features=384, out_features=576, bias=True)
        (act): GELU(approximate='none')
        (fc2): Linear(in_features=576, out_features=384, bias=True)
      )
      (ln_2): LayerNorm((384,), eps=1e-05, elementwise_affine=True)
    )
  )
  (up4_3): Upsample(
    (body): Sequential(
      (0): Conv2d(384, 768, kernel_size=(3, 3), stride=(1, 1), padding=(1, 1), bias=False)
      (1): PixelShuffle(upscale_factor=2)
    )
  )
  (reduce_chan_level3): Conv2d(384, 192, kernel_size=(1, 1), stride=(1, 1), bias=False)
  (decoder_level3): ModuleList(
    (0-5): 6 x RMB(
      (ln_1): LayerNorm((192,), eps=1e-05, elementwise_affine=True)
      (self_attention): VMM(
        (in_proj): Linear(in_features=192, out_features=768, bias=False)
        (conv2d): Conv2d(384, 384, kernel_size=(3, 3), stride=(1, 1), padding=(1, 1), groups=384)
        (act): SiLU()
        (out_norm): LayerNorm((384,), eps=1e-05, elementwise_affine=True)
        (out_proj): Linear(in_features=384, out_features=192, bias=False)
        (gating): ShuffleAttn(
          (gating): Sequential(
            (0): AdaptiveAvgPool2d(output_size=1)
            (1): Conv2d(1536, 1536, kernel_size=(1, 1), stride=(1, 1), groups=384)
            (2): Sigmoid()
          )
        )
      )
      (drop_path): DropPath(drop_prob=0.000)
      (conv_blk): MlpFromMaIR(
        (fc1): Linear(in_features=192, out_features=288, bias=True)
        (act): GELU(approximate='none')
        (fc2): Linear(in_features=288, out_features=192, bias=True)
      )
      (ln_2): LayerNorm((192,), eps=1e-05, elementwise_affine=True)
    )
  )
  (up3_2): Upsample(
    (body): Sequential(
      (0): Conv2d(192, 384, kernel_size=(3, 3), stride=(1, 1), padding=(1, 1), bias=False)
      (1): PixelShuffle(upscale_factor=2)
    )
  )
  (reduce_chan_level2): Conv2d(192, 96, kernel_size=(1, 1), stride=(1, 1), bias=False)
  (decoder_level2): ModuleList(
    (0-5): 6 x RMB(
      (ln_1): LayerNorm((96,), eps=1e-05, elementwise_affine=True)
      (self_attention): VMM(
        (in_proj): Linear(in_features=96, out_features=384, bias=False)
        (conv2d): Conv2d(192, 192, kernel_size=(3, 3), stride=(1, 1), padding=(1, 1), groups=192)
        (act): SiLU()
        (out_norm): LayerNorm((192,), eps=1e-05, elementwise_affine=True)
        (out_proj): Linear(in_features=192, out_features=96, bias=False)
        (gating): ShuffleAttn(
          (gating): Sequential(
            (0): AdaptiveAvgPool2d(output_size=1)
            (1): Conv2d(768, 768, kernel_size=(1, 1), stride=(1, 1), groups=192)
            (2): Sigmoid()
          )
        )
      )
      (drop_path): DropPath(drop_prob=0.000)
      (conv_blk): MlpFromMaIR(
        (fc1): Linear(in_features=96, out_features=144, bias=True)
        (act): GELU(approximate='none')
        (fc2): Linear(in_features=144, out_features=96, bias=True)
      )
      (ln_2): LayerNorm((96,), eps=1e-05, elementwise_affine=True)
    )
  )
  (up2_1): Upsample(
    (body): Sequential(
      (0): Conv2d(96, 192, kernel_size=(3, 3), stride=(1, 1), padding=(1, 1), bias=False)
      (1): PixelShuffle(upscale_factor=2)
    )
  )
  (decoder_level1): ModuleList(
    (0-3): 4 x RMB(
      (ln_1): LayerNorm((96,), eps=1e-05, elementwise_affine=True)
      (self_attention): VMM(
        (in_proj): Linear(in_features=96, out_features=384, bias=False)
        (conv2d): Conv2d(192, 192, kernel_size=(3, 3), stride=(1, 1), padding=(1, 1), groups=192)
        (act): SiLU()
        (out_norm): LayerNorm((192,), eps=1e-05, elementwise_affine=True)
        (out_proj): Linear(in_features=192, out_features=96, bias=False)
        (gating): ShuffleAttn(
          (gating): Sequential(
            (0): AdaptiveAvgPool2d(output_size=1)
            (1): Conv2d(768, 768, kernel_size=(1, 1), stride=(1, 1), groups=192)
            (2): Sigmoid()
          )
        )
      )
      (drop_path): DropPath(drop_prob=0.000)
      (conv_blk): MlpFromMaIR(
        (fc1): Linear(in_features=96, out_features=144, bias=True)
        (act): GELU(approximate='none')
        (fc2): Linear(in_features=144, out_features=96, bias=True)
      )
      (ln_2): LayerNorm((96,), eps=1e-05, elementwise_affine=True)
    )
  )
  (refinement): ModuleList(
    (0-3): 4 x RMB(
      (ln_1): LayerNorm((96,), eps=1e-05, elementwise_affine=True)
      (self_attention): VMM(
        (in_proj): Linear(in_features=96, out_features=384, bias=False)
        (conv2d): Conv2d(192, 192, kernel_size=(3, 3), stride=(1, 1), padding=(1, 1), groups=192)
        (act): SiLU()
        (out_norm): LayerNorm((192,), eps=1e-05, elementwise_affine=True)
        (out_proj): Linear(in_features=192, out_features=96, bias=False)
        (gating): ShuffleAttn(
          (gating): Sequential(
            (0): AdaptiveAvgPool2d(output_size=1)
            (1): Conv2d(768, 768, kernel_size=(1, 1), stride=(1, 1), groups=192)
            (2): Sigmoid()
          )
        )
      )
      (drop_path): DropPath(drop_prob=0.000)
      (conv_blk): MlpFromMaIR(
        (fc1): Linear(in_features=96, out_features=144, bias=True)
        (act): GELU(approximate='none')
        (fc2): Linear(in_features=144, out_features=96, bias=True)
      )
      (ln_2): LayerNorm((96,), eps=1e-05, elementwise_affine=True)
    )
  )
  (output): Conv2d(96, 3, kernel_size=(3, 3), stride=(1, 1), padding=(1, 1), bias=False)
)
2025-08-04 19:42:56,317 INFO: Model [ImageCleanModel] is created.
2025-08-04 19:42:56,317 INFO: Start training from epoch: 0, iter: 0
2025-08-04 19:42:56,344 INFO: 
 Updating Patch_Size to 128 and Batch_Size to 32 

2025-08-04 19:55:51,467 INFO: [Mamba..][epoch:  0, iter:   1,000, lr:(3.000e-04,)] [eta: 2 days, 16:18:57, time (data): 0.817 (0.018)] l_pix: 9.4241e-02 
2025-08-04 20:07:18,095 INFO: [Mamba..][epoch:  0, iter:   2,000, lr:(3.000e-04,)] [eta: 2 days, 12:28:15, time (data): 0.616 (0.019)] l_pix: 7.1146e-02 
2025-08-04 20:17:49,097 INFO: [Mamba..][epoch:  0, iter:   3,000, lr:(3.000e-04,)] [eta: 2 days, 9:31:55, time (data): 0.619 (0.017)] l_pix: 1.3113e-01 
2025-08-04 20:28:08,735 INFO: [Mamba..][epoch:  0, iter:   4,000, lr:(3.000e-04,)] [eta: 2 days, 7:44:28, time (data): 0.619 (0.016)] l_pix: 1.4143e-01 
2025-08-04 20:28:08,736 INFO: Saving models and training states.
2025-08-04 20:29:24,417 INFO: Validation ValSet,		 # psnr: 19.5364
2025-08-04 20:39:43,908 INFO: [Mamba..][epoch:  0, iter:   5,000, lr:(3.000e-04,)] [eta: 2 days, 7:50:06, time (data): 0.601 (0.016)] l_pix: 5.9086e-02 
2025-08-04 20:50:03,883 INFO: [Mamba..][epoch:  0, iter:   6,000, lr:(3.000e-04,)] [eta: 2 days, 6:48:37, time (data): 0.618 (0.020)] l_pix: 1.0034e-01 
2025-08-04 21:00:23,910 INFO: [Mamba..][epoch:  0, iter:   7,000, lr:(3.000e-04,)] [eta: 2 days, 6:01:46, time (data): 0.618 (0.017)] l_pix: 6.3111e-02 
2025-08-04 21:12:38,599 INFO: [Mamba..][epoch:  0, iter:   8,000, lr:(3.000e-04,)] [eta: 2 days, 6:33:48, time (data): 0.810 (0.019)] l_pix: 1.6272e-01 
2025-08-04 21:12:38,600 INFO: Saving models and training states.
2025-08-04 21:13:53,465 INFO: Validation ValSet,		 # psnr: 19.7629
2025-08-04 21:25:55,696 INFO: [Mamba..][epoch:  0, iter:   9,000, lr:(3.000e-04,)] [eta: 2 days, 7:29:37, time (data): 0.613 (0.017)] l_pix: 1.4330e-01 
2025-08-04 21:36:18,317 INFO: [Mamba..][epoch:  0, iter:  10,000, lr:(3.000e-04,)] [eta: 2 days, 6:47:17, time (data): 0.619 (0.019)] l_pix: 1.1260e-01 
2025-08-04 21:46:38,766 INFO: [Mamba..][epoch:  0, iter:  11,000, lr:(3.000e-04,)] [eta: 2 days, 6:09:49, time (data): 0.612 (0.017)] l_pix: 7.5695e-02 
2025-08-04 21:56:58,452 INFO: [Mamba..][epoch:  0, iter:  12,000, lr:(3.000e-04,)] [eta: 2 days, 5:36:34, time (data): 0.615 (0.019)] l_pix: 5.9151e-02 
2025-08-04 21:56:58,453 INFO: Saving models and training states.
2025-08-04 21:58:13,521 INFO: Validation ValSet,		 # psnr: 20.1118
2025-08-04 22:08:33,132 INFO: [Mamba..][epoch:  1, iter:  13,000, lr:(3.000e-04,)] [eta: 2 days, 5:34:26, time (data): 0.628 (0.020)] l_pix: 7.5714e-02 
2025-08-04 22:18:53,523 INFO: [Mamba..][epoch:  1, iter:  14,000, lr:(3.000e-04,)] [eta: 2 days, 5:05:40, time (data): 0.616 (0.014)] l_pix: 1.5046e-01 
2025-08-04 22:29:13,167 INFO: [Mamba..][epoch:  1, iter:  15,000, lr:(3.000e-04,)] [eta: 2 days, 4:39:06, time (data): 0.619 (0.017)] l_pix: 1.0083e-01 
2025-08-04 22:40:07,452 INFO: [Mamba..][epoch:  1, iter:  16,000, lr:(3.000e-04,)] [eta: 2 days, 4:24:50, time (data): 0.809 (0.018)] l_pix: 6.1392e-02 
2025-08-04 22:40:07,452 INFO: Saving models and training states.
2025-08-04 22:41:22,548 INFO: Validation ValSet,		 # psnr: 20.2787
2025-08-04 22:54:51,810 INFO: [Mamba..][epoch:  1, iter:  17,000, lr:(3.000e-04,)] [eta: 2 days, 5:14:47, time (data): 0.809 (0.017)] l_pix: 5.4141e-02 
2025-08-04 23:08:21,462 INFO: [Mamba..][epoch:  1, iter:  18,000, lr:(3.000e-04,)] [eta: 2 days, 5:38:02, time (data): 0.808 (0.019)] l_pix: 1.4136e-01 
2025-08-04 23:21:51,030 INFO: [Mamba..][epoch:  1, iter:  19,000, lr:(3.000e-04,)] [eta: 2 days, 5:57:24, time (data): 0.808 (0.018)] l_pix: 1.0227e-01 
2025-08-04 23:32:29,324 INFO: [Mamba..][epoch:  1, iter:  20,000, lr:(3.000e-04,)] [eta: 2 days, 5:33:31, time (data): 0.623 (0.016)] l_pix: 5.3655e-02 
2025-08-04 23:32:29,325 INFO: Saving models and training states.
2025-08-04 23:33:44,169 INFO: Validation ValSet,		 # psnr: 20.6752
2025-08-04 23:44:04,219 INFO: [Mamba..][epoch:  1, iter:  21,000, lr:(3.000e-04,)] [eta: 2 days, 5:23:26, time (data): 0.614 (0.015)] l_pix: 1.1178e-01 
2025-08-04 23:54:28,934 INFO: [Mamba..][epoch:  1, iter:  22,000, lr:(3.000e-04,)] [eta: 2 days, 4:58:26, time (data): 0.616 (0.017)] l_pix: 6.7348e-02 
2025-08-05 00:04:49,049 INFO: [Mamba..][epoch:  1, iter:  23,000, lr:(3.000e-04,)] [eta: 2 days, 4:33:47, time (data): 0.617 (0.018)] l_pix: 1.5681e-01 
2025-08-05 00:15:08,979 INFO: [Mamba..][epoch:  1, iter:  24,000, lr:(3.000e-04,)] [eta: 2 days, 4:10:17, time (data): 0.619 (0.019)] l_pix: 6.6458e-02 
2025-08-05 00:15:08,980 INFO: Saving models and training states.
2025-08-05 00:16:23,787 INFO: Validation ValSet,		 # psnr: 20.9113
2025-08-05 00:26:43,658 INFO: [Mamba..][epoch:  2, iter:  25,000, lr:(3.000e-04,)] [eta: 2 days, 4:01:32, time (data): 0.622 (0.019)] l_pix: 1.2673e-01 
2025-08-05 00:37:04,350 INFO: [Mamba..][epoch:  2, iter:  26,000, lr:(3.000e-04,)] [eta: 2 days, 3:39:35, time (data): 0.615 (0.016)] l_pix: 9.3415e-02 
2025-08-05 00:47:25,033 INFO: [Mamba..][epoch:  2, iter:  27,000, lr:(3.000e-04,)] [eta: 2 days, 3:18:29, time (data): 0.618 (0.020)] l_pix: 8.0069e-02 
2025-08-05 00:57:44,747 INFO: [Mamba..][epoch:  2, iter:  28,000, lr:(3.000e-04,)] [eta: 2 days, 2:58:00, time (data): 0.616 (0.017)] l_pix: 1.4004e-01 
2025-08-05 00:57:44,748 INFO: Saving models and training states.
2025-08-05 00:58:59,704 INFO: Validation ValSet,		 # psnr: 19.7753
2025-08-05 01:09:19,693 INFO: [Mamba..][epoch:  2, iter:  29,000, lr:(3.000e-04,)] [eta: 2 days, 2:49:56, time (data): 0.618 (0.019)] l_pix: 7.4384e-02 
2025-08-05 01:19:39,819 INFO: [Mamba..][epoch:  2, iter:  30,000, lr:(3.000e-04,)] [eta: 2 days, 2:30:24, time (data): 0.615 (0.018)] l_pix: 1.0742e-01 
2025-08-05 01:30:00,411 INFO: [Mamba..][epoch:  2, iter:  31,000, lr:(3.000e-04,)] [eta: 2 days, 2:11:32, time (data): 0.615 (0.017)] l_pix: 5.2762e-02 
2025-08-05 01:41:57,578 INFO: [Mamba..][epoch:  2, iter:  32,000, lr:(3.000e-04,)] [eta: 2 days, 2:06:41, time (data): 0.808 (0.018)] l_pix: 5.4537e-02 
2025-08-05 01:41:57,579 INFO: Saving models and training states.
2025-08-05 01:43:12,464 INFO: Validation ValSet,		 # psnr: 20.3413
2025-08-05 01:56:41,851 INFO: [Mamba..][epoch:  2, iter:  33,000, lr:(3.000e-04,)] [eta: 2 days, 2:23:56, time (data): 0.806 (0.018)] l_pix: 5.0235e-02 
2025-08-05 02:08:21,564 INFO: [Mamba..][epoch:  2, iter:  34,000, lr:(3.000e-04,)] [eta: 2 days, 2:15:15, time (data): 0.630 (0.018)] l_pix: 6.8182e-02 
2025-08-05 02:19:58,303 INFO: [Mamba..][epoch:  2, iter:  35,000, lr:(3.000e-04,)] [eta: 2 days, 2:06:00, time (data): 0.819 (0.018)] l_pix: 4.7600e-02 
2025-08-05 02:32:49,596 INFO: [Mamba..][epoch:  2, iter:  36,000, lr:(3.000e-04,)] [eta: 2 days, 2:05:45, time (data): 0.616 (0.020)] l_pix: 5.4914e-02 
2025-08-05 02:32:49,597 INFO: Saving models and training states.
2025-08-05 02:34:04,477 INFO: Validation ValSet,		 # psnr: 20.1352
2025-08-05 02:44:24,635 INFO: [Mamba..][epoch:  3, iter:  37,000, lr:(3.000e-04,)] [eta: 2 days, 1:55:46, time (data): 0.619 (0.019)] l_pix: 7.0804e-02 
2025-08-05 02:54:47,189 INFO: [Mamba..][epoch:  3, iter:  38,000, lr:(3.000e-04,)] [eta: 2 days, 1:37:23, time (data): 0.618 (0.015)] l_pix: 6.9982e-02 
2025-08-05 03:05:07,462 INFO: [Mamba..][epoch:  3, iter:  39,000, lr:(3.000e-04,)] [eta: 2 days, 1:19:09, time (data): 0.616 (0.017)] l_pix: 4.4827e-02 
2025-08-05 03:15:27,124 INFO: [Mamba..][epoch:  3, iter:  40,000, lr:(3.000e-04,)] [eta: 2 days, 1:01:15, time (data): 0.614 (0.019)] l_pix: 5.8058e-02 
2025-08-05 03:15:27,124 INFO: Saving models and training states.
2025-08-05 03:16:42,060 INFO: Validation ValSet,		 # psnr: 21.3158
2025-08-05 03:27:05,122 INFO: [Mamba..][epoch:  3, iter:  41,000, lr:(3.000e-04,)] [eta: 2 days, 0:51:57, time (data): 0.627 (0.018)] l_pix: 8.9329e-02 
2025-08-05 03:37:29,074 INFO: [Mamba..][epoch:  3, iter:  42,000, lr:(3.000e-04,)] [eta: 2 days, 0:34:59, time (data): 0.617 (0.019)] l_pix: 4.1611e-02 
2025-08-05 03:47:49,183 INFO: [Mamba..][epoch:  3, iter:  43,000, lr:(3.000e-04,)] [eta: 2 days, 0:17:55, time (data): 0.621 (0.019)] l_pix: 3.3720e-02 
2025-08-05 03:58:10,633 INFO: [Mamba..][epoch:  3, iter:  44,000, lr:(3.000e-04,)] [eta: 2 days, 0:01:18, time (data): 0.616 (0.016)] l_pix: 5.3820e-02 
2025-08-05 03:58:10,634 INFO: Saving models and training states.
2025-08-05 03:59:25,569 INFO: Validation ValSet,		 # psnr: 21.7812
2025-08-05 04:09:46,920 INFO: [Mamba..][epoch:  3, iter:  45,000, lr:(3.000e-04,)] [eta: 1 day, 23:52:02, time (data): 0.624 (0.017)] l_pix: 4.8051e-02 
2025-08-05 04:20:07,022 INFO: [Mamba..][epoch:  3, iter:  46,000, lr:(3.000e-04,)] [eta: 1 day, 23:35:39, time (data): 0.615 (0.019)] l_pix: 4.4447e-02 
2025-08-05 04:30:27,054 INFO: [Mamba..][epoch:  3, iter:  47,000, lr:(3.000e-04,)] [eta: 1 day, 23:19:30, time (data): 0.623 (0.016)] l_pix: 4.4348e-02 
2025-08-05 04:40:46,823 INFO: [Mamba..][epoch:  3, iter:  48,000, lr:(3.000e-04,)] [eta: 1 day, 23:03:35, time (data): 0.619 (0.019)] l_pix: 6.1738e-02 
2025-08-05 04:40:46,823 INFO: Saving models and training states.
2025-08-05 04:42:01,748 INFO: Validation ValSet,		 # psnr: 22.2318
2025-08-05 04:52:25,271 INFO: [Mamba..][epoch:  4, iter:  49,000, lr:(3.000e-04,)] [eta: 1 day, 22:54:37, time (data): 0.626 (0.019)] l_pix: 8.5623e-02 
2025-08-05 05:02:51,531 INFO: [Mamba..][epoch:  4, iter:  50,000, lr:(3.000e-04,)] [eta: 1 day, 22:39:32, time (data): 0.616 (0.020)] l_pix: 8.8007e-02 
2025-08-05 05:13:11,508 INFO: [Mamba..][epoch:  4, iter:  51,000, lr:(3.000e-04,)] [eta: 1 day, 22:24:06, time (data): 0.618 (0.015)] l_pix: 7.4203e-02 
2025-08-05 05:23:31,731 INFO: [Mamba..][epoch:  4, iter:  52,000, lr:(3.000e-04,)] [eta: 1 day, 22:08:54, time (data): 0.620 (0.015)] l_pix: 4.0181e-02 
2025-08-05 05:23:31,731 INFO: Saving models and training states.
2025-08-05 05:24:46,648 INFO: Validation ValSet,		 # psnr: 22.2841
2025-08-05 05:36:22,245 INFO: [Mamba..][epoch:  4, iter:  53,000, lr:(3.000e-04,)] [eta: 1 day, 22:05:33, time (data): 0.805 (0.017)] l_pix: 5.0984e-02 
2025-08-05 05:49:51,772 INFO: [Mamba..][epoch:  4, iter:  54,000, lr:(3.000e-04,)] [eta: 1 day, 22:04:48, time (data): 0.812 (0.018)] l_pix: 3.7781e-02 
2025-08-05 06:02:02,398 INFO: [Mamba..][epoch:  4, iter:  55,000, lr:(3.000e-04,)] [eta: 1 day, 21:57:45, time (data): 0.805 (0.018)] l_pix: 6.9556e-02 
2025-08-05 06:15:31,711 INFO: [Mamba..][epoch:  4, iter:  56,000, lr:(3.000e-04,)] [eta: 1 day, 21:56:13, time (data): 0.804 (0.019)] l_pix: 4.4349e-02 
2025-08-05 06:15:31,712 INFO: Saving models and training states.
2025-08-05 06:16:46,620 INFO: Validation ValSet,		 # psnr: 21.4519
2025-08-05 06:30:15,889 INFO: [Mamba..][epoch:  4, iter:  57,000, lr:(3.000e-04,)] [eta: 1 day, 21:59:35, time (data): 0.804 (0.015)] l_pix: 5.8488e-02 
2025-08-05 06:43:45,228 INFO: [Mamba..][epoch:  4, iter:  58,000, lr:(3.000e-04,)] [eta: 1 day, 21:57:08, time (data): 0.807 (0.017)] l_pix: 4.5022e-02 
2025-08-05 06:57:15,122 INFO: [Mamba..][epoch:  4, iter:  59,000, lr:(3.000e-04,)] [eta: 1 day, 21:54:20, time (data): 0.814 (0.018)] l_pix: 5.1070e-02 
2025-08-05 07:09:18,197 INFO: [Mamba..][epoch:  4, iter:  60,000, lr:(3.000e-04,)] [eta: 1 day, 21:45:24, time (data): 0.621 (0.019)] l_pix: 5.6337e-02 
2025-08-05 07:09:18,197 INFO: Saving models and training states.
2025-08-05 07:10:33,205 INFO: Validation ValSet,		 # psnr: 20.9146
2025-08-05 07:20:52,696 INFO: [Mamba..][epoch:  5, iter:  61,000, lr:(3.000e-04,)] [eta: 1 day, 21:34:29, time (data): 0.624 (0.018)] l_pix: 5.7612e-02 
2025-08-05 07:31:13,025 INFO: [Mamba..][epoch:  5, iter:  62,000, lr:(3.000e-04,)] [eta: 1 day, 21:18:49, time (data): 0.619 (0.018)] l_pix: 9.6732e-02 
2025-08-05 07:41:33,360 INFO: [Mamba..][epoch:  5, iter:  63,000, lr:(3.000e-04,)] [eta: 1 day, 21:03:18, time (data): 0.621 (0.016)] l_pix: 7.0187e-02 
2025-08-05 07:53:36,359 INFO: [Mamba..][epoch:  5, iter:  64,000, lr:(3.000e-04,)] [eta: 1 day, 20:54:16, time (data): 0.808 (0.017)] l_pix: 7.5375e-02 
2025-08-05 07:53:36,360 INFO: Saving models and training states.
2025-08-05 07:54:51,334 INFO: Validation ValSet,		 # psnr: 22.1484
2025-08-05 08:08:20,620 INFO: [Mamba..][epoch:  5, iter:  65,000, lr:(3.000e-04,)] [eta: 1 day, 20:54:52, time (data): 0.813 (0.018)] l_pix: 6.0001e-02 
2025-08-05 08:19:51,309 INFO: [Mamba..][epoch:  5, iter:  66,000, lr:(3.000e-04,)] [eta: 1 day, 20:43:33, time (data): 0.615 (0.016)] l_pix: 7.0146e-02 
2025-08-05 08:30:11,802 INFO: [Mamba..][epoch:  5, iter:  67,000, lr:(3.000e-04,)] [eta: 1 day, 20:28:10, time (data): 0.618 (0.015)] l_pix: 3.9187e-02 
2025-08-05 08:40:31,577 INFO: [Mamba..][epoch:  5, iter:  68,000, lr:(3.000e-04,)] [eta: 1 day, 20:12:53, time (data): 0.617 (0.015)] l_pix: 8.6210e-02 
2025-08-05 08:40:31,578 INFO: Saving models and training states.
2025-08-05 08:41:46,501 INFO: Validation ValSet,		 # psnr: 22.0709
2025-08-05 08:52:09,072 INFO: [Mamba..][epoch:  5, iter:  69,000, lr:(3.000e-04,)] [eta: 1 day, 20:02:05, time (data): 0.616 (0.016)] l_pix: 4.4746e-02 
2025-08-05 09:02:29,023 INFO: [Mamba..][epoch:  5, iter:  70,000, lr:(3.000e-04,)] [eta: 1 day, 19:47:01, time (data): 0.619 (0.020)] l_pix: 5.7834e-02 
2025-08-05 09:12:49,307 INFO: [Mamba..][epoch:  5, iter:  71,000, lr:(3.000e-04,)] [eta: 1 day, 19:32:06, time (data): 0.621 (0.017)] l_pix: 5.6466e-02 
2025-08-05 09:23:09,595 INFO: [Mamba..][epoch:  5, iter:  72,000, lr:(3.000e-04,)] [eta: 1 day, 19:17:19, time (data): 0.618 (0.017)] l_pix: 7.3409e-02 
2025-08-05 09:23:09,595 INFO: Saving models and training states.
2025-08-05 09:24:24,745 INFO: Validation ValSet,		 # psnr: 21.4122
2025-08-05 09:34:45,152 INFO: [Mamba..][epoch:  6, iter:  73,000, lr:(3.000e-04,)] [eta: 1 day, 19:06:33, time (data): 0.616 (0.020)] l_pix: 3.8990e-02 
2025-08-05 09:45:05,335 INFO: [Mamba..][epoch:  6, iter:  74,000, lr:(3.000e-04,)] [eta: 1 day, 18:51:55, time (data): 0.618 (0.019)] l_pix: 3.7636e-02 
2025-08-05 09:55:26,700 INFO: [Mamba..][epoch:  6, iter:  75,000, lr:(3.000e-04,)] [eta: 1 day, 18:37:28, time (data): 0.632 (0.018)] l_pix: 7.6943e-02 
2025-08-05 10:05:47,600 INFO: [Mamba..][epoch:  6, iter:  76,000, lr:(3.000e-04,)] [eta: 1 day, 18:23:06, time (data): 0.614 (0.016)] l_pix: 8.3134e-02 
2025-08-05 10:05:47,600 INFO: Saving models and training states.
2025-08-05 10:07:02,523 INFO: Validation ValSet,		 # psnr: 21.7706
2025-08-05 10:17:27,783 INFO: [Mamba..][epoch:  6, iter:  77,000, lr:(3.000e-04,)] [eta: 1 day, 18:12:40, time (data): 0.624 (0.018)] l_pix: 4.4147e-02 
2025-08-05 10:27:50,086 INFO: [Mamba..][epoch:  6, iter:  78,000, lr:(3.000e-04,)] [eta: 1 day, 17:58:30, time (data): 0.618 (0.016)] l_pix: 4.0035e-02 
2025-08-05 10:38:11,894 INFO: [Mamba..][epoch:  6, iter:  79,000, lr:(3.000e-04,)] [eta: 1 day, 17:44:25, time (data): 0.615 (0.019)] l_pix: 8.4791e-02 
2025-08-05 10:48:33,536 INFO: [Mamba..][epoch:  6, iter:  80,000, lr:(3.000e-04,)] [eta: 1 day, 17:30:24, time (data): 0.618 (0.017)] l_pix: 4.9606e-02 
2025-08-05 10:48:33,537 INFO: Saving models and training states.
2025-08-05 10:49:48,436 INFO: Validation ValSet,		 # psnr: 21.9291
2025-08-05 11:03:02,707 INFO: [Mamba..][epoch:  6, iter:  81,000, lr:(3.000e-04,)] [eta: 1 day, 17:27:39, time (data): 0.809 (0.016)] l_pix: 3.1451e-02 
2025-08-05 11:16:31,986 INFO: [Mamba..][epoch:  6, iter:  82,000, lr:(3.000e-04,)] [eta: 1 day, 17:21:57, time (data): 0.810 (0.018)] l_pix: 4.7586e-02 
2025-08-05 11:30:01,605 INFO: [Mamba..][epoch:  6, iter:  83,000, lr:(3.000e-04,)] [eta: 1 day, 17:16:04, time (data): 0.799 (0.015)] l_pix: 2.4901e-02 
2025-08-05 11:43:31,440 INFO: [Mamba..][epoch:  6, iter:  84,000, lr:(3.000e-04,)] [eta: 1 day, 17:10:02, time (data): 0.815 (0.015)] l_pix: 1.0761e-01 
2025-08-05 11:43:31,441 INFO: Saving models and training states.
2025-08-05 11:44:46,566 INFO: Validation ValSet,		 # psnr: 21.1874
2025-08-05 11:58:16,746 INFO: [Mamba..][epoch:  7, iter:  85,000, lr:(3.000e-04,)] [eta: 1 day, 17:06:59, time (data): 0.809 (0.017)] l_pix: 3.3471e-02 
2025-08-05 12:11:47,346 INFO: [Mamba..][epoch:  7, iter:  86,000, lr:(3.000e-04,)] [eta: 1 day, 17:00:35, time (data): 0.804 (0.019)] l_pix: 2.9218e-02 
2025-08-05 12:25:17,147 INFO: [Mamba..][epoch:  7, iter:  87,000, lr:(3.000e-04,)] [eta: 1 day, 16:53:58, time (data): 0.812 (0.015)] l_pix: 5.2881e-02 
2025-08-05 12:38:03,887 INFO: [Mamba..][epoch:  7, iter:  88,000, lr:(3.000e-04,)] [eta: 1 day, 16:45:29, time (data): 0.623 (0.018)] l_pix: 5.9057e-02 
2025-08-05 12:38:03,888 INFO: Saving models and training states.
2025-08-05 12:39:18,914 INFO: Validation ValSet,		 # psnr: 21.5814
2025-08-05 12:51:38,540 INFO: [Mamba..][epoch:  7, iter:  89,000, lr:(3.000e-04,)] [eta: 1 day, 16:38:47, time (data): 0.807 (0.018)] l_pix: 7.5001e-02 
2025-08-05 13:05:08,641 INFO: [Mamba..][epoch:  7, iter:  90,000, lr:(3.000e-04,)] [eta: 1 day, 16:31:46, time (data): 0.805 (0.018)] l_pix: 4.3764e-02 
2025-08-05 13:18:39,078 INFO: [Mamba..][epoch:  7, iter:  91,000, lr:(3.000e-04,)] [eta: 1 day, 16:24:37, time (data): 0.810 (0.015)] l_pix: 3.9801e-02 
2025-08-05 13:32:08,982 INFO: [Mamba..][epoch:  7, iter:  92,000, lr:(3.000e-04,)] [eta: 1 day, 16:17:18, time (data): 0.810 (0.019)] l_pix: 6.3654e-02 
2025-08-05 13:32:08,983 INFO: Saving models and training states.
2025-08-05 13:33:23,919 INFO: Validation ValSet,		 # psnr: 22.5186
2025-08-05 13:33:23,936 INFO: 
 Updating Patch_Size to 160 and Batch_Size to 20 

2025-08-05 13:50:01,002 INFO: [Mamba..][epoch:  7, iter:  93,000, lr:(3.000e-04,)] [eta: 1 day, 16:19:35, time (data): 0.929 (0.019)] l_pix: 5.1084e-02 
2025-08-05 14:05:33,600 INFO: [Mamba..][epoch:  7, iter:  94,000, lr:(2.999e-04,)] [eta: 1 day, 16:16:20, time (data): 0.927 (0.019)] l_pix: 3.0079e-02 
2025-08-05 14:21:06,736 INFO: [Mamba..][epoch:  7, iter:  95,000, lr:(2.998e-04,)] [eta: 1 day, 16:12:51, time (data): 1.057 (0.016)] l_pix: 4.6706e-02 
2025-08-05 14:36:39,334 INFO: [Mamba..][epoch:  7, iter:  96,000, lr:(2.997e-04,)] [eta: 1 day, 16:09:06, time (data): 0.938 (0.015)] l_pix: 5.4498e-02 
2025-08-05 14:36:39,335 INFO: Saving models and training states.
2025-08-05 14:37:54,368 INFO: Validation ValSet,		 # psnr: 22.1550
2025-08-05 14:53:27,120 INFO: [Mamba..][epoch:  7, iter:  97,000, lr:(2.996e-04,)] [eta: 1 day, 16:07:44, time (data): 0.926 (0.017)] l_pix: 6.9920e-02 
2025-08-05 15:08:59,961 INFO: [Mamba..][epoch:  8, iter:  98,000, lr:(2.994e-04,)] [eta: 1 day, 16:03:28, time (data): 0.934 (0.019)] l_pix: 3.6543e-02 
2025-08-05 15:24:33,273 INFO: [Mamba..][epoch:  8, iter:  99,000, lr:(2.992e-04,)] [eta: 1 day, 15:59:00, time (data): 0.927 (0.017)] l_pix: 3.7870e-02 
2025-08-05 15:40:06,834 INFO: [Mamba..][epoch:  8, iter: 100,000, lr:(2.989e-04,)] [eta: 1 day, 15:54:18, time (data): 0.931 (0.016)] l_pix: 2.9773e-02 
2025-08-05 15:40:06,835 INFO: Saving models and training states.
2025-08-05 15:41:21,793 INFO: Validation ValSet,		 # psnr: 21.9733
2025-08-05 15:58:11,058 INFO: [Mamba..][epoch:  8, iter: 101,000, lr:(2.986e-04,)] [eta: 1 day, 15:54:21, time (data): 0.932 (0.019)] l_pix: 3.6435e-02 
2025-08-05 16:13:43,945 INFO: [Mamba..][epoch:  8, iter: 102,000, lr:(2.983e-04,)] [eta: 1 day, 15:49:09, time (data): 0.931 (0.018)] l_pix: 1.0633e-01 
2025-08-05 16:29:16,841 INFO: [Mamba..][epoch:  8, iter: 103,000, lr:(2.979e-04,)] [eta: 1 day, 15:43:44, time (data): 0.933 (0.019)] l_pix: 5.2746e-02 
2025-08-05 16:44:50,201 INFO: [Mamba..][epoch:  8, iter: 104,000, lr:(2.976e-04,)] [eta: 1 day, 15:38:09, time (data): 0.934 (0.015)] l_pix: 2.9391e-02 
2025-08-05 16:44:50,202 INFO: Saving models and training states.
2025-08-05 16:46:05,155 INFO: Validation ValSet,		 # psnr: 22.8515
2025-08-05 17:01:38,209 INFO: [Mamba..][epoch:  8, iter: 105,000, lr:(2.971e-04,)] [eta: 1 day, 15:34:41, time (data): 0.928 (0.017)] l_pix: 2.3771e-02 
2025-08-05 17:17:10,968 INFO: [Mamba..][epoch:  8, iter: 106,000, lr:(2.967e-04,)] [eta: 1 day, 15:28:40, time (data): 0.937 (0.017)] l_pix: 9.3835e-02 
2025-08-05 17:32:43,973 INFO: [Mamba..][epoch:  8, iter: 107,000, lr:(2.962e-04,)] [eta: 1 day, 15:22:29, time (data): 0.920 (0.019)] l_pix: 6.1459e-02 
2025-08-05 17:49:12,400 INFO: [Mamba..][epoch:  8, iter: 108,000, lr:(2.957e-04,)] [eta: 1 day, 15:17:46, time (data): 1.229 (0.018)] l_pix: 2.5118e-02 
2025-08-05 17:49:12,401 INFO: Saving models and training states.
2025-08-05 17:50:27,400 INFO: Validation ValSet,		 # psnr: 22.4197
2025-08-05 18:10:54,578 INFO: [Mamba..][epoch:  8, iter: 109,000, lr:(2.951e-04,)] [eta: 1 day, 15:22:00, time (data): 1.228 (0.018)] l_pix: 3.2101e-02 
2025-08-05 18:31:21,763 INFO: [Mamba..][epoch:  9, iter: 110,000, lr:(2.945e-04,)] [eta: 1 day, 15:23:36, time (data): 1.225 (0.017)] l_pix: 2.9240e-02 
2025-08-05 18:51:48,633 INFO: [Mamba..][epoch:  9, iter: 111,000, lr:(2.939e-04,)] [eta: 1 day, 15:24:48, time (data): 1.221 (0.017)] l_pix: 3.9158e-02 
2025-08-05 19:12:15,652 INFO: [Mamba..][epoch:  9, iter: 112,000, lr:(2.932e-04,)] [eta: 1 day, 15:25:36, time (data): 1.229 (0.017)] l_pix: 4.4996e-02 
2025-08-05 19:12:15,652 INFO: Saving models and training states.
2025-08-05 19:13:30,650 INFO: Validation ValSet,		 # psnr: 21.6688
2025-08-05 19:33:57,645 INFO: [Mamba..][epoch:  9, iter: 113,000, lr:(2.925e-04,)] [eta: 1 day, 15:28:07, time (data): 1.230 (0.016)] l_pix: 3.6006e-02 
2025-08-05 19:54:24,963 INFO: [Mamba..][epoch:  9, iter: 114,000, lr:(2.918e-04,)] [eta: 1 day, 15:28:09, time (data): 1.225 (0.019)] l_pix: 2.8227e-02 
2025-08-05 20:12:33,400 INFO: [Mamba..][epoch:  9, iter: 115,000, lr:(2.911e-04,)] [eta: 1 day, 15:24:08, time (data): 0.927 (0.015)] l_pix: 3.0952e-02 
2025-08-05 20:28:07,142 INFO: [Mamba..][epoch:  9, iter: 116,000, lr:(2.903e-04,)] [eta: 1 day, 15:15:46, time (data): 0.935 (0.018)] l_pix: 2.7581e-02 
2025-08-05 20:28:07,143 INFO: Saving models and training states.
2025-08-05 20:29:22,255 INFO: Validation ValSet,		 # psnr: 22.7485
2025-08-05 20:44:55,009 INFO: [Mamba..][epoch:  9, iter: 117,000, lr:(2.895e-04,)] [eta: 1 day, 15:09:12, time (data): 1.075 (0.019)] l_pix: 3.6208e-02 
2025-08-05 21:00:28,353 INFO: [Mamba..][epoch:  9, iter: 118,000, lr:(2.886e-04,)] [eta: 1 day, 15:00:34, time (data): 0.933 (0.017)] l_pix: 3.5231e-02 
2025-08-05 21:16:01,565 INFO: [Mamba..][epoch:  9, iter: 119,000, lr:(2.877e-04,)] [eta: 1 day, 14:51:48, time (data): 0.926 (0.019)] l_pix: 7.0738e-02 
2025-08-05 21:31:34,359 INFO: [Mamba..][epoch:  9, iter: 120,000, lr:(2.868e-04,)] [eta: 1 day, 14:42:55, time (data): 0.931 (0.019)] l_pix: 2.4957e-02 
2025-08-05 21:31:34,360 INFO: Saving models and training states.
2025-08-05 21:32:49,583 INFO: Validation ValSet,		 # psnr: 22.2281
2025-08-05 21:48:22,745 INFO: [Mamba..][epoch:  9, iter: 121,000, lr:(2.859e-04,)] [eta: 1 day, 14:35:47, time (data): 0.928 (0.015)] l_pix: 3.1233e-02 
2025-08-05 22:03:55,816 INFO: [Mamba..][epoch: 10, iter: 122,000, lr:(2.849e-04,)] [eta: 1 day, 14:26:39, time (data): 0.934 (0.017)] l_pix: 3.7055e-02 
2025-08-05 22:19:29,528 INFO: [Mamba..][epoch: 10, iter: 123,000, lr:(2.839e-04,)] [eta: 1 day, 14:17:26, time (data): 0.926 (0.015)] l_pix: 4.6297e-02 
2025-08-05 22:35:02,265 INFO: [Mamba..][epoch: 10, iter: 124,000, lr:(2.829e-04,)] [eta: 1 day, 14:08:06, time (data): 0.931 (0.019)] l_pix: 5.4066e-02 
2025-08-05 22:35:02,266 INFO: Saving models and training states.
2025-08-05 22:36:17,213 INFO: Validation ValSet,		 # psnr: 22.7202
2025-08-05 22:51:50,113 INFO: [Mamba..][epoch: 10, iter: 125,000, lr:(2.818e-04,)] [eta: 1 day, 14:00:25, time (data): 0.927 (0.017)] l_pix: 5.0990e-02 
2025-08-05 23:07:22,987 INFO: [Mamba..][epoch: 10, iter: 126,000, lr:(2.807e-04,)] [eta: 1 day, 13:50:52, time (data): 0.931 (0.019)] l_pix: 4.0938e-02 
2025-08-05 23:22:55,811 INFO: [Mamba..][epoch: 10, iter: 127,000, lr:(2.796e-04,)] [eta: 1 day, 13:41:13, time (data): 0.935 (0.018)] l_pix: 3.8573e-02 
2025-08-05 23:38:29,200 INFO: [Mamba..][epoch: 10, iter: 128,000, lr:(2.784e-04,)] [eta: 1 day, 13:31:29, time (data): 0.928 (0.019)] l_pix: 3.4584e-02 
2025-08-05 23:38:29,201 INFO: Saving models and training states.
2025-08-05 23:39:44,351 INFO: Validation ValSet,		 # psnr: 21.9163
2025-08-05 23:55:49,970 INFO: [Mamba..][epoch: 10, iter: 129,000, lr:(2.773e-04,)] [eta: 1 day, 13:24:02, time (data): 0.929 (0.019)] l_pix: 4.6944e-02 
2025-08-06 00:13:54,977 INFO: [Mamba..][epoch: 10, iter: 130,000, lr:(2.760e-04,)] [eta: 1 day, 13:17:24, time (data): 1.226 (0.018)] l_pix: 2.2063e-02 
2025-08-06 00:33:51,728 INFO: [Mamba..][epoch: 10, iter: 131,000, lr:(2.748e-04,)] [eta: 1 day, 13:12:59, time (data): 1.225 (0.015)] l_pix: 2.1628e-02 
2025-08-06 00:54:19,629 INFO: [Mamba..][epoch: 10, iter: 132,000, lr:(2.735e-04,)] [eta: 1 day, 13:09:00, time (data): 1.230 (0.018)] l_pix: 2.7118e-02 
2025-08-06 00:54:19,630 INFO: Saving models and training states.
2025-08-06 00:55:34,712 INFO: Validation ValSet,		 # psnr: 21.4393
2025-08-06 01:12:45,445 INFO: [Mamba..][epoch: 10, iter: 133,000, lr:(2.722e-04,)] [eta: 1 day, 13:02:13, time (data): 0.934 (0.019)] l_pix: 3.5717e-02 
2025-08-06 01:28:18,793 INFO: [Mamba..][epoch: 11, iter: 134,000, lr:(2.709e-04,)] [eta: 1 day, 12:51:42, time (data): 0.928 (0.016)] l_pix: 2.3234e-02 
2025-08-06 01:43:51,894 INFO: [Mamba..][epoch: 11, iter: 135,000, lr:(2.696e-04,)] [eta: 1 day, 12:41:06, time (data): 0.934 (0.017)] l_pix: 3.0579e-02 
2025-08-06 02:03:48,501 INFO: [Mamba..][epoch: 11, iter: 136,000, lr:(2.682e-04,)] [eta: 1 day, 12:35:43, time (data): 1.236 (0.018)] l_pix: 2.3458e-02 
2025-08-06 02:03:48,501 INFO: Saving models and training states.
2025-08-06 02:05:03,726 INFO: Validation ValSet,		 # psnr: 22.3045
2025-08-06 02:21:50,891 INFO: [Mamba..][epoch: 11, iter: 137,000, lr:(2.668e-04,)] [eta: 1 day, 12:27:52, time (data): 0.935 (0.018)] l_pix: 5.9021e-02 
2025-08-06 02:37:24,216 INFO: [Mamba..][epoch: 11, iter: 138,000, lr:(2.653e-04,)] [eta: 1 day, 12:16:57, time (data): 0.926 (0.015)] l_pix: 3.2685e-02 
2025-08-06 02:52:59,489 INFO: [Mamba..][epoch: 11, iter: 139,000, lr:(2.639e-04,)] [eta: 1 day, 12:06:00, time (data): 0.934 (0.015)] l_pix: 3.8276e-02 
2025-08-06 03:08:32,633 INFO: [Mamba..][epoch: 11, iter: 140,000, lr:(2.624e-04,)] [eta: 1 day, 11:54:56, time (data): 0.934 (0.017)] l_pix: 2.8541e-02 
2025-08-06 03:08:32,634 INFO: Saving models and training states.
2025-08-06 03:09:47,562 INFO: Validation ValSet,		 # psnr: 21.5426
2025-08-06 03:25:20,526 INFO: [Mamba..][epoch: 11, iter: 141,000, lr:(2.609e-04,)] [eta: 1 day, 11:45:14, time (data): 0.934 (0.018)] l_pix: 1.6762e-02 
2025-08-06 03:40:54,070 INFO: [Mamba..][epoch: 11, iter: 142,000, lr:(2.594e-04,)] [eta: 1 day, 11:34:02, time (data): 0.932 (0.019)] l_pix: 2.5171e-02 
2025-08-06 03:56:27,731 INFO: [Mamba..][epoch: 11, iter: 143,000, lr:(2.578e-04,)] [eta: 1 day, 11:22:47, time (data): 0.933 (0.016)] l_pix: 3.6057e-02 
2025-08-06 04:12:01,016 INFO: [Mamba..][epoch: 11, iter: 144,000, lr:(2.562e-04,)] [eta: 1 day, 11:11:28, time (data): 0.931 (0.017)] l_pix: 2.8318e-02 
2025-08-06 04:12:01,017 INFO: Saving models and training states.
2025-08-06 04:13:16,087 INFO: Validation ValSet,		 # psnr: 22.9028
2025-08-06 04:28:50,365 INFO: [Mamba..][epoch: 11, iter: 145,000, lr:(2.546e-04,)] [eta: 1 day, 11:01:27, time (data): 0.937 (0.019)] l_pix: 2.0182e-02 
2025-08-06 04:44:23,894 INFO: [Mamba..][epoch: 12, iter: 146,000, lr:(2.530e-04,)] [eta: 1 day, 10:50:00, time (data): 0.934 (0.015)] l_pix: 2.7687e-02 
2025-08-06 04:59:56,981 INFO: [Mamba..][epoch: 12, iter: 147,000, lr:(2.513e-04,)] [eta: 1 day, 10:38:29, time (data): 0.934 (0.017)] l_pix: 4.2176e-02 
2025-08-06 05:15:29,997 INFO: [Mamba..][epoch: 12, iter: 148,000, lr:(2.496e-04,)] [eta: 1 day, 10:26:55, time (data): 0.929 (0.017)] l_pix: 1.6520e-02 
2025-08-06 05:15:29,998 INFO: Saving models and training states.
2025-08-06 05:16:45,081 INFO: Validation ValSet,		 # psnr: 22.8557
2025-08-06 05:34:09,883 INFO: [Mamba..][epoch: 12, iter: 149,000, lr:(2.479e-04,)] [eta: 1 day, 10:18:27, time (data): 1.235 (0.018)] l_pix: 2.5446e-02 
2025-08-06 05:54:47,402 INFO: [Mamba..][epoch: 12, iter: 150,000, lr:(2.462e-04,)] [eta: 1 day, 10:11:49, time (data): 1.233 (0.017)] l_pix: 3.5874e-02 
2025-08-06 06:15:24,733 INFO: [Mamba..][epoch: 12, iter: 151,000, lr:(2.445e-04,)] [eta: 1 day, 10:04:59, time (data): 1.234 (0.018)] l_pix: 3.3589e-02 
2025-08-06 06:33:59,099 INFO: [Mamba..][epoch: 12, iter: 152,000, lr:(2.427e-04,)] [eta: 1 day, 9:55:59, time (data): 0.935 (0.019)] l_pix: 2.6129e-02 
2025-08-06 06:33:59,099 INFO: Saving models and training states.
2025-08-06 06:35:14,029 INFO: Validation ValSet,		 # psnr: 22.5667
2025-08-06 06:50:46,697 INFO: [Mamba..][epoch: 12, iter: 153,000, lr:(2.409e-04,)] [eta: 1 day, 9:45:09, time (data): 0.938 (0.015)] l_pix: 1.7164e-02 
2025-08-06 07:06:40,567 INFO: [Mamba..][epoch: 12, iter: 154,000, lr:(2.391e-04,)] [eta: 1 day, 9:33:23, time (data): 0.929 (0.017)] l_pix: 2.8658e-02 
2025-08-06 07:23:43,368 INFO: [Mamba..][epoch: 12, iter: 155,000, lr:(2.373e-04,)] [eta: 1 day, 9:22:38, time (data): 1.236 (0.018)] l_pix: 4.4631e-02 
2025-08-06 07:44:20,804 INFO: [Mamba..][epoch: 12, iter: 156,000, lr:(2.354e-04,)] [eta: 1 day, 9:15:07, time (data): 1.236 (0.018)] l_pix: 2.1425e-02 
2025-08-06 07:44:20,805 INFO: Saving models and training states.
2025-08-06 07:45:35,861 INFO: Validation ValSet,		 # psnr: 22.6346
2025-08-06 07:45:35,880 INFO: 
 Updating Patch_Size to 192 and Batch_Size to 16 

2025-08-06 08:13:02,415 INFO: [Mamba..][epoch: 12, iter: 157,000, lr:(2.336e-04,)] [eta: 1 day, 9:14:46, time (data): 1.643 (0.016)] l_pix: 2.1698e-02 
2025-08-06 08:40:29,127 INFO: [Mamba..][epoch: 13, iter: 158,000, lr:(2.317e-04,)] [eta: 1 day, 9:12:57, time (data): 1.648 (0.015)] l_pix: 2.7039e-02 
2025-08-06 09:07:55,174 INFO: [Mamba..][epoch: 13, iter: 159,000, lr:(2.298e-04,)] [eta: 1 day, 9:10:48, time (data): 1.648 (0.017)] l_pix: 2.4407e-02 
2025-08-06 09:35:21,289 INFO: [Mamba..][epoch: 13, iter: 160,000, lr:(2.278e-04,)] [eta: 1 day, 9:08:20, time (data): 1.650 (0.018)] l_pix: 3.3264e-02 
2025-08-06 09:35:21,290 INFO: Saving models and training states.
2025-08-06 09:36:36,445 INFO: Validation ValSet,		 # psnr: 22.7419
2025-08-06 10:04:02,122 INFO: [Mamba..][epoch: 13, iter: 161,000, lr:(2.259e-04,)] [eta: 1 day, 9:06:38, time (data): 1.641 (0.015)] l_pix: 2.1908e-02 
2025-08-06 10:31:21,828 INFO: [Mamba..][epoch: 13, iter: 162,000, lr:(2.239e-04,)] [eta: 1 day, 9:03:26, time (data): 1.641 (0.019)] l_pix: 3.8041e-02 
2025-08-06 10:58:41,352 INFO: [Mamba..][epoch: 13, iter: 163,000, lr:(2.220e-04,)] [eta: 1 day, 8:59:57, time (data): 1.644 (0.018)] l_pix: 2.7865e-02 
2025-08-06 11:26:00,673 INFO: [Mamba..][epoch: 13, iter: 164,000, lr:(2.200e-04,)] [eta: 1 day, 8:56:10, time (data): 1.637 (0.018)] l_pix: 2.3858e-02 
2025-08-06 11:26:00,674 INFO: Saving models and training states.
2025-08-06 11:27:15,650 INFO: Validation ValSet,		 # psnr: 23.1694
2025-08-06 11:49:13,270 INFO: [Mamba..][epoch: 13, iter: 165,000, lr:(2.180e-04,)] [eta: 1 day, 8:48:45, time (data): 1.215 (0.020)] l_pix: 4.1545e-02 
2025-08-06 12:09:29,966 INFO: [Mamba..][epoch: 13, iter: 166,000, lr:(2.159e-04,)] [eta: 1 day, 8:38:45, time (data): 1.212 (0.018)] l_pix: 2.4499e-02 
2025-08-06 12:29:45,945 INFO: [Mamba..][epoch: 13, iter: 167,000, lr:(2.139e-04,)] [eta: 1 day, 8:28:38, time (data): 1.336 (0.016)] l_pix: 2.2605e-02 
2025-08-06 12:50:02,488 INFO: [Mamba..][epoch: 13, iter: 168,000, lr:(2.119e-04,)] [eta: 1 day, 8:18:24, time (data): 1.214 (0.018)] l_pix: 3.5989e-02 
2025-08-06 12:50:02,489 INFO: Saving models and training states.
2025-08-06 12:51:17,718 INFO: Validation ValSet,		 # psnr: 22.9095
2025-08-06 13:11:34,526 INFO: [Mamba..][epoch: 13, iter: 169,000, lr:(2.098e-04,)] [eta: 1 day, 8:09:02, time (data): 1.214 (0.017)] l_pix: 2.7231e-02 
2025-08-06 13:31:51,495 INFO: [Mamba..][epoch: 14, iter: 170,000, lr:(2.077e-04,)] [eta: 1 day, 7:58:33, time (data): 1.221 (0.019)] l_pix: 2.0869e-02 
2025-08-06 13:52:08,549 INFO: [Mamba..][epoch: 14, iter: 171,000, lr:(2.056e-04,)] [eta: 1 day, 7:47:58, time (data): 1.218 (0.018)] l_pix: 2.6492e-02 
2025-08-06 14:12:25,385 INFO: [Mamba..][epoch: 14, iter: 172,000, lr:(2.035e-04,)] [eta: 1 day, 7:37:15, time (data): 1.212 (0.017)] l_pix: 1.9715e-02 
2025-08-06 14:12:25,386 INFO: Saving models and training states.
2025-08-06 14:13:40,510 INFO: Validation ValSet,		 # psnr: 22.5021
2025-08-06 14:33:57,190 INFO: [Mamba..][epoch: 14, iter: 173,000, lr:(2.014e-04,)] [eta: 1 day, 7:27:21, time (data): 1.215 (0.017)] l_pix: 4.7942e-02 
2025-08-06 15:00:27,301 INFO: [Mamba..][epoch: 14, iter: 174,000, lr:(1.993e-04,)] [eta: 1 day, 7:20:56, time (data): 1.642 (0.018)] l_pix: 1.9654e-02 
2025-08-06 15:25:00,021 INFO: [Mamba..][epoch: 14, iter: 175,000, lr:(1.971e-04,)] [eta: 1 day, 7:12:52, time (data): 1.216 (0.019)] l_pix: 2.4210e-02 
2025-08-06 15:45:16,581 INFO: [Mamba..][epoch: 14, iter: 176,000, lr:(1.950e-04,)] [eta: 1 day, 7:01:37, time (data): 1.216 (0.019)] l_pix: 1.4226e-02 
2025-08-06 15:45:16,582 INFO: Saving models and training states.
2025-08-06 15:46:31,573 INFO: Validation ValSet,		 # psnr: 22.6988
2025-08-06 16:06:48,417 INFO: [Mamba..][epoch: 14, iter: 177,000, lr:(1.928e-04,)] [eta: 1 day, 6:51:08, time (data): 1.219 (0.019)] l_pix: 3.5735e-02 
2025-08-06 16:27:05,414 INFO: [Mamba..][epoch: 14, iter: 178,000, lr:(1.906e-04,)] [eta: 1 day, 6:39:40, time (data): 1.217 (0.017)] l_pix: 1.4132e-02 
2025-08-06 16:52:49,593 INFO: [Mamba..][epoch: 14, iter: 179,000, lr:(1.885e-04,)] [eta: 1 day, 6:31:47, time (data): 1.639 (0.018)] l_pix: 1.8139e-02 
2025-08-06 17:20:15,427 INFO: [Mamba..][epoch: 14, iter: 180,000, lr:(1.863e-04,)] [eta: 1 day, 6:24:51, time (data): 1.642 (0.018)] l_pix: 2.1820e-02 
2025-08-06 17:20:15,428 INFO: Saving models and training states.
2025-08-06 17:21:30,484 INFO: Validation ValSet,		 # psnr: 22.8260
2025-08-06 17:46:44,932 INFO: [Mamba..][epoch: 14, iter: 181,000, lr:(1.841e-04,)] [eta: 1 day, 6:17:03, time (data): 1.217 (0.015)] l_pix: 2.4698e-02 
2025-08-06 18:08:51,894 INFO: [Mamba..][epoch: 15, iter: 182,000, lr:(1.819e-04,)] [eta: 1 day, 6:06:14, time (data): 1.638 (0.018)] l_pix: 3.6545e-02 
2025-08-06 18:31:37,706 INFO: [Mamba..][epoch: 15, iter: 183,000, lr:(1.797e-04,)] [eta: 1 day, 5:55:41, time (data): 1.216 (0.017)] l_pix: 3.6314e-02 
2025-08-06 18:51:54,414 INFO: [Mamba..][epoch: 15, iter: 184,000, lr:(1.775e-04,)] [eta: 1 day, 5:43:27, time (data): 1.214 (0.018)] l_pix: 2.0927e-02 
2025-08-06 18:51:54,415 INFO: Saving models and training states.
2025-08-06 18:53:09,327 INFO: Validation ValSet,		 # psnr: 23.0209
2025-08-06 19:16:38,349 INFO: [Mamba..][epoch: 15, iter: 185,000, lr:(1.752e-04,)] [eta: 1 day, 5:33:53, time (data): 1.641 (0.019)] l_pix: 4.1782e-02 
2025-08-06 19:38:17,701 INFO: [Mamba..][epoch: 15, iter: 186,000, lr:(1.730e-04,)] [eta: 1 day, 5:22:17, time (data): 1.221 (0.018)] l_pix: 3.2006e-02 
2025-08-06 20:00:42,341 INFO: [Mamba..][epoch: 15, iter: 187,000, lr:(1.708e-04,)] [eta: 1 day, 5:11:01, time (data): 1.211 (0.015)] l_pix: 1.9964e-02 
2025-08-06 20:20:58,311 INFO: [Mamba..][epoch: 15, iter: 188,000, lr:(1.685e-04,)] [eta: 1 day, 4:58:22, time (data): 1.216 (0.019)] l_pix: 2.9204e-02 
2025-08-06 20:20:58,312 INFO: Saving models and training states.
2025-08-06 20:22:13,296 INFO: Validation ValSet,		 # psnr: 22.7632
2025-08-06 20:42:30,576 INFO: [Mamba..][epoch: 15, iter: 189,000, lr:(1.663e-04,)] [eta: 1 day, 4:46:23, time (data): 1.219 (0.017)] l_pix: 3.7300e-02 
2025-08-06 21:02:47,346 INFO: [Mamba..][epoch: 15, iter: 190,000, lr:(1.640e-04,)] [eta: 1 day, 4:33:34, time (data): 1.212 (0.019)] l_pix: 2.9968e-02 
2025-08-06 21:23:04,329 INFO: [Mamba..][epoch: 15, iter: 191,000, lr:(1.618e-04,)] [eta: 1 day, 4:20:40, time (data): 1.211 (0.019)] l_pix: 1.6379e-02 
2025-08-06 21:43:20,899 INFO: [Mamba..][epoch: 15, iter: 192,000, lr:(1.595e-04,)] [eta: 1 day, 4:07:42, time (data): 1.216 (0.016)] l_pix: 2.0190e-02 
2025-08-06 21:43:20,900 INFO: Saving models and training states.
2025-08-06 21:44:36,055 INFO: Validation ValSet,		 # psnr: 22.8162
2025-08-06 22:04:53,154 INFO: [Mamba..][epoch: 15, iter: 193,000, lr:(1.573e-04,)] [eta: 1 day, 3:55:21, time (data): 1.213 (0.019)] l_pix: 2.0943e-02 
2025-08-06 22:25:10,528 INFO: [Mamba..][epoch: 15, iter: 194,000, lr:(1.550e-04,)] [eta: 1 day, 3:42:13, time (data): 1.212 (0.019)] l_pix: 2.0674e-02 
2025-08-06 22:45:28,546 INFO: [Mamba..][epoch: 16, iter: 195,000, lr:(1.528e-04,)] [eta: 1 day, 3:29:02, time (data): 1.212 (0.015)] l_pix: 2.3101e-02 
2025-08-06 23:05:45,569 INFO: [Mamba..][epoch: 16, iter: 196,000, lr:(1.505e-04,)] [eta: 1 day, 3:15:45, time (data): 1.219 (0.017)] l_pix: 2.0156e-02 
2025-08-06 23:05:45,570 INFO: Saving models and training states.
2025-08-06 23:07:00,581 INFO: Validation ValSet,		 # psnr: 22.9476
2025-08-06 23:27:17,546 INFO: [Mamba..][epoch: 16, iter: 197,000, lr:(1.482e-04,)] [eta: 1 day, 3:03:03, time (data): 1.218 (0.019)] l_pix: 1.8984e-02 
2025-08-06 23:47:34,667 INFO: [Mamba..][epoch: 16, iter: 198,000, lr:(1.460e-04,)] [eta: 1 day, 2:49:38, time (data): 1.211 (0.017)] l_pix: 2.5754e-02 
2025-08-07 00:07:52,138 INFO: [Mamba..][epoch: 16, iter: 199,000, lr:(1.437e-04,)] [eta: 1 day, 2:36:08, time (data): 1.209 (0.017)] l_pix: 1.9209e-02 
2025-08-07 00:33:54,559 INFO: [Mamba..][epoch: 16, iter: 200,000, lr:(1.415e-04,)] [eta: 1 day, 2:25:27, time (data): 1.651 (0.015)] l_pix: 1.4317e-02 
2025-08-07 00:33:54,560 INFO: Saving models and training states.
2025-08-07 00:35:09,548 INFO: Validation ValSet,		 # psnr: 22.9640
2025-08-07 00:58:56,804 INFO: [Mamba..][epoch: 16, iter: 201,000, lr:(1.392e-04,)] [eta: 1 day, 2:14:07, time (data): 1.218 (0.019)] l_pix: 2.4340e-02 
2025-08-07 01:24:28,643 INFO: [Mamba..][epoch: 16, iter: 202,000, lr:(1.370e-04,)] [eta: 1 day, 2:02:54, time (data): 1.654 (0.015)] l_pix: 3.2019e-02 
2025-08-07 01:51:07,834 INFO: [Mamba..][epoch: 16, iter: 203,000, lr:(1.347e-04,)] [eta: 1 day, 1:52:04, time (data): 1.222 (0.017)] l_pix: 1.8887e-02 
2025-08-07 02:11:24,999 INFO: [Mamba..][epoch: 16, iter: 204,000, lr:(1.325e-04,)] [eta: 1 day, 1:38:05, time (data): 1.210 (0.017)] l_pix: 2.2204e-02 
2025-08-07 02:11:25,000 INFO: Saving models and training states.
2025-08-07 02:12:40,249 INFO: Validation ValSet,		 # psnr: 22.8590
2025-08-07 02:12:40,265 INFO: 
 Updating Patch_Size to 256 and Batch_Size to 8 

2025-08-07 02:46:26,831 INFO: [Mamba..][epoch: 16, iter: 205,000, lr:(1.302e-04,)] [eta: 1 day, 1:30:52, time (data): 2.025 (0.015)] l_pix: 1.7943e-02 
2025-08-07 03:20:13,034 INFO: [Mamba..][epoch: 16, iter: 206,000, lr:(1.280e-04,)] [eta: 1 day, 1:22:48, time (data): 2.027 (0.019)] l_pix: 1.8031e-02 
2025-08-07 03:53:59,386 INFO: [Mamba..][epoch: 17, iter: 207,000, lr:(1.258e-04,)] [eta: 1 day, 1:14:30, time (data): 2.020 (0.016)] l_pix: 3.1932e-02 
2025-08-07 04:27:46,054 INFO: [Mamba..][epoch: 17, iter: 208,000, lr:(1.236e-04,)] [eta: 1 day, 1:05:57, time (data): 2.029 (0.017)] l_pix: 4.3035e-02 
2025-08-07 04:27:46,055 INFO: Saving models and training states.
2025-08-07 04:29:01,120 INFO: Validation ValSet,		 # psnr: 23.1215
2025-08-07 05:03:09,903 INFO: [Mamba..][epoch: 17, iter: 209,000, lr:(1.213e-04,)] [eta: 1 day, 0:57:52, time (data): 2.020 (0.020)] l_pix: 3.5829e-02 
2025-08-07 05:36:55,828 INFO: [Mamba..][epoch: 17, iter: 210,000, lr:(1.191e-04,)] [eta: 1 day, 0:48:49, time (data): 2.021 (0.018)] l_pix: 2.0139e-02 
2025-08-07 06:10:41,616 INFO: [Mamba..][epoch: 17, iter: 211,000, lr:(1.169e-04,)] [eta: 1 day, 0:39:33, time (data): 2.028 (0.016)] l_pix: 2.0610e-02 
2025-08-07 06:44:28,410 INFO: [Mamba..][epoch: 17, iter: 212,000, lr:(1.147e-04,)] [eta: 1 day, 0:30:02, time (data): 2.027 (0.016)] l_pix: 1.0085e-02 
2025-08-07 06:44:28,411 INFO: Saving models and training states.
2025-08-07 06:45:43,501 INFO: Validation ValSet,		 # psnr: 23.1806
2025-08-07 07:19:30,119 INFO: [Mamba..][epoch: 17, iter: 213,000, lr:(1.125e-04,)] [eta: 1 day, 0:20:49, time (data): 2.026 (0.016)] l_pix: 1.7452e-02 
2025-08-07 07:55:00,106 INFO: [Mamba..][epoch: 17, iter: 214,000, lr:(1.104e-04,)] [eta: 1 day, 0:11:33, time (data): 2.774 (0.016)] l_pix: 1.5324e-02 
2025-08-07 08:32:15,492 INFO: [Mamba..][epoch: 17, iter: 215,000, lr:(1.082e-04,)] [eta: 1 day, 0:02:43, time (data): 2.022 (0.017)] l_pix: 4.1996e-02 
2025-08-07 09:06:27,109 INFO: [Mamba..][epoch: 17, iter: 216,000, lr:(1.060e-04,)] [eta: 23:52:27, time (data): 2.782 (0.018)] l_pix: 1.9297e-02 
2025-08-07 09:06:27,110 INFO: Saving models and training states.
2025-08-07 09:07:42,342 INFO: Validation ValSet,		 # psnr: 23.3705
2025-08-07 09:53:59,733 INFO: [Mamba..][epoch: 17, iter: 217,000, lr:(1.039e-04,)] [eta: 23:47:03, time (data): 2.773 (0.018)] l_pix: 1.3521e-02 
2025-08-07 10:40:18,553 INFO: [Mamba..][epoch: 17, iter: 218,000, lr:(1.017e-04,)] [eta: 23:40:49, time (data): 2.782 (0.018)] l_pix: 1.7638e-02 
2025-08-07 11:17:05,252 INFO: [Mamba..][epoch: 18, iter: 219,000, lr:(9.961e-05,)] [eta: 23:30:41, time (data): 2.015 (0.015)] l_pix: 1.6561e-02 
2025-08-07 11:50:52,022 INFO: [Mamba..][epoch: 18, iter: 220,000, lr:(9.749e-05,)] [eta: 23:19:13, time (data): 2.024 (0.019)] l_pix: 2.8596e-02 
2025-08-07 11:50:52,022 INFO: Saving models and training states.
2025-08-07 11:52:07,113 INFO: Validation ValSet,		 # psnr: 23.3257
2025-08-07 12:25:54,299 INFO: [Mamba..][epoch: 18, iter: 221,000, lr:(9.538e-05,)] [eta: 23:08:00, time (data): 2.023 (0.019)] l_pix: 3.1791e-02 
2025-08-07 12:59:41,168 INFO: [Mamba..][epoch: 18, iter: 222,000, lr:(9.329e-05,)] [eta: 22:56:07, time (data): 2.018 (0.019)] l_pix: 1.3224e-02 
2025-08-07 13:33:27,810 INFO: [Mamba..][epoch: 18, iter: 223,000, lr:(9.121e-05,)] [eta: 22:44:03, time (data): 2.020 (0.019)] l_pix: 1.8065e-02 
2025-08-07 14:07:13,936 INFO: [Mamba..][epoch: 18, iter: 224,000, lr:(8.915e-05,)] [eta: 22:31:47, time (data): 2.022 (0.019)] l_pix: 2.1779e-02 
2025-08-07 14:07:13,937 INFO: Saving models and training states.
2025-08-07 14:08:29,019 INFO: Validation ValSet,		 # psnr: 23.1695
2025-08-07 14:49:48,717 INFO: [Mamba..][epoch: 18, iter: 225,000, lr:(8.709e-05,)] [eta: 22:22:16, time (data): 2.776 (0.018)] l_pix: 3.0439e-02 
2025-08-07 15:33:35,028 INFO: [Mamba..][epoch: 18, iter: 226,000, lr:(8.506e-05,)] [eta: 22:12:50, time (data): 2.025 (0.018)] l_pix: 2.5636e-02 
2025-08-07 16:07:21,624 INFO: [Mamba..][epoch: 18, iter: 227,000, lr:(8.303e-05,)] [eta: 21:59:54, time (data): 1.996 (0.018)] l_pix: 1.5662e-02 
2025-08-07 16:41:07,830 INFO: [Mamba..][epoch: 18, iter: 228,000, lr:(8.103e-05,)] [eta: 21:46:46, time (data): 2.031 (0.028)] l_pix: 2.1850e-02 
2025-08-07 16:41:07,830 INFO: Saving models and training states.
2025-08-07 16:42:23,045 INFO: Validation ValSet,		 # psnr: 23.4597
2025-08-07 17:16:09,330 INFO: [Mamba..][epoch: 18, iter: 229,000, lr:(7.903e-05,)] [eta: 21:33:51, time (data): 2.025 (0.016)] l_pix: 1.3123e-02 
2025-08-07 17:49:56,748 INFO: [Mamba..][epoch: 18, iter: 230,000, lr:(7.706e-05,)] [eta: 21:20:22, time (data): 2.022 (0.018)] l_pix: 1.9493e-02 
2025-08-07 18:23:43,726 INFO: [Mamba..][epoch: 19, iter: 231,000, lr:(7.510e-05,)] [eta: 21:06:42, time (data): 2.023 (0.017)] l_pix: 2.9881e-02 
2025-08-07 18:57:30,428 INFO: [Mamba..][epoch: 19, iter: 232,000, lr:(7.316e-05,)] [eta: 20:52:52, time (data): 2.022 (0.017)] l_pix: 2.2001e-02 
2025-08-07 18:57:30,429 INFO: Saving models and training states.
2025-08-07 18:58:45,474 INFO: Validation ValSet,		 # psnr: 23.4049
2025-08-07 19:32:32,255 INFO: [Mamba..][epoch: 19, iter: 233,000, lr:(7.124e-05,)] [eta: 20:39:13, time (data): 2.018 (0.018)] l_pix: 2.0917e-02 
2025-08-07 20:06:19,665 INFO: [Mamba..][epoch: 19, iter: 234,000, lr:(6.933e-05,)] [eta: 20:25:02, time (data): 2.021 (0.019)] l_pix: 1.7924e-02 
2025-08-07 20:40:06,778 INFO: [Mamba..][epoch: 19, iter: 235,000, lr:(6.744e-05,)] [eta: 20:10:41, time (data): 2.019 (0.019)] l_pix: 1.8494e-02 
2025-08-07 21:13:53,651 INFO: [Mamba..][epoch: 19, iter: 236,000, lr:(6.558e-05,)] [eta: 19:56:10, time (data): 2.025 (0.015)] l_pix: 1.4679e-02 
2025-08-07 21:13:53,652 INFO: Saving models and training states.
2025-08-07 21:15:08,873 INFO: Validation ValSet,		 # psnr: 23.3426
2025-08-07 21:48:55,066 INFO: [Mamba..][epoch: 19, iter: 237,000, lr:(6.373e-05,)] [eta: 19:41:49, time (data): 2.027 (0.019)] l_pix: 2.0470e-02 
2025-08-07 22:22:41,492 INFO: [Mamba..][epoch: 19, iter: 238,000, lr:(6.190e-05,)] [eta: 19:26:58, time (data): 2.018 (0.019)] l_pix: 2.1007e-02 
2025-08-07 22:56:27,875 INFO: [Mamba..][epoch: 19, iter: 239,000, lr:(6.009e-05,)] [eta: 19:11:57, time (data): 2.140 (0.019)] l_pix: 2.9400e-02 
2025-08-07 23:30:13,847 INFO: [Mamba..][epoch: 19, iter: 240,000, lr:(5.830e-05,)] [eta: 18:56:47, time (data): 2.026 (0.017)] l_pix: 1.9549e-02 
2025-08-07 23:30:13,848 INFO: Saving models and training states.
