2025-08-03 10:28:04,711 INFO: 
                ____                _       _____  ____
               / __ ) ____ _ _____ (_)_____/ ___/ / __ \
              / __  |/ __ `// ___// // ___/\__ \ / /_/ /
             / /_/ // /_/ /(__  )/ // /__ ___/ // _, _/
            /_____/ \__,_//____//_/ \___//____//_/ |_|
     ______                   __   __                 __      __
    / ____/____   ____   ____/ /  / /   __  __ _____ / /__   / /
   / / __ / __ \ / __ \ / __  /  / /   / / / // ___// //_/  / /
  / /_/ // /_/ // /_/ // /_/ /  / /___/ /_/ // /__ / /<    /_/
  \____/ \____/ \____/ \____/  /_____/\____/ \___//_/|_|  (_)
    
Version Information: 
	BasicSR: 1.2.0+863ca48
	PyTorch: 2.3.1+cu118
	TorchVision: 0.18.1+cu118
2025-08-03 10:28:04,711 INFO: 
  name: MambaIR_Lowlight_Enhance
  model_type: MambaIRv2Model
  scale: 1
  num_gpu: 4
  manual_seed: 100
  datasets:[
    train:[
      name: TrainSet
      type: PairedImageDataset
      dataroot_gt: /data/lgl/datasets/LowLight/LOL-v1/our485/high
      dataroot_lq: /data/lgl/datasets/LowLight/LOL-v1/our485/low
      geometric_augs: True
      filename_tmpl: {}
      io_backend:[
        type: disk
      ]
      use_shuffle: True
      num_worker_per_gpu: 0
      batch_size_per_gpu: 1
      mini_batch_sizes: [8]
      iters: [300000]
      gt_size: 128
      gt_sizes: [128]
      dataset_enlarge_ratio: 100
      prefetch_mode: None
      phase: train
      scale: 1
    ]
    val:[
      name: ValSet
      type: PairedImageDataset
      dataroot_gt: /data/lgl/datasets/LowLight/LOL-v1/eval15/high
      dataroot_lq: /data/lgl/datasets/LowLight/LOL-v1/eval15/high
      io_backend:[
        type: disk
      ]
      phase: val
      scale: 1
    ]
  ]
  network_g:[
    type: MambaIRv2
    upscale: 1
    in_chans: 3
    img_size: 128
    img_range: 1.0
    embed_dim: 174
    d_state: 16
    depths: [6, 6, 6, 6, 6, 6]
    num_heads: [6, 6, 6, 6, 6, 6]
    window_size: 16
    inner_rank: 64
    num_tokens: 128
    convffn_kernel_size: 5
    mlp_ratio: 2.0
  ]
  path:[
    pretrain_network_g: None
    strict_load_g: True
    resume_state: None
    experiments_root: /data/lgl/codes/MambaIR/experiments/MambaIR_Lowlight_Enhance
    models: /data/lgl/codes/MambaIR/experiments/MambaIR_Lowlight_Enhance/models
    training_states: /data/lgl/codes/MambaIR/experiments/MambaIR_Lowlight_Enhance/training_states
    log: /data/lgl/codes/MambaIR/experiments/MambaIR_Lowlight_Enhance
    visualization: /data/lgl/codes/MambaIR/experiments/MambaIR_Lowlight_Enhance/visualization
  ]
  train:[
    total_iter: 300000
    warmup_iter: -1
    use_grad_clip: True
    scheduler:[
      type: CosineAnnealingRestartCyclicLR
      periods: [92000, 208000]
      restart_weights: [1, 1]
      eta_mins: [0.0003, 1e-06]
    ]
    mixing_augs:[
      mixup: True
      mixup_beta: 1.2
      use_identity: True
    ]
    optim_g:[
      type: Adam
      lr: 0.0003
      weight_decay: 0.0001
      betas: [0.9, 0.999]
    ]
    pixel_opt:[
      type: L1Loss
      loss_weight: 1
      reduction: mean
    ]
  ]
  val:[
    window_size: 8
    val_freq: 4000.0
    save_img: False
    rgb2bgr: True
    use_image: False
    max_minibatch: 8
    metrics:[
      psnr:[
        type: calculate_psnr
        crop_border: 0
        test_y_channel: False
      ]
    ]
  ]
  logger:[
    print_freq: 1000
    save_checkpoint_freq: 4000.0
    use_tb_logger: True
    wandb:[
      project: None
      resume_id: None
    ]
  ]
  dist_params:[
    backend: nccl
    port: 29500
  ]
  dist: True
  rank: 0
  world_size: 4
  auto_resume: False
  is_train: True
  root_path: /data/lgl/codes/MambaIR

2025-08-03 10:28:04,839 INFO: Dataset [PairedImageDataset] - TrainSet is built.
2025-08-03 10:28:04,839 INFO: Training statistics:
	Number of train images: 485
	Dataset enlarge ratio: 100
	Batch size per gpu: 1
	World size (gpu number): 4
	Require iter number per epoch: 12125
	Total epochs: 25; iters: 300000.
2025-08-03 10:28:04,840 INFO: Dataset [PairedImageDataset] - ValSet is built.
2025-08-03 10:28:04,840 INFO: Number of val images/folders in ValSet: 15
2025-08-03 10:28:05,284 INFO: Network [MambaIRv2] is created.
2025-08-03 10:28:05,917 INFO: Network: DistributedDataParallel - MambaIRv2, with parameters: 22,657,971
2025-08-03 10:28:05,918 INFO: MambaIRv2(
  (conv_first): Conv2d(3, 174, kernel_size=(3, 3), stride=(1, 1), padding=(1, 1))
  (patch_embed): PatchEmbed(
    (norm): LayerNorm((174,), eps=1e-05, elementwise_affine=True)
  )
  (patch_unembed): PatchUnEmbed()
  (layers): ModuleList(
    (0-5): 6 x ASSB(
      (patch_embed): PatchEmbed()
      (patch_unembed): PatchUnEmbed()
      (residual_group): BasicBlock(
        dim=174, input_resolution=(128, 128), depth=6
        (layers): ModuleList(
          (0-5): 6 x AttentiveLayer(
            (softmax): Softmax(dim=-1)
            (lrelu): LeakyReLU(negative_slope=0.01)
            (sigmoid): Sigmoid()
            (norm1): LayerNorm((174,), eps=1e-05, elementwise_affine=True)
            (norm2): LayerNorm((174,), eps=1e-05, elementwise_affine=True)
            (norm3): LayerNorm((174,), eps=1e-05, elementwise_affine=True)
            (norm4): LayerNorm((174,), eps=1e-05, elementwise_affine=True)
            (wqkv): Linear(in_features=174, out_features=522, bias=True)
            (win_mhsa): WindowAttention(
              dim=174, window_size=(16, 16), num_heads=6, qkv_bias=True
              (proj): Linear(in_features=174, out_features=174, bias=True)
              (softmax): Softmax(dim=-1)
            )
            (assm): ASSM(
              (selectiveScan): Selective_Scan()
              (out_norm): LayerNorm((348,), eps=1e-05, elementwise_affine=True)
              (act): SiLU()
              (out_proj): Linear(in_features=348, out_features=174, bias=True)
              (in_proj): Sequential(
                (0): Conv2d(174, 348, kernel_size=(1, 1), stride=(1, 1))
              )
              (CPE): Sequential(
                (0): Conv2d(348, 348, kernel_size=(3, 3), stride=(1, 1), padding=(1, 1), groups=348)
              )
              (embeddingB): Embedding(128, 64)
              (route): Sequential(
                (0): Linear(in_features=174, out_features=58, bias=True)
                (1): GELU(approximate='none')
                (2): Linear(in_features=58, out_features=128, bias=True)
                (3): LogSoftmax(dim=-1)
              )
            )
            (convffn1): ConvFFN(
              (fc1): Linear(in_features=174, out_features=348, bias=True)
              (act): GELU(approximate='none')
              (dwconv): dwconv(
                (depthwise_conv): Sequential(
                  (0): Conv2d(348, 348, kernel_size=(5, 5), stride=(1, 1), padding=(2, 2), groups=348)
                  (1): GELU(approximate='none')
                )
              )
              (fc2): Linear(in_features=348, out_features=174, bias=True)
            )
            (convffn2): ConvFFN(
              (fc1): Linear(in_features=174, out_features=348, bias=True)
              (act): GELU(approximate='none')
              (dwconv): dwconv(
                (depthwise_conv): Sequential(
                  (0): Conv2d(348, 348, kernel_size=(5, 5), stride=(1, 1), padding=(2, 2), groups=348)
                  (1): GELU(approximate='none')
                )
              )
              (fc2): Linear(in_features=348, out_features=174, bias=True)
            )
            (embeddingA): Embedding(64, 16)
          )
        )
      )
      (conv): Conv2d(174, 174, kernel_size=(3, 3), stride=(1, 1), padding=(1, 1))
    )
  )
  (norm): LayerNorm((174,), eps=1e-05, elementwise_affine=True)
  (conv_after_body): Conv2d(174, 174, kernel_size=(3, 3), stride=(1, 1), padding=(1, 1))
  (conv_last): Conv2d(174, 3, kernel_size=(3, 3), stride=(1, 1), padding=(1, 1))
)
2025-08-03 10:28:05,922 INFO: Loss [L1Loss] is created.
