2025-11-19 19:04:11,290 INFO: 
                ____                _       _____  ____
               / __ ) ____ _ _____ (_)_____/ ___/ / __ \
              / __  |/ __ `// ___// // ___/\__ \ / /_/ /
             / /_/ // /_/ /(__  )/ // /__ ___/ // _, _/
            /_____/ \__,_//____//_/ \___//____//_/ |_|
     ______                   __   __                 __      __
    / ____/____   ____   ____/ /  / /   __  __ _____ / /__   / /
   / / __ / __ \ / __ \ / __  /  / /   / / / // ___// //_/  / /
  / /_/ // /_/ // /_/ // /_/ /  / /___/ /_/ // /__ / /<    /_/
  \____/ \____/ \____/ \____/  /_____/\____/ \___//_/|_|  (_)
    
Version Information: 
	BasicSR: 1.2.0+863ca48
	PyTorch: 2.3.1+cu121
	TorchVision: 0.18.1+cu121
2025-11-19 19:04:11,290 INFO: 
  name: MambaIR_MaIRUNet_small_LOLv1_new_1117
  model_type: ImageCleanModel
  scale: 1
  num_gpu: 4
  manual_seed: 100
  datasets:[
    train:[
      name: TrainSet
      type: Dataset_PairedImage
      dataroot_gt: /data/lgl/datasets/LowLight/LOL-v1/our485/high
      dataroot_lq: /data/lgl/datasets/LowLight/LOL-v1/our485/low
      geometric_augs: True
      filename_tmpl: {}
      io_backend:[
        type: disk
      ]
      use_shuffle: True
      num_worker_per_gpu: 0
      batch_size_per_gpu: 1
      mini_batch_sizes: [8, 5, 4, 2, 1, 1]
      iters: [92000, 64000, 48000, 36000, 36000, 24000]
      gt_size: 384
      gt_sizes: [128, 160, 192, 256, 320, 320]
      dataset_enlarge_ratio: 100
      prefetch_mode: None
      phase: train
      scale: 1
    ]
    val:[
      name: ValSet
      type: Dataset_PairedImage
      dataroot_gt: /data/lgl/datasets/LowLight/LOL-v1/eval15/high
      dataroot_lq: /data/lgl/datasets/LowLight/LOL-v1/eval15/low
      io_backend:[
        type: disk
      ]
      phase: val
      scale: 1
    ]
  ]
  network_g:[
    type: MaIRUNet
    img_size: 128
    patch_size: 1
    ssm_ratio: 2.0
    scan_len: 4
    inp_channels: 3
    out_channels: 3
    dim: 48
    num_blocks: [2, 4, 4, 8]
    num_refinement_blocks: 2
    mlp_ratio: 1.5
    bias: False
    dual_pixel_task: False
  ]
  path:[
    pretrain_network_g: None
    strict_load_g: True
    resume_state: experiments/MambaIR_MaIRUNet_small_LOLv1_new_1117/training_states/68000.state
    root: /data/lgl/codes/MambaIR/realDenoising
    experiments_root: /data/lgl/codes/MambaIR/realDenoising/experiments/MambaIR_MaIRUNet_small_LOLv1_new_1117
    models: /data/lgl/codes/MambaIR/realDenoising/experiments/MambaIR_MaIRUNet_small_LOLv1_new_1117/models
    training_states: /data/lgl/codes/MambaIR/realDenoising/experiments/MambaIR_MaIRUNet_small_LOLv1_new_1117/training_states
    log: /data/lgl/codes/MambaIR/realDenoising/experiments/MambaIR_MaIRUNet_small_LOLv1_new_1117
    visualization: /data/lgl/codes/MambaIR/realDenoising/experiments/MambaIR_MaIRUNet_small_LOLv1_new_1117/visualization
  ]
  train:[
    total_iter: 300000
    warmup_iter: -1
    use_grad_clip: True
    scheduler:[
      type: CosineAnnealingRestartCyclicLR
      periods: [92000, 208000]
      restart_weights: [1, 1]
      eta_mins: [0.0003, 1e-06]
    ]
    mixing_augs:[
      mixup: True
      mixup_beta: 1.2
      use_identity: True
    ]
    optim_g:[
      type: AdamW
      lr: 0.0003
      weight_decay: 0.0001
      betas: [0.9, 0.999]
    ]
    pixel_opt:[
      type: L1Loss
      loss_weight: 1
      reduction: mean
    ]
  ]
  val:[
    window_size: 8
    val_freq: 4000.0
    save_img: False
    rgb2bgr: True
    use_image: False
    max_minibatch: 8
    metrics:[
      psnr:[
        type: calculate_psnr
        crop_border: 0
        test_y_channel: False
      ]
    ]
  ]
  logger:[
    print_freq: 1000
    save_checkpoint_freq: 4000.0
    use_tb_logger: True
    wandb:[
      project: None
      resume_id: None
    ]
  ]
  dist_params:[
    backend: nccl
    port: 29500
  ]
  is_train: True
  dist: True
  rank: 0
  world_size: 4

2025-11-19 19:04:11,453 INFO: Dataset Dataset_PairedImage - TrainSet is created.
2025-11-19 19:04:11,454 INFO: Training statistics:
	Number of train images: 485
	Dataset enlarge ratio: 100
	Batch size per gpu: 1
	World size (gpu number): 4
	Require iter number per epoch: 12125
	Total epochs: 25; iters: 300000.
2025-11-19 19:04:11,455 INFO: Dataset Dataset_PairedImage - ValSet is created.
2025-11-19 19:04:11,455 INFO: Number of val images/folders in ValSet: 15
2025-11-19 19:04:11,456 INFO: Set pretrain_network_g to /data/lgl/codes/MambaIR/realDenoising/experiments/MambaIR_MaIRUNet_small_LOLv1_new_1117/models/net_g_68000.pth
2025-11-19 19:04:13,833 INFO: Network: DistributedDataParallel - MaIRUNet, with parameters: 47,571,180
2025-11-19 19:04:13,834 INFO: MaIRUNet(
  (conv_first): Conv2d(3, 48, kernel_size=(3, 3), stride=(1, 1), padding=(1, 1))
  (patch_embed): PatchEmbed(
    (norm): LayerNorm((48,), eps=1e-05, elementwise_affine=True)
  )
  (encoder_level1): ModuleList(
    (0-1): 2 x RMB(
      (ln_1): LayerNorm((48,), eps=1e-05, elementwise_affine=True)
      (self_attention): VMM(
        (in_proj): Linear(in_features=48, out_features=192, bias=False)
        (conv2d): Conv2d(96, 96, kernel_size=(3, 3), stride=(1, 1), padding=(1, 1), groups=96)
        (act): SiLU()
        (out_norm): LayerNorm((96,), eps=1e-05, elementwise_affine=True)
        (out_proj): Linear(in_features=96, out_features=48, bias=False)
        (gating): ShuffleAttn(
          (gating): Sequential(
            (0): AdaptiveAvgPool2d(output_size=1)
            (1): Conv2d(384, 384, kernel_size=(1, 1), stride=(1, 1), groups=96)
            (2): Sigmoid()
          )
        )
      )
      (drop_path): DropPath()
      (conv_blk): FeedForwardMoE(
        (act): GELU(approximate='none')
        (project_in): Linear(in_features=48, out_features=72, bias=True)
        (experts): ModuleList(
          (0): Sequential(
            (0): Linear(in_features=72, out_features=72, bias=True)
            (1): GELU(approximate='none')
            (2): Linear(in_features=72, out_features=72, bias=True)
          )
          (1): Sequential(
            (0): Linear(in_features=72, out_features=57, bias=True)
            (1): GELU(approximate='none')
            (2): Linear(in_features=57, out_features=72, bias=True)
          )
          (2): Sequential(
            (0): Linear(in_features=72, out_features=86, bias=True)
            (1): GELU(approximate='none')
            (2): Linear(in_features=86, out_features=72, bias=True)
          )
        )
        (illum_to_logits): Linear(in_features=72, out_features=3, bias=True)
        (mix_proj): Sequential(
          (0): Linear(in_features=72, out_features=72, bias=True)
          (1): GELU(approximate='none')
        )
        (project_out): Linear(in_features=72, out_features=48, bias=True)
        (drop): Identity()
      )
      (ln_2): LayerNorm((48,), eps=1e-05, elementwise_affine=True)
    )
  )
  (down1_2): Downsample(
    (body): Sequential(
      (0): Conv2d(48, 24, kernel_size=(3, 3), stride=(1, 1), padding=(1, 1), bias=False)
      (1): PixelUnshuffle(downscale_factor=2)
    )
  )
  (encoder_level2): ModuleList(
    (0-3): 4 x RMB(
      (ln_1): LayerNorm((96,), eps=1e-05, elementwise_affine=True)
      (self_attention): VMM(
        (in_proj): Linear(in_features=96, out_features=384, bias=False)
        (conv2d): Conv2d(192, 192, kernel_size=(3, 3), stride=(1, 1), padding=(1, 1), groups=192)
        (act): SiLU()
        (out_norm): LayerNorm((192,), eps=1e-05, elementwise_affine=True)
        (out_proj): Linear(in_features=192, out_features=96, bias=False)
        (gating): ShuffleAttn(
          (gating): Sequential(
            (0): AdaptiveAvgPool2d(output_size=1)
            (1): Conv2d(768, 768, kernel_size=(1, 1), stride=(1, 1), groups=192)
            (2): Sigmoid()
          )
        )
      )
      (drop_path): DropPath()
      (conv_blk): FeedForwardMoE(
        (act): GELU(approximate='none')
        (project_in): Linear(in_features=96, out_features=144, bias=True)
        (experts): ModuleList(
          (0): Sequential(
            (0): Linear(in_features=144, out_features=144, bias=True)
            (1): GELU(approximate='none')
            (2): Linear(in_features=144, out_features=144, bias=True)
          )
          (1): Sequential(
            (0): Linear(in_features=144, out_features=115, bias=True)
            (1): GELU(approximate='none')
            (2): Linear(in_features=115, out_features=144, bias=True)
          )
          (2): Sequential(
            (0): Linear(in_features=144, out_features=172, bias=True)
            (1): GELU(approximate='none')
            (2): Linear(in_features=172, out_features=144, bias=True)
          )
        )
        (illum_to_logits): Linear(in_features=144, out_features=3, bias=True)
        (mix_proj): Sequential(
          (0): Linear(in_features=144, out_features=144, bias=True)
          (1): GELU(approximate='none')
        )
        (project_out): Linear(in_features=144, out_features=96, bias=True)
        (drop): Identity()
      )
      (ln_2): LayerNorm((96,), eps=1e-05, elementwise_affine=True)
    )
  )
  (down2_3): Downsample(
    (body): Sequential(
      (0): Conv2d(96, 48, kernel_size=(3, 3), stride=(1, 1), padding=(1, 1), bias=False)
      (1): PixelUnshuffle(downscale_factor=2)
    )
  )
  (encoder_level3): ModuleList(
    (0-3): 4 x RMB(
      (ln_1): LayerNorm((192,), eps=1e-05, elementwise_affine=True)
      (self_attention): VMM(
        (in_proj): Linear(in_features=192, out_features=768, bias=False)
        (conv2d): Conv2d(384, 384, kernel_size=(3, 3), stride=(1, 1), padding=(1, 1), groups=384)
        (act): SiLU()
        (out_norm): LayerNorm((384,), eps=1e-05, elementwise_affine=True)
        (out_proj): Linear(in_features=384, out_features=192, bias=False)
        (gating): ShuffleAttn(
          (gating): Sequential(
            (0): AdaptiveAvgPool2d(output_size=1)
            (1): Conv2d(1536, 1536, kernel_size=(1, 1), stride=(1, 1), groups=384)
            (2): Sigmoid()
          )
        )
      )
      (drop_path): DropPath()
      (conv_blk): FeedForwardMoE(
        (act): GELU(approximate='none')
        (project_in): Linear(in_features=192, out_features=288, bias=True)
        (experts): ModuleList(
          (0): Sequential(
            (0): Linear(in_features=288, out_features=288, bias=True)
            (1): GELU(approximate='none')
            (2): Linear(in_features=288, out_features=288, bias=True)
          )
          (1): Sequential(
            (0): Linear(in_features=288, out_features=230, bias=True)
            (1): GELU(approximate='none')
            (2): Linear(in_features=230, out_features=288, bias=True)
          )
          (2): Sequential(
            (0): Linear(in_features=288, out_features=345, bias=True)
            (1): GELU(approximate='none')
            (2): Linear(in_features=345, out_features=288, bias=True)
          )
        )
        (illum_to_logits): Linear(in_features=288, out_features=3, bias=True)
        (mix_proj): Sequential(
          (0): Linear(in_features=288, out_features=288, bias=True)
          (1): GELU(approximate='none')
        )
        (project_out): Linear(in_features=288, out_features=192, bias=True)
        (drop): Identity()
      )
      (ln_2): LayerNorm((192,), eps=1e-05, elementwise_affine=True)
    )
  )
  (down3_4): Downsample(
    (body): Sequential(
      (0): Conv2d(192, 96, kernel_size=(3, 3), stride=(1, 1), padding=(1, 1), bias=False)
      (1): PixelUnshuffle(downscale_factor=2)
    )
  )
  (latent): ModuleList(
    (0-7): 8 x RMB(
      (ln_1): LayerNorm((384,), eps=1e-05, elementwise_affine=True)
      (self_attention): VMM(
        (in_proj): Linear(in_features=384, out_features=1536, bias=False)
        (conv2d): Conv2d(768, 768, kernel_size=(3, 3), stride=(1, 1), padding=(1, 1), groups=768)
        (act): SiLU()
        (out_norm): LayerNorm((768,), eps=1e-05, elementwise_affine=True)
        (out_proj): Linear(in_features=768, out_features=384, bias=False)
        (gating): ShuffleAttn(
          (gating): Sequential(
            (0): AdaptiveAvgPool2d(output_size=1)
            (1): Conv2d(3072, 3072, kernel_size=(1, 1), stride=(1, 1), groups=768)
            (2): Sigmoid()
          )
        )
      )
      (drop_path): DropPath()
      (conv_blk): FeedForwardMoE(
        (act): GELU(approximate='none')
        (project_in): Linear(in_features=384, out_features=576, bias=True)
        (experts): ModuleList(
          (0): Sequential(
            (0): Linear(in_features=576, out_features=576, bias=True)
            (1): GELU(approximate='none')
            (2): Linear(in_features=576, out_features=576, bias=True)
          )
          (1): Sequential(
            (0): Linear(in_features=576, out_features=460, bias=True)
            (1): GELU(approximate='none')
            (2): Linear(in_features=460, out_features=576, bias=True)
          )
          (2): Sequential(
            (0): Linear(in_features=576, out_features=691, bias=True)
            (1): GELU(approximate='none')
            (2): Linear(in_features=691, out_features=576, bias=True)
          )
        )
        (illum_to_logits): Linear(in_features=576, out_features=3, bias=True)
        (mix_proj): Sequential(
          (0): Linear(in_features=576, out_features=576, bias=True)
          (1): GELU(approximate='none')
        )
        (project_out): Linear(in_features=576, out_features=384, bias=True)
        (drop): Identity()
      )
      (ln_2): LayerNorm((384,), eps=1e-05, elementwise_affine=True)
    )
  )
  (up4_3): Upsample(
    (body): Sequential(
      (0): Conv2d(384, 768, kernel_size=(3, 3), stride=(1, 1), padding=(1, 1), bias=False)
      (1): PixelShuffle(upscale_factor=2)
    )
  )
  (reduce_chan_level3): Conv2d(384, 192, kernel_size=(1, 1), stride=(1, 1), bias=False)
  (decoder_level3): ModuleList(
    (0-3): 4 x RMB(
      (ln_1): LayerNorm((192,), eps=1e-05, elementwise_affine=True)
      (self_attention): VMM(
        (in_proj): Linear(in_features=192, out_features=768, bias=False)
        (conv2d): Conv2d(384, 384, kernel_size=(3, 3), stride=(1, 1), padding=(1, 1), groups=384)
        (act): SiLU()
        (out_norm): LayerNorm((384,), eps=1e-05, elementwise_affine=True)
        (out_proj): Linear(in_features=384, out_features=192, bias=False)
        (gating): ShuffleAttn(
          (gating): Sequential(
            (0): AdaptiveAvgPool2d(output_size=1)
            (1): Conv2d(1536, 1536, kernel_size=(1, 1), stride=(1, 1), groups=384)
            (2): Sigmoid()
          )
        )
      )
      (drop_path): DropPath()
      (conv_blk): FeedForwardMoE(
        (act): GELU(approximate='none')
        (project_in): Linear(in_features=192, out_features=288, bias=True)
        (experts): ModuleList(
          (0): Sequential(
            (0): Linear(in_features=288, out_features=288, bias=True)
            (1): GELU(approximate='none')
            (2): Linear(in_features=288, out_features=288, bias=True)
          )
          (1): Sequential(
            (0): Linear(in_features=288, out_features=230, bias=True)
            (1): GELU(approximate='none')
            (2): Linear(in_features=230, out_features=288, bias=True)
          )
          (2): Sequential(
            (0): Linear(in_features=288, out_features=345, bias=True)
            (1): GELU(approximate='none')
            (2): Linear(in_features=345, out_features=288, bias=True)
          )
        )
        (illum_to_logits): Linear(in_features=288, out_features=3, bias=True)
        (mix_proj): Sequential(
          (0): Linear(in_features=288, out_features=288, bias=True)
          (1): GELU(approximate='none')
        )
        (project_out): Linear(in_features=288, out_features=192, bias=True)
        (drop): Identity()
      )
      (ln_2): LayerNorm((192,), eps=1e-05, elementwise_affine=True)
    )
  )
  (up3_2): Upsample(
    (body): Sequential(
      (0): Conv2d(192, 384, kernel_size=(3, 3), stride=(1, 1), padding=(1, 1), bias=False)
      (1): PixelShuffle(upscale_factor=2)
    )
  )
  (reduce_chan_level2): Conv2d(192, 96, kernel_size=(1, 1), stride=(1, 1), bias=False)
  (decoder_level2): ModuleList(
    (0-3): 4 x RMB(
      (ln_1): LayerNorm((96,), eps=1e-05, elementwise_affine=True)
      (self_attention): VMM(
        (in_proj): Linear(in_features=96, out_features=384, bias=False)
        (conv2d): Conv2d(192, 192, kernel_size=(3, 3), stride=(1, 1), padding=(1, 1), groups=192)
        (act): SiLU()
        (out_norm): LayerNorm((192,), eps=1e-05, elementwise_affine=True)
        (out_proj): Linear(in_features=192, out_features=96, bias=False)
        (gating): ShuffleAttn(
          (gating): Sequential(
            (0): AdaptiveAvgPool2d(output_size=1)
            (1): Conv2d(768, 768, kernel_size=(1, 1), stride=(1, 1), groups=192)
            (2): Sigmoid()
          )
        )
      )
      (drop_path): DropPath()
      (conv_blk): FeedForwardMoE(
        (act): GELU(approximate='none')
        (project_in): Linear(in_features=96, out_features=144, bias=True)
        (experts): ModuleList(
          (0): Sequential(
            (0): Linear(in_features=144, out_features=144, bias=True)
            (1): GELU(approximate='none')
            (2): Linear(in_features=144, out_features=144, bias=True)
          )
          (1): Sequential(
            (0): Linear(in_features=144, out_features=115, bias=True)
            (1): GELU(approximate='none')
            (2): Linear(in_features=115, out_features=144, bias=True)
          )
          (2): Sequential(
            (0): Linear(in_features=144, out_features=172, bias=True)
            (1): GELU(approximate='none')
            (2): Linear(in_features=172, out_features=144, bias=True)
          )
        )
        (illum_to_logits): Linear(in_features=144, out_features=3, bias=True)
        (mix_proj): Sequential(
          (0): Linear(in_features=144, out_features=144, bias=True)
          (1): GELU(approximate='none')
        )
        (project_out): Linear(in_features=144, out_features=96, bias=True)
        (drop): Identity()
      )
      (ln_2): LayerNorm((96,), eps=1e-05, elementwise_affine=True)
    )
  )
  (up2_1): Upsample(
    (body): Sequential(
      (0): Conv2d(96, 192, kernel_size=(3, 3), stride=(1, 1), padding=(1, 1), bias=False)
      (1): PixelShuffle(upscale_factor=2)
    )
  )
  (decoder_level1): ModuleList(
    (0-1): 2 x RMB(
      (ln_1): LayerNorm((96,), eps=1e-05, elementwise_affine=True)
      (self_attention): VMM(
        (in_proj): Linear(in_features=96, out_features=384, bias=False)
        (conv2d): Conv2d(192, 192, kernel_size=(3, 3), stride=(1, 1), padding=(1, 1), groups=192)
        (act): SiLU()
        (out_norm): LayerNorm((192,), eps=1e-05, elementwise_affine=True)
        (out_proj): Linear(in_features=192, out_features=96, bias=False)
        (gating): ShuffleAttn(
          (gating): Sequential(
            (0): AdaptiveAvgPool2d(output_size=1)
            (1): Conv2d(768, 768, kernel_size=(1, 1), stride=(1, 1), groups=192)
            (2): Sigmoid()
          )
        )
      )
      (drop_path): DropPath()
      (conv_blk): FeedForwardMoE(
        (act): GELU(approximate='none')
        (project_in): Linear(in_features=96, out_features=144, bias=True)
        (experts): ModuleList(
          (0): Sequential(
            (0): Linear(in_features=144, out_features=144, bias=True)
            (1): GELU(approximate='none')
            (2): Linear(in_features=144, out_features=144, bias=True)
          )
          (1): Sequential(
            (0): Linear(in_features=144, out_features=115, bias=True)
            (1): GELU(approximate='none')
            (2): Linear(in_features=115, out_features=144, bias=True)
          )
          (2): Sequential(
            (0): Linear(in_features=144, out_features=172, bias=True)
            (1): GELU(approximate='none')
            (2): Linear(in_features=172, out_features=144, bias=True)
          )
        )
        (illum_to_logits): Linear(in_features=144, out_features=3, bias=True)
        (mix_proj): Sequential(
          (0): Linear(in_features=144, out_features=144, bias=True)
          (1): GELU(approximate='none')
        )
        (project_out): Linear(in_features=144, out_features=96, bias=True)
        (drop): Identity()
      )
      (ln_2): LayerNorm((96,), eps=1e-05, elementwise_affine=True)
    )
  )
  (refinement): ModuleList(
    (0-1): 2 x RMB(
      (ln_1): LayerNorm((96,), eps=1e-05, elementwise_affine=True)
      (self_attention): VMM(
        (in_proj): Linear(in_features=96, out_features=384, bias=False)
        (conv2d): Conv2d(192, 192, kernel_size=(3, 3), stride=(1, 1), padding=(1, 1), groups=192)
        (act): SiLU()
        (out_norm): LayerNorm((192,), eps=1e-05, elementwise_affine=True)
        (out_proj): Linear(in_features=192, out_features=96, bias=False)
        (gating): ShuffleAttn(
          (gating): Sequential(
            (0): AdaptiveAvgPool2d(output_size=1)
            (1): Conv2d(768, 768, kernel_size=(1, 1), stride=(1, 1), groups=192)
            (2): Sigmoid()
          )
        )
      )
      (drop_path): DropPath()
      (conv_blk): FeedForwardMoE(
        (act): GELU(approximate='none')
        (project_in): Linear(in_features=96, out_features=144, bias=True)
        (experts): ModuleList(
          (0): Sequential(
            (0): Linear(in_features=144, out_features=144, bias=True)
            (1): GELU(approximate='none')
            (2): Linear(in_features=144, out_features=144, bias=True)
          )
          (1): Sequential(
            (0): Linear(in_features=144, out_features=115, bias=True)
            (1): GELU(approximate='none')
            (2): Linear(in_features=115, out_features=144, bias=True)
          )
          (2): Sequential(
            (0): Linear(in_features=144, out_features=172, bias=True)
            (1): GELU(approximate='none')
            (2): Linear(in_features=172, out_features=144, bias=True)
          )
        )
        (illum_to_logits): Linear(in_features=144, out_features=3, bias=True)
        (mix_proj): Sequential(
          (0): Linear(in_features=144, out_features=144, bias=True)
          (1): GELU(approximate='none')
        )
        (project_out): Linear(in_features=144, out_features=96, bias=True)
        (drop): Identity()
      )
      (ln_2): LayerNorm((96,), eps=1e-05, elementwise_affine=True)
    )
  )
  (output): Conv2d(96, 3, kernel_size=(3, 3), stride=(1, 1), padding=(1, 1), bias=False)
)
2025-11-19 19:04:13,835 INFO: Loading MaIRUNet model from /data/lgl/codes/MambaIR/realDenoising/experiments/MambaIR_MaIRUNet_small_LOLv1_new_1117/models/net_g_68000.pth.
2025-11-19 19:04:14,484 INFO: Model [ImageCleanModel] is created.
2025-11-19 19:04:14,532 INFO: Resuming training from epoch: 4, iter: 68000.
2025-11-19 19:04:14,533 INFO: Start training from epoch: 4, iter: 68000
2025-11-19 19:04:14,586 INFO: 
 Updating Patch_Size to 128 and Batch_Size to 32 

2025-11-19 19:26:01,033 INFO: [Mamba..][epoch:  4, iter:  69,000, lr:(3.000e-04,)] [eta: 3 days, 11:44:58, time (data): 1.268 (0.038)] l_pix: 4.5019e-02 
2025-11-19 19:48:44,927 INFO: [Mamba..][epoch:  4, iter:  70,000, lr:(3.000e-04,)] [eta: 3 days, 13:15:40, time (data): 1.248 (0.039)] l_pix: 7.2120e-02 
2025-11-19 20:10:40,837 INFO: [Mamba..][epoch:  4, iter:  71,000, lr:(3.000e-04,)] [eta: 3 days, 12:29:45, time (data): 1.244 (0.030)] l_pix: 8.1077e-02 
2025-11-19 20:33:16,304 INFO: [Mamba..][epoch:  4, iter:  72,000, lr:(3.000e-04,)] [eta: 3 days, 12:33:23, time (data): 1.252 (0.026)] l_pix: 1.2774e-01 
2025-11-19 20:33:16,305 INFO: Saving models and training states.
2025-11-19 20:35:11,847 INFO: Validation ValSet,		 # psnr: 22.1494
2025-11-19 20:57:02,933 INFO: [Mamba..][epoch:  4, iter:  73,000, lr:(3.000e-04,)] [eta: 3 days, 13:20:22, time (data): 1.641 (0.031)] l_pix: 7.8761e-02 
2025-11-19 21:19:58,087 INFO: [Mamba..][epoch:  4, iter:  74,000, lr:(3.000e-04,)] [eta: 3 days, 13:11:28, time (data): 1.326 (0.042)] l_pix: 5.0468e-02 
2025-11-19 21:42:15,195 INFO: [Mamba..][epoch:  4, iter:  75,000, lr:(3.000e-04,)] [eta: 3 days, 12:38:10, time (data): 1.255 (0.032)] l_pix: 7.8234e-02 
2025-11-19 22:04:55,685 INFO: [Mamba..][epoch:  4, iter:  76,000, lr:(3.000e-04,)] [eta: 3 days, 12:18:32, time (data): 1.650 (0.039)] l_pix: 5.1850e-02 
2025-11-19 22:04:55,687 INFO: Saving models and training states.
2025-11-19 22:07:38,915 INFO: Validation ValSet,		 # psnr: 21.8197
2025-11-19 22:30:10,454 INFO: [Mamba..][epoch:  4, iter:  77,000, lr:(3.000e-04,)] [eta: 3 days, 13:01:56, time (data): 1.264 (0.030)] l_pix: 4.1999e-02 
2025-11-19 22:52:01,293 INFO: [Mamba..][epoch:  4, iter:  78,000, lr:(3.000e-04,)] [eta: 3 days, 12:16:10, time (data): 1.259 (0.039)] l_pix: 8.7930e-02 
2025-11-19 23:14:43,305 INFO: [Mamba..][epoch:  4, iter:  79,000, lr:(3.000e-04,)] [eta: 3 days, 11:51:52, time (data): 1.230 (0.025)] l_pix: 4.7993e-02 
2025-11-19 23:38:53,939 INFO: [Mamba..][epoch:  4, iter:  80,000, lr:(3.000e-04,)] [eta: 3 days, 11:54:55, time (data): 1.632 (0.039)] l_pix: 9.2158e-02 
2025-11-19 23:38:53,940 INFO: Saving models and training states.
2025-11-19 23:41:57,033 INFO: Validation ValSet,		 # psnr: 21.5579
2025-11-20 00:05:21,534 INFO: [Mamba..][epoch:  5, iter:  81,000, lr:(3.000e-04,)] [eta: 3 days, 12:32:14, time (data): 1.636 (0.040)] l_pix: 4.6720e-02 
2025-11-20 00:30:25,133 INFO: [Mamba..][epoch:  5, iter:  82,000, lr:(3.000e-04,)] [eta: 3 days, 12:38:39, time (data): 1.338 (0.027)] l_pix: 3.9493e-02 
2025-11-20 00:55:43,732 INFO: [Mamba..][epoch:  5, iter:  83,000, lr:(3.000e-04,)] [eta: 3 days, 12:44:28, time (data): 1.633 (0.031)] l_pix: 7.3467e-02 
2025-11-20 01:20:12,120 INFO: [Mamba..][epoch:  5, iter:  84,000, lr:(3.000e-04,)] [eta: 3 days, 12:35:06, time (data): 1.245 (0.040)] l_pix: 3.7064e-02 
2025-11-20 01:20:12,122 INFO: Saving models and training states.
2025-11-20 01:22:07,345 INFO: Validation ValSet,		 # psnr: 22.1810
2025-11-20 01:46:51,231 INFO: [Mamba..][epoch:  5, iter:  85,000, lr:(3.000e-04,)] [eta: 3 days, 12:51:31, time (data): 1.642 (0.032)] l_pix: 4.1696e-02 
2025-11-20 02:11:05,958 INFO: [Mamba..][epoch:  5, iter:  86,000, lr:(3.000e-04,)] [eta: 3 days, 12:34:33, time (data): 1.336 (0.038)] l_pix: 5.3468e-02 
2025-11-20 02:35:11,776 INFO: [Mamba..][epoch:  5, iter:  87,000, lr:(3.000e-04,)] [eta: 3 days, 12:15:08, time (data): 1.629 (0.039)] l_pix: 9.0558e-02 
2025-11-20 02:58:44,566 INFO: [Mamba..][epoch:  5, iter:  88,000, lr:(3.000e-04,)] [eta: 3 days, 11:49:25, time (data): 1.633 (0.031)] l_pix: 7.6896e-02 
2025-11-20 02:58:44,568 INFO: Saving models and training states.
2025-11-20 03:01:52,720 INFO: Validation ValSet,		 # psnr: 21.8077
2025-11-20 03:24:53,155 INFO: [Mamba..][epoch:  5, iter:  89,000, lr:(3.000e-04,)] [eta: 3 days, 11:50:00, time (data): 1.346 (0.028)] l_pix: 7.1595e-02 
2025-11-20 03:48:36,983 INFO: [Mamba..][epoch:  5, iter:  90,000, lr:(3.000e-04,)] [eta: 3 days, 11:25:08, time (data): 1.321 (0.029)] l_pix: 6.6725e-02 
2025-11-20 04:13:28,885 INFO: [Mamba..][epoch:  5, iter:  91,000, lr:(3.000e-04,)] [eta: 3 days, 11:10:40, time (data): 1.243 (0.041)] l_pix: 7.4438e-02 
2025-11-20 04:36:59,108 INFO: [Mamba..][epoch:  5, iter:  92,000, lr:(3.000e-04,)] [eta: 3 days, 10:43:32, time (data): 1.338 (0.039)] l_pix: 4.4990e-02 
2025-11-20 04:36:59,110 INFO: Saving models and training states.
2025-11-20 04:38:54,476 INFO: Validation ValSet,		 # psnr: 23.1343
2025-11-20 04:38:54,510 INFO: 
 Updating Patch_Size to 160 and Batch_Size to 20 

2025-11-20 05:11:05,541 INFO: [Mamba..][epoch:  6, iter:  93,000, lr:(3.000e-04,)] [eta: 3 days, 11:44:29, time (data): 2.203 (0.042)] l_pix: 6.9315e-02 
2025-11-20 05:43:04,261 INFO: [Mamba..][epoch:  6, iter:  94,000, lr:(2.999e-04,)] [eta: 3 days, 12:21:16, time (data): 1.601 (0.026)] l_pix: 4.7741e-02 
2025-11-20 06:12:51,885 INFO: [Mamba..][epoch:  6, iter:  95,000, lr:(2.998e-04,)] [eta: 3 days, 12:36:21, time (data): 2.196 (0.039)] l_pix: 7.1937e-02 
2025-11-20 06:46:50,109 INFO: [Mamba..][epoch:  6, iter:  96,000, lr:(2.997e-04,)] [eta: 3 days, 13:18:41, time (data): 2.191 (0.030)] l_pix: 4.2629e-02 
2025-11-20 06:46:50,111 INFO: Saving models and training states.
2025-11-20 06:49:58,396 INFO: Validation ValSet,		 # psnr: 21.6163
2025-11-20 07:22:06,438 INFO: [Mamba..][epoch:  6, iter:  97,000, lr:(2.996e-04,)] [eta: 3 days, 14:04:51, time (data): 2.194 (0.039)] l_pix: 4.0353e-02 
2025-11-20 07:54:12,903 INFO: [Mamba..][epoch:  6, iter:  98,000, lr:(2.994e-04,)] [eta: 3 days, 14:24:17, time (data): 1.638 (0.039)] l_pix: 4.5917e-02 
2025-11-20 08:25:38,497 INFO: [Mamba..][epoch:  6, iter:  99,000, lr:(2.992e-04,)] [eta: 3 days, 14:35:58, time (data): 1.629 (0.030)] l_pix: 3.2556e-02 
2025-11-20 08:55:15,217 INFO: [Mamba..][epoch:  6, iter: 100,000, lr:(2.989e-04,)] [eta: 3 days, 14:33:37, time (data): 2.210 (0.041)] l_pix: 4.3216e-02 
2025-11-20 08:55:15,219 INFO: Saving models and training states.
2025-11-20 08:57:10,268 INFO: Validation ValSet,		 # psnr: 21.9977
2025-11-20 09:28:44,882 INFO: [Mamba..][epoch:  6, iter: 101,000, lr:(2.986e-04,)] [eta: 3 days, 14:53:02, time (data): 1.706 (0.040)] l_pix: 6.6568e-02 
2025-11-20 10:00:23,918 INFO: [Mamba..][epoch:  6, iter: 102,000, lr:(2.983e-04,)] [eta: 3 days, 14:58:36, time (data): 1.174 (0.018)] l_pix: 4.0969e-02 
2025-11-20 10:31:27,355 INFO: [Mamba..][epoch:  6, iter: 103,000, lr:(2.979e-04,)] [eta: 3 days, 14:58:42, time (data): 1.653 (0.041)] l_pix: 7.5915e-02 
