2025-08-04 18:08:43,166 INFO: 
                ____                _       _____  ____
               / __ ) ____ _ _____ (_)_____/ ___/ / __ \
              / __  |/ __ `// ___// // ___/\__ \ / /_/ /
             / /_/ // /_/ /(__  )/ // /__ ___/ // _, _/
            /_____/ \__,_//____//_/ \___//____//_/ |_|
     ______                   __   __                 __      __
    / ____/____   ____   ____/ /  / /   __  __ _____ / /__   / /
   / / __ / __ \ / __ \ / __  /  / /   / / / // ___// //_/  / /
  / /_/ // /_/ // /_/ // /_/ /  / /___/ /_/ // /__ / /<    /_/
  \____/ \____/ \____/ \____/  /_____/\____/ \___//_/|_|  (_)
    
Version Information: 
	BasicSR: 1.2.0+863ca48
	PyTorch: 2.3.1+cu118
	TorchVision: 0.18.1+cu118
2025-08-04 18:08:43,167 INFO: 
  name: MambaIR_MaIRUNet_LOLv1
  model_type: ImageCleanModel
  scale: 1
  num_gpu: 8
  manual_seed: 100
  datasets:[
    train:[
      name: TrainSet
      type: Dataset_PairedImage
      dataroot_gt: /data/lgl/datasets/LowLight/LOL-v1/our485/high
      dataroot_lq: /data/lgl/datasets/LowLight/LOL-v1/our485/low
      geometric_augs: True
      filename_tmpl: {}
      io_backend:[
        type: disk
      ]
      use_shuffle: True
      num_worker_per_gpu: 0
      batch_size_per_gpu: 1
      mini_batch_sizes: [8, 5, 4, 2, 1, 1]
      iters: [92000, 64000, 48000, 36000, 36000, 24000]
      gt_size: 384
      gt_sizes: [128, 160, 192, 256, 320, 320]
      dataset_enlarge_ratio: 100
      prefetch_mode: None
      phase: train
      scale: 1
    ]
    val:[
      name: ValSet
      type: Dataset_PairedImage
      dataroot_gt: /data/lgl/datasets/LowLight/LOL-v1/eval15/high
      dataroot_lq: /data/lgl/datasets/LowLight/LOL-v1/eval15/low
      io_backend:[
        type: disk
      ]
      phase: val
      scale: 1
    ]
  ]
  network_g:[
    type: MaIRUNet
    img_size: 128
    patch_size: 1
    ssm_ratio: 2.0
    scan_len: 4
    inp_channels: 3
    out_channels: 3
    dim: 48
    num_blocks: [4, 6, 6, 8]
    num_refinement_blocks: 4
    mlp_ratio: 1.5
    bias: False
    dual_pixel_task: False
  ]
  path:[
    pretrain_network_g: None
    strict_load_g: True
    resume_state: None
    root: /data/lgl/codes/MambaIR/realDenoising
    experiments_root: /data/lgl/codes/MambaIR/realDenoising/experiments/MambaIR_MaIRUNet_LOLv1
    models: /data/lgl/codes/MambaIR/realDenoising/experiments/MambaIR_MaIRUNet_LOLv1/models
    training_states: /data/lgl/codes/MambaIR/realDenoising/experiments/MambaIR_MaIRUNet_LOLv1/training_states
    log: /data/lgl/codes/MambaIR/realDenoising/experiments/MambaIR_MaIRUNet_LOLv1
    visualization: /data/lgl/codes/MambaIR/realDenoising/experiments/MambaIR_MaIRUNet_LOLv1/visualization
  ]
  train:[
    total_iter: 300000
    warmup_iter: -1
    use_grad_clip: True
    scheduler:[
      type: CosineAnnealingRestartCyclicLR
      periods: [92000, 208000]
      restart_weights: [1, 1]
      eta_mins: [0.0003, 1e-06]
    ]
    mixing_augs:[
      mixup: True
      mixup_beta: 1.2
      use_identity: True
    ]
    optim_g:[
      type: AdamW
      lr: 0.0003
      weight_decay: 0.0001
      betas: [0.9, 0.999]
    ]
    pixel_opt:[
      type: L1Loss
      loss_weight: 1
      reduction: mean
    ]
  ]
  val:[
    window_size: 8
    val_freq: 4000.0
    save_img: False
    rgb2bgr: True
    use_image: False
    max_minibatch: 8
    metrics:[
      psnr:[
        type: calculate_psnr
        crop_border: 0
        test_y_channel: False
      ]
    ]
  ]
  logger:[
    print_freq: 1000
    save_checkpoint_freq: 4000.0
    use_tb_logger: True
    wandb:[
      project: None
      resume_id: None
    ]
  ]
  dist_params:[
    backend: nccl
    port: 29500
  ]
  is_train: True
  dist: True
  rank: 0
  world_size: 4

2025-08-04 18:08:43,293 INFO: Dataset Dataset_PairedImage - TrainSet is created.
2025-08-04 18:08:43,294 INFO: Training statistics:
	Number of train images: 485
	Dataset enlarge ratio: 100
	Batch size per gpu: 1
	World size (gpu number): 4
	Require iter number per epoch: 12125
	Total epochs: 25; iters: 300000.
2025-08-04 18:08:43,294 INFO: Dataset Dataset_PairedImage - ValSet is created.
2025-08-04 18:08:43,294 INFO: Number of val images/folders in ValSet: 15
2025-08-04 18:08:44,478 INFO: Network: DistributedDataParallel - MaIRUNet, with parameters: 25,491,168
2025-08-04 18:08:44,478 INFO: MaIRUNet(
  (conv_first): Conv2d(3, 48, kernel_size=(3, 3), stride=(1, 1), padding=(1, 1))
  (patch_embed): PatchEmbed(
    (norm): LayerNorm((48,), eps=1e-05, elementwise_affine=True)
  )
  (encoder_level1): ModuleList(
    (0-3): 4 x RMB(
      (ln_1): LayerNorm((48,), eps=1e-05, elementwise_affine=True)
      (self_attention): VMM(
        (in_proj): Linear(in_features=48, out_features=192, bias=False)
        (conv2d): Conv2d(96, 96, kernel_size=(3, 3), stride=(1, 1), padding=(1, 1), groups=96)
        (act): SiLU()
        (out_norm): LayerNorm((96,), eps=1e-05, elementwise_affine=True)
        (out_proj): Linear(in_features=96, out_features=48, bias=False)
        (gating): ShuffleAttn(
          (gating): Sequential(
            (0): AdaptiveAvgPool2d(output_size=1)
            (1): Conv2d(384, 384, kernel_size=(1, 1), stride=(1, 1), groups=96)
            (2): Sigmoid()
          )
        )
      )
      (drop_path): DropPath(drop_prob=0.000)
      (conv_blk): MlpFromMaIR(
        (fc1): Linear(in_features=48, out_features=72, bias=True)
        (act): GELU(approximate='none')
        (fc2): Linear(in_features=72, out_features=48, bias=True)
      )
      (ln_2): LayerNorm((48,), eps=1e-05, elementwise_affine=True)
    )
  )
  (down1_2): Downsample(
    (body): Sequential(
      (0): Conv2d(48, 24, kernel_size=(3, 3), stride=(1, 1), padding=(1, 1), bias=False)
      (1): PixelUnshuffle(downscale_factor=2)
    )
  )
  (encoder_level2): ModuleList(
    (0-5): 6 x RMB(
      (ln_1): LayerNorm((96,), eps=1e-05, elementwise_affine=True)
      (self_attention): VMM(
        (in_proj): Linear(in_features=96, out_features=384, bias=False)
        (conv2d): Conv2d(192, 192, kernel_size=(3, 3), stride=(1, 1), padding=(1, 1), groups=192)
        (act): SiLU()
        (out_norm): LayerNorm((192,), eps=1e-05, elementwise_affine=True)
        (out_proj): Linear(in_features=192, out_features=96, bias=False)
        (gating): ShuffleAttn(
          (gating): Sequential(
            (0): AdaptiveAvgPool2d(output_size=1)
            (1): Conv2d(768, 768, kernel_size=(1, 1), stride=(1, 1), groups=192)
            (2): Sigmoid()
          )
        )
      )
      (drop_path): DropPath(drop_prob=0.000)
      (conv_blk): MlpFromMaIR(
        (fc1): Linear(in_features=96, out_features=144, bias=True)
        (act): GELU(approximate='none')
        (fc2): Linear(in_features=144, out_features=96, bias=True)
      )
      (ln_2): LayerNorm((96,), eps=1e-05, elementwise_affine=True)
    )
  )
  (down2_3): Downsample(
    (body): Sequential(
      (0): Conv2d(96, 48, kernel_size=(3, 3), stride=(1, 1), padding=(1, 1), bias=False)
      (1): PixelUnshuffle(downscale_factor=2)
    )
  )
  (encoder_level3): ModuleList(
    (0-5): 6 x RMB(
      (ln_1): LayerNorm((192,), eps=1e-05, elementwise_affine=True)
      (self_attention): VMM(
        (in_proj): Linear(in_features=192, out_features=768, bias=False)
        (conv2d): Conv2d(384, 384, kernel_size=(3, 3), stride=(1, 1), padding=(1, 1), groups=384)
        (act): SiLU()
        (out_norm): LayerNorm((384,), eps=1e-05, elementwise_affine=True)
        (out_proj): Linear(in_features=384, out_features=192, bias=False)
        (gating): ShuffleAttn(
          (gating): Sequential(
            (0): AdaptiveAvgPool2d(output_size=1)
            (1): Conv2d(1536, 1536, kernel_size=(1, 1), stride=(1, 1), groups=384)
            (2): Sigmoid()
          )
        )
      )
      (drop_path): DropPath(drop_prob=0.000)
      (conv_blk): MlpFromMaIR(
        (fc1): Linear(in_features=192, out_features=288, bias=True)
        (act): GELU(approximate='none')
        (fc2): Linear(in_features=288, out_features=192, bias=True)
      )
      (ln_2): LayerNorm((192,), eps=1e-05, elementwise_affine=True)
    )
  )
  (down3_4): Downsample(
    (body): Sequential(
      (0): Conv2d(192, 96, kernel_size=(3, 3), stride=(1, 1), padding=(1, 1), bias=False)
      (1): PixelUnshuffle(downscale_factor=2)
    )
  )
  (latent): ModuleList(
    (0-7): 8 x RMB(
      (ln_1): LayerNorm((384,), eps=1e-05, elementwise_affine=True)
      (self_attention): VMM(
        (in_proj): Linear(in_features=384, out_features=1536, bias=False)
        (conv2d): Conv2d(768, 768, kernel_size=(3, 3), stride=(1, 1), padding=(1, 1), groups=768)
        (act): SiLU()
        (out_norm): LayerNorm((768,), eps=1e-05, elementwise_affine=True)
        (out_proj): Linear(in_features=768, out_features=384, bias=False)
        (gating): ShuffleAttn(
          (gating): Sequential(
            (0): AdaptiveAvgPool2d(output_size=1)
            (1): Conv2d(3072, 3072, kernel_size=(1, 1), stride=(1, 1), groups=768)
            (2): Sigmoid()
          )
        )
      )
      (drop_path): DropPath(drop_prob=0.000)
      (conv_blk): MlpFromMaIR(
        (fc1): Linear(in_features=384, out_features=576, bias=True)
        (act): GELU(approximate='none')
        (fc2): Linear(in_features=576, out_features=384, bias=True)
      )
      (ln_2): LayerNorm((384,), eps=1e-05, elementwise_affine=True)
    )
  )
  (up4_3): Upsample(
    (body): Sequential(
      (0): Conv2d(384, 768, kernel_size=(3, 3), stride=(1, 1), padding=(1, 1), bias=False)
      (1): PixelShuffle(upscale_factor=2)
    )
  )
  (reduce_chan_level3): Conv2d(384, 192, kernel_size=(1, 1), stride=(1, 1), bias=False)
  (decoder_level3): ModuleList(
    (0-5): 6 x RMB(
      (ln_1): LayerNorm((192,), eps=1e-05, elementwise_affine=True)
      (self_attention): VMM(
        (in_proj): Linear(in_features=192, out_features=768, bias=False)
        (conv2d): Conv2d(384, 384, kernel_size=(3, 3), stride=(1, 1), padding=(1, 1), groups=384)
        (act): SiLU()
        (out_norm): LayerNorm((384,), eps=1e-05, elementwise_affine=True)
        (out_proj): Linear(in_features=384, out_features=192, bias=False)
        (gating): ShuffleAttn(
          (gating): Sequential(
            (0): AdaptiveAvgPool2d(output_size=1)
            (1): Conv2d(1536, 1536, kernel_size=(1, 1), stride=(1, 1), groups=384)
            (2): Sigmoid()
          )
        )
      )
      (drop_path): DropPath(drop_prob=0.000)
      (conv_blk): MlpFromMaIR(
        (fc1): Linear(in_features=192, out_features=288, bias=True)
        (act): GELU(approximate='none')
        (fc2): Linear(in_features=288, out_features=192, bias=True)
      )
      (ln_2): LayerNorm((192,), eps=1e-05, elementwise_affine=True)
    )
  )
  (up3_2): Upsample(
    (body): Sequential(
      (0): Conv2d(192, 384, kernel_size=(3, 3), stride=(1, 1), padding=(1, 1), bias=False)
      (1): PixelShuffle(upscale_factor=2)
    )
  )
  (reduce_chan_level2): Conv2d(192, 96, kernel_size=(1, 1), stride=(1, 1), bias=False)
  (decoder_level2): ModuleList(
    (0-5): 6 x RMB(
      (ln_1): LayerNorm((96,), eps=1e-05, elementwise_affine=True)
      (self_attention): VMM(
        (in_proj): Linear(in_features=96, out_features=384, bias=False)
        (conv2d): Conv2d(192, 192, kernel_size=(3, 3), stride=(1, 1), padding=(1, 1), groups=192)
        (act): SiLU()
        (out_norm): LayerNorm((192,), eps=1e-05, elementwise_affine=True)
        (out_proj): Linear(in_features=192, out_features=96, bias=False)
        (gating): ShuffleAttn(
          (gating): Sequential(
            (0): AdaptiveAvgPool2d(output_size=1)
            (1): Conv2d(768, 768, kernel_size=(1, 1), stride=(1, 1), groups=192)
            (2): Sigmoid()
          )
        )
      )
      (drop_path): DropPath(drop_prob=0.000)
      (conv_blk): MlpFromMaIR(
        (fc1): Linear(in_features=96, out_features=144, bias=True)
        (act): GELU(approximate='none')
        (fc2): Linear(in_features=144, out_features=96, bias=True)
      )
      (ln_2): LayerNorm((96,), eps=1e-05, elementwise_affine=True)
    )
  )
  (up2_1): Upsample(
    (body): Sequential(
      (0): Conv2d(96, 192, kernel_size=(3, 3), stride=(1, 1), padding=(1, 1), bias=False)
      (1): PixelShuffle(upscale_factor=2)
    )
  )
  (decoder_level1): ModuleList(
    (0-3): 4 x RMB(
      (ln_1): LayerNorm((96,), eps=1e-05, elementwise_affine=True)
      (self_attention): VMM(
        (in_proj): Linear(in_features=96, out_features=384, bias=False)
        (conv2d): Conv2d(192, 192, kernel_size=(3, 3), stride=(1, 1), padding=(1, 1), groups=192)
        (act): SiLU()
        (out_norm): LayerNorm((192,), eps=1e-05, elementwise_affine=True)
        (out_proj): Linear(in_features=192, out_features=96, bias=False)
        (gating): ShuffleAttn(
          (gating): Sequential(
            (0): AdaptiveAvgPool2d(output_size=1)
            (1): Conv2d(768, 768, kernel_size=(1, 1), stride=(1, 1), groups=192)
            (2): Sigmoid()
          )
        )
      )
      (drop_path): DropPath(drop_prob=0.000)
      (conv_blk): MlpFromMaIR(
        (fc1): Linear(in_features=96, out_features=144, bias=True)
        (act): GELU(approximate='none')
        (fc2): Linear(in_features=144, out_features=96, bias=True)
      )
      (ln_2): LayerNorm((96,), eps=1e-05, elementwise_affine=True)
    )
  )
  (refinement): ModuleList(
    (0-3): 4 x RMB(
      (ln_1): LayerNorm((96,), eps=1e-05, elementwise_affine=True)
      (self_attention): VMM(
        (in_proj): Linear(in_features=96, out_features=384, bias=False)
        (conv2d): Conv2d(192, 192, kernel_size=(3, 3), stride=(1, 1), padding=(1, 1), groups=192)
        (act): SiLU()
        (out_norm): LayerNorm((192,), eps=1e-05, elementwise_affine=True)
        (out_proj): Linear(in_features=192, out_features=96, bias=False)
        (gating): ShuffleAttn(
          (gating): Sequential(
            (0): AdaptiveAvgPool2d(output_size=1)
            (1): Conv2d(768, 768, kernel_size=(1, 1), stride=(1, 1), groups=192)
            (2): Sigmoid()
          )
        )
      )
      (drop_path): DropPath(drop_prob=0.000)
      (conv_blk): MlpFromMaIR(
        (fc1): Linear(in_features=96, out_features=144, bias=True)
        (act): GELU(approximate='none')
        (fc2): Linear(in_features=144, out_features=96, bias=True)
      )
      (ln_2): LayerNorm((96,), eps=1e-05, elementwise_affine=True)
    )
  )
  (output): Conv2d(96, 3, kernel_size=(3, 3), stride=(1, 1), padding=(1, 1), bias=False)
)
2025-08-04 18:08:44,484 INFO: Model [ImageCleanModel] is created.
2025-08-04 18:08:44,484 INFO: Start training from epoch: 0, iter: 0
2025-08-04 18:08:44,512 INFO: 
 Updating Patch_Size to 128 and Batch_Size to 32 

2025-08-04 18:16:07,546 INFO: [Mamba..][epoch:  0, iter:   1,000, lr:(3.000e-04,)] [eta: 1 day, 12:45:42, time (data): 0.451 (0.018)] l_pix: 1.2517e-01 
2025-08-04 18:23:10,299 INFO: [Mamba..][epoch:  0, iter:   2,000, lr:(3.000e-04,)] [eta: 1 day, 11:49:01, time (data): 0.402 (0.019)] l_pix: 7.2162e-02 
2025-08-04 18:29:52,579 INFO: [Mamba..][epoch:  0, iter:   3,000, lr:(3.000e-04,)] [eta: 1 day, 10:51:39, time (data): 0.401 (0.017)] l_pix: 9.5454e-02 
2025-08-04 18:36:34,925 INFO: [Mamba..][epoch:  0, iter:   4,000, lr:(3.000e-04,)] [eta: 1 day, 10:19:41, time (data): 0.407 (0.016)] l_pix: 1.6464e-01 
2025-08-04 18:36:34,926 INFO: Saving models and training states.
