2025-08-02 20:06:43,124 INFO: 
                ____                _       _____  ____
               / __ ) ____ _ _____ (_)_____/ ___/ / __ \
              / __  |/ __ `// ___// // ___/\__ \ / /_/ /
             / /_/ // /_/ /(__  )/ // /__ ___/ // _, _/
            /_____/ \__,_//____//_/ \___//____//_/ |_|
     ______                   __   __                 __      __
    / ____/____   ____   ____/ /  / /   __  __ _____ / /__   / /
   / / __ / __ \ / __ \ / __  /  / /   / / / // ___// //_/  / /
  / /_/ // /_/ // /_/ // /_/ /  / /___/ /_/ // /__ / /<    /_/
  \____/ \____/ \____/ \____/  /_____/\____/ \___//_/|_|  (_)
    
Version Information: 
	BasicSR: 1.2.0+2fb433e
	PyTorch: 2.3.1+cu118
	TorchVision: 0.18.1+cu118
2025-08-02 20:06:43,125 INFO: 
  name: MambaIR_Enhancement_Illumination_Guided
  model_type: ImageCleanModel
  scale: 1
  num_gpu: 8
  manual_seed: 100
  datasets:[
    train:[
      name: TrainSet
      type: Dataset_PairedImage
      dataroot_gt: /data/lgl/datasets/LowLight/LOL-v1/our485/high
      dataroot_lq: /data/lgl/datasets/LowLight/LOL-v1/our485/low
      geometric_augs: True
      filename_tmpl: {}
      io_backend:[
        type: disk
      ]
      use_shuffle: True
      num_worker_per_gpu: 0
      batch_size_per_gpu: 1
      mini_batch_sizes: [8, 5, 4, 2, 1, 1]
      iters: [92000, 64000, 48000, 36000, 36000, 24000]
      gt_size: 384
      gt_sizes: [128, 160, 192, 256, 320, 320]
      dataset_enlarge_ratio: 100
      prefetch_mode: None
      phase: train
      scale: 1
    ]
    val:[
      name: ValSet
      type: Dataset_PairedImage
      dataroot_gt: /data/lgl/datasets/LowLight/LOL-v1/eval15/high
      dataroot_lq: /data/lgl/datasets/LowLight/LOL-v1/eval15/low
      io_backend:[
        type: disk
      ]
      phase: val
      scale: 1
    ]
  ]
  network_g:[
    type: MambaIRv2_Illumination
    inp_channels: 3
    out_channels: 3
    dim: 48
    num_blocks: [4, 6, 6, 8]
    num_refinement_blocks: 4
    mlp_ratio: 1.5
    bias: False
    dual_pixel_task: False
  ]
  path:[
    pretrain_network_g: None
    strict_load_g: True
    resume_state: experiments/MambaIR_Enhancement_Illumination_Guided/training_states/8000.state
    root: /data/lgl/codes/MambaIR/realDenoising
    experiments_root: /data/lgl/codes/MambaIR/realDenoising/experiments/MambaIR_Enhancement_Illumination_Guided
    models: /data/lgl/codes/MambaIR/realDenoising/experiments/MambaIR_Enhancement_Illumination_Guided/models
    training_states: /data/lgl/codes/MambaIR/realDenoising/experiments/MambaIR_Enhancement_Illumination_Guided/training_states
    log: /data/lgl/codes/MambaIR/realDenoising/experiments/MambaIR_Enhancement_Illumination_Guided
    visualization: /data/lgl/codes/MambaIR/realDenoising/experiments/MambaIR_Enhancement_Illumination_Guided/visualization
  ]
  train:[
    total_iter: 300000
    warmup_iter: -1
    use_grad_clip: True
    scheduler:[
      type: CosineAnnealingRestartCyclicLR
      periods: [92000, 208000]
      restart_weights: [1, 1]
      eta_mins: [0.0003, 1e-06]
    ]
    mixing_augs:[
      mixup: True
      mixup_beta: 1.2
      use_identity: True
    ]
    optim_g:[
      type: AdamW
      lr: 0.0003
      weight_decay: 0.0001
      betas: [0.9, 0.999]
    ]
    pixel_opt:[
      type: L1Loss
      loss_weight: 1
      reduction: mean
    ]
  ]
  val:[
    window_size: 8
    val_freq: 4000.0
    save_img: False
    rgb2bgr: True
    use_image: False
    max_minibatch: 8
    metrics:[
      psnr:[
        type: calculate_psnr
        crop_border: 0
        test_y_channel: False
      ]
    ]
  ]
  logger:[
    print_freq: 1000
    save_checkpoint_freq: 4000.0
    use_tb_logger: True
    wandb:[
      project: None
      resume_id: None
    ]
  ]
  dist_params:[
    backend: nccl
    port: 29500
  ]
  is_train: True
  dist: True
  rank: 0
  world_size: 4

2025-08-02 20:06:43,251 INFO: Dataset Dataset_PairedImage - TrainSet is created.
2025-08-02 20:06:43,252 INFO: Training statistics:
	Number of train images: 485
	Dataset enlarge ratio: 100
	Batch size per gpu: 1
	World size (gpu number): 4
	Require iter number per epoch: 12125
	Total epochs: 25; iters: 300000.
2025-08-02 20:06:43,252 INFO: Dataset Dataset_PairedImage - ValSet is created.
2025-08-02 20:06:43,252 INFO: Number of val images/folders in ValSet: 15
2025-08-02 20:06:43,252 INFO: Set pretrain_network_g to /data/lgl/codes/MambaIR/realDenoising/experiments/MambaIR_Enhancement_Illumination_Guided/models/net_g_8000.pth
2025-08-02 20:06:43,762 INFO: Network: DistributedDataParallel - MambaIRv2_Illumination, with parameters: 1,216,035
2025-08-02 20:06:43,762 INFO: MambaIRv2_Illumination(
  (conv_first): Conv2d(3, 48, kernel_size=(3, 3), stride=(1, 1), padding=(1, 1))
  (patch_embed): PatchEmbed(
    (norm): LayerNorm((48,), eps=1e-05, elementwise_affine=True)
  )
  (patch_unembed): PatchUnEmbed()
  (layers): ModuleList(
    (0-3): 4 x ASSB(
      (patch_embed): PatchEmbed()
      (patch_unembed): PatchUnEmbed()
      (residual_group): BasicBlock(
        dim=48, input_resolution=(64, 64), depth=6
        (layers): ModuleList(
          (0-5): 6 x AttentiveLayer(
            (softmax): Softmax(dim=-1)
            (lrelu): LeakyReLU(negative_slope=0.01)
            (sigmoid): Sigmoid()
            (norm1): LayerNorm((48,), eps=1e-05, elementwise_affine=True)
            (norm2): LayerNorm((48,), eps=1e-05, elementwise_affine=True)
            (norm3): LayerNorm((48,), eps=1e-05, elementwise_affine=True)
            (norm4): LayerNorm((48,), eps=1e-05, elementwise_affine=True)
            (wqkv): Linear(in_features=48, out_features=144, bias=True)
            (win_mhsa): WindowAttention(
              dim=48, window_size=(16, 16), num_heads=4, qkv_bias=True
              (proj): Linear(in_features=48, out_features=48, bias=True)
              (softmax): Softmax(dim=-1)
            )
            (assm): ASSM(
              (selectiveScan): Selective_Scan()
              (out_norm): LayerNorm((72,), eps=1e-05, elementwise_affine=True)
              (act): SiLU()
              (out_proj): Linear(in_features=72, out_features=48, bias=True)
              (in_proj): Sequential(
                (0): Conv2d(48, 72, kernel_size=(1, 1), stride=(1, 1))
              )
              (CPE): Sequential(
                (0): Conv2d(72, 72, kernel_size=(3, 3), stride=(1, 1), padding=(1, 1), groups=72)
              )
              (embeddingB): Embedding(64, 32)
              (route): Sequential(
                (0): Linear(in_features=49, out_features=16, bias=True)
                (1): GELU(approximate='none')
                (2): Linear(in_features=16, out_features=64, bias=True)
                (3): LogSoftmax(dim=-1)
              )
            )
            (convffn1): ConvFFN(
              (fc1): Linear(in_features=48, out_features=72, bias=True)
              (act): GELU(approximate='none')
              (dwconv): dwconv(
                (depthwise_conv): Sequential(
                  (0): Conv2d(72, 72, kernel_size=(5, 5), stride=(1, 1), padding=(2, 2), groups=72)
                  (1): GELU(approximate='none')
                )
              )
              (fc2): Linear(in_features=72, out_features=48, bias=True)
            )
            (convffn2): ConvFFN(
              (fc1): Linear(in_features=48, out_features=72, bias=True)
              (act): GELU(approximate='none')
              (dwconv): dwconv(
                (depthwise_conv): Sequential(
                  (0): Conv2d(72, 72, kernel_size=(5, 5), stride=(1, 1), padding=(2, 2), groups=72)
                  (1): GELU(approximate='none')
                )
              )
              (fc2): Linear(in_features=72, out_features=48, bias=True)
            )
            (embeddingA): Embedding(32, 8)
          )
        )
      )
      (conv): Conv2d(48, 48, kernel_size=(3, 3), stride=(1, 1), padding=(1, 1))
    )
  )
  (norm): LayerNorm((48,), eps=1e-05, elementwise_affine=True)
  (conv_after_body): Conv2d(48, 48, kernel_size=(3, 3), stride=(1, 1), padding=(1, 1))
  (conv_last): Conv2d(48, 3, kernel_size=(3, 3), stride=(1, 1), padding=(1, 1))
)
2025-08-02 20:06:43,762 INFO: Loading MambaIRv2_Illumination model from /data/lgl/codes/MambaIR/realDenoising/experiments/MambaIR_Enhancement_Illumination_Guided/models/net_g_8000.pth.
2025-08-02 20:06:43,897 INFO: Model [ImageCleanModel] is created.
2025-08-02 20:06:43,919 INFO: Resuming training from epoch: 0, iter: 8000.
2025-08-02 20:06:43,919 INFO: Start training from epoch: 0, iter: 8000
2025-08-02 20:06:43,944 INFO: 
 Updating Patch_Size to 128 and Batch_Size to 32 

2025-08-02 20:13:15,479 INFO: [Mamba..][epoch:  0, iter:   9,000, lr:(3.000e-04,)] [eta: 1 day, 7:37:09, time (data): 0.386 (0.019)] l_pix: 6.9689e-02 
2025-08-02 20:19:45,869 INFO: [Mamba..][epoch:  0, iter:  10,000, lr:(3.000e-04,)] [eta: 1 day, 7:28:45, time (data): 0.380 (0.021)] l_pix: 4.6706e-02 
2025-08-02 20:26:09,483 INFO: [Mamba..][epoch:  0, iter:  11,000, lr:(3.000e-04,)] [eta: 1 day, 7:10:44, time (data): 0.383 (0.020)] l_pix: 6.5890e-02 
2025-08-02 20:32:24,042 INFO: [Mamba..][epoch:  0, iter:  12,000, lr:(3.000e-04,)] [eta: 1 day, 6:47:40, time (data): 0.346 (0.017)] l_pix: 1.4582e-01 
2025-08-02 20:32:24,043 INFO: Saving models and training states.
2025-08-02 20:32:51,681 INFO: Validation ValSet,		 # psnr: 18.8712
2025-08-02 20:38:40,167 INFO: [Mamba..][epoch:  0, iter:  13,000, lr:(3.000e-04,)] [eta: 1 day, 6:32:50, time (data): 0.351 (0.018)] l_pix: 7.1281e-02 
2025-08-02 20:44:45,556 INFO: [Mamba..][epoch:  0, iter:  14,000, lr:(3.000e-04,)] [eta: 1 day, 6:12:19, time (data): 0.380 (0.021)] l_pix: 1.0770e-01 
2025-08-02 20:51:02,932 INFO: [Mamba..][epoch:  0, iter:  15,000, lr:(3.000e-04,)] [eta: 1 day, 6:04:03, time (data): 0.378 (0.018)] l_pix: 9.0564e-02 
2025-08-02 20:57:20,087 INFO: [Mamba..][epoch:  0, iter:  16,000, lr:(3.000e-04,)] [eta: 1 day, 5:56:10, time (data): 0.372 (0.020)] l_pix: 1.6643e-01 
2025-08-02 20:57:20,087 INFO: Saving models and training states.
2025-08-02 20:57:47,424 INFO: Validation ValSet,		 # psnr: 19.6429
2025-08-02 21:04:04,632 INFO: [Mamba..][epoch:  0, iter:  17,000, lr:(3.000e-04,)] [eta: 1 day, 6:02:58, time (data): 0.389 (0.019)] l_pix: 1.0292e-01 
2025-08-02 21:10:02,846 INFO: [Mamba..][epoch:  0, iter:  18,000, lr:(3.000e-04,)] [eta: 1 day, 5:45:18, time (data): 0.343 (0.020)] l_pix: 1.1474e-01 
2025-08-02 21:15:49,207 INFO: [Mamba..][epoch:  0, iter:  19,000, lr:(3.000e-04,)] [eta: 1 day, 5:24:43, time (data): 0.329 (0.017)] l_pix: 7.3994e-02 
2025-08-02 21:21:37,139 INFO: [Mamba..][epoch:  0, iter:  20,000, lr:(3.000e-04,)] [eta: 1 day, 5:07:12, time (data): 0.344 (0.020)] l_pix: 5.0007e-02 
2025-08-02 21:21:37,140 INFO: Saving models and training states.
2025-08-02 21:22:04,610 INFO: Validation ValSet,		 # psnr: 20.0658
2025-08-02 21:27:50,690 INFO: [Mamba..][epoch:  1, iter:  21,000, lr:(3.000e-04,)] [eta: 1 day, 5:00:39, time (data): 0.340 (0.020)] l_pix: 8.2516e-02 
2025-08-02 21:34:00,701 INFO: [Mamba..][epoch:  1, iter:  22,000, lr:(3.000e-04,)] [eta: 1 day, 4:52:59, time (data): 0.366 (0.015)] l_pix: 1.0888e-01 
2025-08-02 21:40:03,969 INFO: [Mamba..][epoch:  1, iter:  23,000, lr:(3.000e-04,)] [eta: 1 day, 4:43:26, time (data): 0.338 (0.017)] l_pix: 1.2246e-01 
2025-08-02 21:45:53,454 INFO: [Mamba..][epoch:  1, iter:  24,000, lr:(3.000e-04,)] [eta: 1 day, 4:30:22, time (data): 0.382 (0.020)] l_pix: 6.7216e-02 
2025-08-02 21:45:53,454 INFO: Saving models and training states.
2025-08-02 21:46:20,771 INFO: Validation ValSet,		 # psnr: 19.2400
2025-08-02 21:52:25,258 INFO: [Mamba..][epoch:  1, iter:  25,000, lr:(3.000e-04,)] [eta: 1 day, 4:29:34, time (data): 0.349 (0.017)] l_pix: 6.0083e-02 
2025-08-02 21:58:13,758 INFO: [Mamba..][epoch:  1, iter:  26,000, lr:(3.000e-04,)] [eta: 1 day, 4:17:08, time (data): 0.353 (0.020)] l_pix: 1.8652e-01 
2025-08-02 22:04:20,066 INFO: [Mamba..][epoch:  1, iter:  27,000, lr:(3.000e-04,)] [eta: 1 day, 4:09:39, time (data): 0.373 (0.020)] l_pix: 8.9908e-02 
2025-08-02 22:10:37,506 INFO: [Mamba..][epoch:  1, iter:  28,000, lr:(3.000e-04,)] [eta: 1 day, 4:04:51, time (data): 0.372 (0.017)] l_pix: 7.8146e-02 
2025-08-02 22:10:37,507 INFO: Saving models and training states.
2025-08-02 22:11:04,826 INFO: Validation ValSet,		 # psnr: 19.7683
2025-08-02 22:17:23,067 INFO: [Mamba..][epoch:  1, iter:  29,000, lr:(3.000e-04,)] [eta: 1 day, 4:05:57, time (data): 0.377 (0.017)] l_pix: 1.0580e-01 
2025-08-02 22:23:24,393 INFO: [Mamba..][epoch:  1, iter:  30,000, lr:(3.000e-04,)] [eta: 1 day, 3:57:17, time (data): 0.343 (0.017)] l_pix: 7.6773e-02 
2025-08-02 22:29:27,871 INFO: [Mamba..][epoch:  1, iter:  31,000, lr:(3.000e-04,)] [eta: 1 day, 3:49:16, time (data): 0.381 (0.020)] l_pix: 1.7191e-01 
2025-08-02 22:35:49,886 INFO: [Mamba..][epoch:  1, iter:  32,000, lr:(3.000e-04,)] [eta: 1 day, 3:44:52, time (data): 0.384 (0.020)] l_pix: 1.0233e-01 
2025-08-02 22:35:49,886 INFO: Saving models and training states.
2025-08-02 22:36:17,219 INFO: Validation ValSet,		 # psnr: 20.3135
2025-08-02 22:42:38,911 INFO: [Mamba..][epoch:  2, iter:  33,000, lr:(3.000e-04,)] [eta: 1 day, 3:45:06, time (data): 0.384 (0.020)] l_pix: 1.6931e-01 
