2025-08-02 18:09:21,358 INFO: 
                ____                _       _____  ____
               / __ ) ____ _ _____ (_)_____/ ___/ / __ \
              / __  |/ __ `// ___// // ___/\__ \ / /_/ /
             / /_/ // /_/ /(__  )/ // /__ ___/ // _, _/
            /_____/ \__,_//____//_/ \___//____//_/ |_|
     ______                   __   __                 __      __
    / ____/____   ____   ____/ /  / /   __  __ _____ / /__   / /
   / / __ / __ \ / __ \ / __  /  / /   / / / // ___// //_/  / /
  / /_/ // /_/ // /_/ // /_/ /  / /___/ /_/ // /__ / /<    /_/
  \____/ \____/ \____/ \____/  /_____/\____/ \___//_/|_|  (_)
    
Version Information: 
	BasicSR: 1.2.0+2fb433e
	PyTorch: 2.3.1+cu118
	TorchVision: 0.18.1+cu118
2025-08-02 18:09:21,359 INFO: 
  name: MambaIR_Enhancement_Illumination_Guided
  model_type: ImageCleanModel
  scale: 1
  num_gpu: 8
  manual_seed: 100
  datasets:[
    train:[
      name: TrainSet
      type: Dataset_PairedImage
      dataroot_gt: /data/lgl/datasets/LowLight/LOL-v1/our485/high
      dataroot_lq: /data/lgl/datasets/LowLight/LOL-v1/our485/low
      geometric_augs: True
      filename_tmpl: {}
      io_backend:[
        type: disk
      ]
      use_shuffle: True
      num_worker_per_gpu: 0
      batch_size_per_gpu: 1
      mini_batch_sizes: [8, 5, 4, 2, 1, 1]
      iters: [92000, 64000, 48000, 36000, 36000, 24000]
      gt_size: 384
      gt_sizes: [128, 160, 192, 256, 320, 320]
      dataset_enlarge_ratio: 100
      prefetch_mode: None
      phase: train
      scale: 1
    ]
    val:[
      name: ValSet
      type: Dataset_PairedImage
      dataroot_gt: /data/lgl/datasets/LowLight/LOL-v1/eval15/high
      dataroot_lq: /data/lgl/datasets/LowLight/LOL-v1/eval15/low
      io_backend:[
        type: disk
      ]
      phase: val
      scale: 1
    ]
  ]
  network_g:[
    type: MambaIRv2_Illumination
    inp_channels: 3
    out_channels: 3
    dim: 48
    num_blocks: [4, 6, 6, 8]
    num_refinement_blocks: 4
    mlp_ratio: 1.5
    bias: False
    dual_pixel_task: False
  ]
  path:[
    pretrain_network_g: None
    strict_load_g: True
    resume_state: None
    root: /data/lgl/codes/MambaIR/realDenoising
    experiments_root: /data/lgl/codes/MambaIR/realDenoising/experiments/MambaIR_Enhancement_Illumination_Guided
    models: /data/lgl/codes/MambaIR/realDenoising/experiments/MambaIR_Enhancement_Illumination_Guided/models
    training_states: /data/lgl/codes/MambaIR/realDenoising/experiments/MambaIR_Enhancement_Illumination_Guided/training_states
    log: /data/lgl/codes/MambaIR/realDenoising/experiments/MambaIR_Enhancement_Illumination_Guided
    visualization: /data/lgl/codes/MambaIR/realDenoising/experiments/MambaIR_Enhancement_Illumination_Guided/visualization
  ]
  train:[
    total_iter: 300000
    warmup_iter: -1
    use_grad_clip: True
    scheduler:[
      type: CosineAnnealingRestartCyclicLR
      periods: [92000, 208000]
      restart_weights: [1, 1]
      eta_mins: [0.0003, 1e-06]
    ]
    mixing_augs:[
      mixup: True
      mixup_beta: 1.2
      use_identity: True
    ]
    optim_g:[
      type: AdamW
      lr: 0.0003
      weight_decay: 0.0001
      betas: [0.9, 0.999]
    ]
    pixel_opt:[
      type: L1Loss
      loss_weight: 1
      reduction: mean
    ]
  ]
  val:[
    window_size: 8
    val_freq: 4000.0
    save_img: False
    rgb2bgr: True
    use_image: False
    max_minibatch: 8
    metrics:[
      psnr:[
        type: calculate_psnr
        crop_border: 0
        test_y_channel: False
      ]
    ]
  ]
  logger:[
    print_freq: 1000
    save_checkpoint_freq: 4000.0
    use_tb_logger: True
    wandb:[
      project: None
      resume_id: None
    ]
  ]
  dist_params:[
    backend: nccl
    port: 29500
  ]
  is_train: True
  dist: True
  rank: 0
  world_size: 4

2025-08-02 18:09:21,609 INFO: Dataset Dataset_PairedImage - TrainSet is created.
2025-08-02 18:09:21,609 INFO: Training statistics:
	Number of train images: 485
	Dataset enlarge ratio: 100
	Batch size per gpu: 1
	World size (gpu number): 4
	Require iter number per epoch: 12125
	Total epochs: 25; iters: 300000.
2025-08-02 18:09:21,610 INFO: Dataset Dataset_PairedImage - ValSet is created.
2025-08-02 18:09:21,610 INFO: Number of val images/folders in ValSet: 15
2025-08-02 18:09:22,241 INFO: Network: DistributedDataParallel - MambaIRv2_Illumination, with parameters: 1,216,035
2025-08-02 18:09:22,241 INFO: MambaIRv2_Illumination(
  (conv_first): Conv2d(3, 48, kernel_size=(3, 3), stride=(1, 1), padding=(1, 1))
  (patch_embed): PatchEmbed(
    (norm): LayerNorm((48,), eps=1e-05, elementwise_affine=True)
  )
  (patch_unembed): PatchUnEmbed()
  (layers): ModuleList(
    (0-3): 4 x ASSB(
      (patch_embed): PatchEmbed()
      (patch_unembed): PatchUnEmbed()
      (residual_group): BasicBlock(
        dim=48, input_resolution=(64, 64), depth=6
        (layers): ModuleList(
          (0-5): 6 x AttentiveLayer(
            (softmax): Softmax(dim=-1)
            (lrelu): LeakyReLU(negative_slope=0.01)
            (sigmoid): Sigmoid()
            (norm1): LayerNorm((48,), eps=1e-05, elementwise_affine=True)
            (norm2): LayerNorm((48,), eps=1e-05, elementwise_affine=True)
            (norm3): LayerNorm((48,), eps=1e-05, elementwise_affine=True)
            (norm4): LayerNorm((48,), eps=1e-05, elementwise_affine=True)
            (wqkv): Linear(in_features=48, out_features=144, bias=True)
            (win_mhsa): WindowAttention(
              dim=48, window_size=(16, 16), num_heads=4, qkv_bias=True
              (proj): Linear(in_features=48, out_features=48, bias=True)
              (softmax): Softmax(dim=-1)
            )
            (assm): ASSM(
              (selectiveScan): Selective_Scan()
              (out_norm): LayerNorm((72,), eps=1e-05, elementwise_affine=True)
              (act): SiLU()
              (out_proj): Linear(in_features=72, out_features=48, bias=True)
              (in_proj): Sequential(
                (0): Conv2d(48, 72, kernel_size=(1, 1), stride=(1, 1))
              )
              (CPE): Sequential(
                (0): Conv2d(72, 72, kernel_size=(3, 3), stride=(1, 1), padding=(1, 1), groups=72)
              )
              (embeddingB): Embedding(64, 32)
              (route): Sequential(
                (0): Linear(in_features=49, out_features=16, bias=True)
                (1): GELU(approximate='none')
                (2): Linear(in_features=16, out_features=64, bias=True)
                (3): LogSoftmax(dim=-1)
              )
            )
            (convffn1): ConvFFN(
              (fc1): Linear(in_features=48, out_features=72, bias=True)
              (act): GELU(approximate='none')
              (dwconv): dwconv(
                (depthwise_conv): Sequential(
                  (0): Conv2d(72, 72, kernel_size=(5, 5), stride=(1, 1), padding=(2, 2), groups=72)
                  (1): GELU(approximate='none')
                )
              )
              (fc2): Linear(in_features=72, out_features=48, bias=True)
            )
            (convffn2): ConvFFN(
              (fc1): Linear(in_features=48, out_features=72, bias=True)
              (act): GELU(approximate='none')
              (dwconv): dwconv(
                (depthwise_conv): Sequential(
                  (0): Conv2d(72, 72, kernel_size=(5, 5), stride=(1, 1), padding=(2, 2), groups=72)
                  (1): GELU(approximate='none')
                )
              )
              (fc2): Linear(in_features=72, out_features=48, bias=True)
            )
            (embeddingA): Embedding(32, 8)
          )
        )
      )
      (conv): Conv2d(48, 48, kernel_size=(3, 3), stride=(1, 1), padding=(1, 1))
    )
  )
  (norm): LayerNorm((48,), eps=1e-05, elementwise_affine=True)
  (conv_after_body): Conv2d(48, 48, kernel_size=(3, 3), stride=(1, 1), padding=(1, 1))
  (conv_last): Conv2d(48, 3, kernel_size=(3, 3), stride=(1, 1), padding=(1, 1))
)
2025-08-02 18:09:22,249 INFO: Model [ImageCleanModel] is created.
2025-08-02 18:09:22,249 INFO: Start training from epoch: 0, iter: 0
2025-08-02 18:09:22,280 INFO: 
 Updating Patch_Size to 128 and Batch_Size to 32 

2025-08-02 18:15:17,200 INFO: [Mamba..][epoch:  0, iter:   1,000, lr:(3.000e-04,)] [eta: 1 day, 5:27:03, time (data): 0.352 (0.019)] l_pix: 8.1121e-02 
2025-08-02 18:21:19,965 INFO: [Mamba..][epoch:  0, iter:   2,000, lr:(3.000e-04,)] [eta: 1 day, 5:41:25, time (data): 0.369 (0.020)] l_pix: 6.7994e-02 
2025-08-02 18:27:26,332 INFO: [Mamba..][epoch:  0, iter:   3,000, lr:(3.000e-04,)] [eta: 1 day, 5:48:08, time (data): 0.366 (0.019)] l_pix: 1.0662e-01 
2025-08-02 18:33:33,857 INFO: [Mamba..][epoch:  0, iter:   4,000, lr:(3.000e-04,)] [eta: 1 day, 5:49:51, time (data): 0.363 (0.016)] l_pix: 1.6237e-01 
2025-08-02 18:33:33,857 INFO: Saving models and training states.
